<?xml version="1.0" encoding="UTF-8"?>
<testng-results skipped="16" failed="0" total="16" passed="0">
  <reporter-output>
    <line>
      <![CDATA[<div style="display:block;margin-left:10px;"></div>]]>
    </line>
    <line>
      <![CDATA[<div style="display:block;margin-left:10px;"></div>]]>
    </line>
    <line>
      <![CDATA[<div style="display:block;margin-left:10px;"></div>]]>
    </line>
    <line>
      <![CDATA[<div style="display:block;margin-left:10px;"></div>]]>
    </line>
    <line>
      <![CDATA[<div style="display:block;margin-left:10px;"></div>]]>
    </line>
    <line>
      <![CDATA[<div style="display:block;margin-left:10px;"></div>]]>
    </line>
    <line>
      <![CDATA[<div style="display:block;margin-left:10px;"></div>]]>
    </line>
    <line>
      <![CDATA[<div style="display:block;margin-left:10px;"></div>]]>
    </line>
    <line>
      <![CDATA[<div style="display:block;margin-left:10px;"></div>]]>
    </line>
    <line>
      <![CDATA[<div style="display:block;margin-left:10px;"></div>]]>
    </line>
    <line>
      <![CDATA[<div style="display:block;margin-left:10px;"></div>]]>
    </line>
    <line>
      <![CDATA[<div style="display:block;margin-left:10px;"></div>]]>
    </line>
    <line>
      <![CDATA[<div style="display:block;margin-left:10px;"></div>]]>
    </line>
    <line>
      <![CDATA[<div style="display:block;margin-left:10px;"></div>]]>
    </line>
    <line>
      <![CDATA[<div style="display:block;margin-left:10px;"></div>]]>
    </line>
    <line>
      <![CDATA[<div style="display:block;margin-left:10px;"></div>]]>
    </line>
  </reporter-output>
  <suite name="Web Demo Suite" duration-ms="544070" started-at="2017-03-31T07:14:51Z" finished-at="2017-03-31T07:23:55Z">
    <groups>
      <group name="@WebDDcsv">
        <method signature="src.main.resources.scenarios.webSearch.feature.Search Keyword CSV Data( java.util.Map)[pri:1004, instance:com.qmetry.qaf.automation.step.client.DataDrivenScenario@3ec]" name="Search Keyword CSV Data" class="com.qmetry.qaf.automation.step.client.DataDrivenScenario"/>
        <method signature="src.main.resources.scenarios.webSearch.feature.Search Keyword CSV Data( java.util.Map)[pri:1009, instance:com.qmetry.qaf.automation.step.client.DataDrivenScenario@3f1]" name="Search Keyword CSV Data" class="com.qmetry.qaf.automation.step.client.DataDrivenScenario"/>
      </group> <!-- @WebDDcsv -->
      <group name="@WebDDxml">
        <method signature="src.main.resources.scenarios.webSearch.feature.Search Keyword XML Data( java.util.Map)[pri:1003, instance:com.qmetry.qaf.automation.step.client.DataDrivenScenario@3eb]" name="Search Keyword XML Data" class="com.qmetry.qaf.automation.step.client.DataDrivenScenario"/>
        <method signature="src.main.resources.scenarios.webSearch.feature.Search Keyword XML Data( java.util.Map)[pri:1008, instance:com.qmetry.qaf.automation.step.client.DataDrivenScenario@3f0]" name="Search Keyword XML Data" class="com.qmetry.qaf.automation.step.client.DataDrivenScenario"/>
      </group> <!-- @WebDDxml -->
      <group name="@Web">
        <method signature="src.main.resources.scenarios.webSearch.feature.Search Keyword CSV Data( java.util.Map)[pri:1004, instance:com.qmetry.qaf.automation.step.client.DataDrivenScenario@3ec]" name="Search Keyword CSV Data" class="com.qmetry.qaf.automation.step.client.DataDrivenScenario"/>
        <method signature="src.main.resources.scenarios.webSearch.feature.Search Keyword Inline Data( java.util.Map)[pri:1002, instance:com.qmetry.qaf.automation.step.client.DataDrivenScenario@3ea]" name="Search Keyword Inline Data" class="com.qmetry.qaf.automation.step.client.DataDrivenScenario"/>
        <method signature="src.main.resources.scenarios.webSearch.feature.Search Keyword XML Data( java.util.Map)[pri:1003, instance:com.qmetry.qaf.automation.step.client.DataDrivenScenario@3eb]" name="Search Keyword XML Data" class="com.qmetry.qaf.automation.step.client.DataDrivenScenario"/>
        <method signature="src.main.resources.scenarios.webSearch.feature.Search Quantum with results()[pri:1001, instance:com.qmetry.qaf.automation.step.client.Scenario@3e9]" name="Search Quantum with results" class="com.qmetry.qaf.automation.step.client.Scenario"/>
        <method signature="src.main.resources.scenarios.webSearch.feature.Search Quantum()[pri:1000, instance:com.qmetry.qaf.automation.step.client.Scenario@3e8]" name="Search Quantum" class="com.qmetry.qaf.automation.step.client.Scenario"/>
        <method signature="src.main.resources.scenarios.webSearch.feature.Search Keyword CSV Data( java.util.Map)[pri:1009, instance:com.qmetry.qaf.automation.step.client.DataDrivenScenario@3f1]" name="Search Keyword CSV Data" class="com.qmetry.qaf.automation.step.client.DataDrivenScenario"/>
        <method signature="src.main.resources.scenarios.webSearch.feature.Search Keyword Inline Data( java.util.Map)[pri:1007, instance:com.qmetry.qaf.automation.step.client.DataDrivenScenario@3ef]" name="Search Keyword Inline Data" class="com.qmetry.qaf.automation.step.client.DataDrivenScenario"/>
        <method signature="src.main.resources.scenarios.webSearch.feature.Search Keyword XML Data( java.util.Map)[pri:1008, instance:com.qmetry.qaf.automation.step.client.DataDrivenScenario@3f0]" name="Search Keyword XML Data" class="com.qmetry.qaf.automation.step.client.DataDrivenScenario"/>
        <method signature="src.main.resources.scenarios.webSearch.feature.Search Quantum with results()[pri:1006, instance:com.qmetry.qaf.automation.step.client.Scenario@3ee]" name="Search Quantum with results" class="com.qmetry.qaf.automation.step.client.Scenario"/>
        <method signature="src.main.resources.scenarios.webSearch.feature.Search Quantum()[pri:1005, instance:com.qmetry.qaf.automation.step.client.Scenario@3ed]" name="Search Quantum" class="com.qmetry.qaf.automation.step.client.Scenario"/>
      </group> <!-- @Web -->
      <group name="@WebSearch">
        <method signature="src.main.resources.scenarios.webSearch.feature.Search Quantum()[pri:1000, instance:com.qmetry.qaf.automation.step.client.Scenario@3e8]" name="Search Quantum" class="com.qmetry.qaf.automation.step.client.Scenario"/>
        <method signature="src.main.resources.scenarios.webSearch.feature.Search Quantum()[pri:1005, instance:com.qmetry.qaf.automation.step.client.Scenario@3ed]" name="Search Quantum" class="com.qmetry.qaf.automation.step.client.Scenario"/>
      </group> <!-- @WebSearch -->
      <group name="@WebDD">
        <method signature="src.main.resources.scenarios.webSearch.feature.Search Keyword Inline Data( java.util.Map)[pri:1002, instance:com.qmetry.qaf.automation.step.client.DataDrivenScenario@3ea]" name="Search Keyword Inline Data" class="com.qmetry.qaf.automation.step.client.DataDrivenScenario"/>
        <method signature="src.main.resources.scenarios.webSearch.feature.Search Keyword Inline Data( java.util.Map)[pri:1007, instance:com.qmetry.qaf.automation.step.client.DataDrivenScenario@3ef]" name="Search Keyword Inline Data" class="com.qmetry.qaf.automation.step.client.DataDrivenScenario"/>
      </group> <!-- @WebDD -->
      <group name="@WebResultsList">
        <method signature="src.main.resources.scenarios.webSearch.feature.Search Quantum with results()[pri:1001, instance:com.qmetry.qaf.automation.step.client.Scenario@3e9]" name="Search Quantum with results" class="com.qmetry.qaf.automation.step.client.Scenario"/>
        <method signature="src.main.resources.scenarios.webSearch.feature.Search Quantum with results()[pri:1006, instance:com.qmetry.qaf.automation.step.client.Scenario@3ee]" name="Search Quantum with results" class="com.qmetry.qaf.automation.step.client.Scenario"/>
      </group> <!-- @WebResultsList -->
    </groups>
    <test name="Web Scenarios Android Test" duration-ms="502421" started-at="2017-03-31T07:14:51Z" finished-at="2017-03-31T07:23:13Z">
      <class name="com.qmetry.qaf.automation.step.client.Scenario">
        <test-method status="PASS" signature="setupTest(org.testng.ITestContext)[pri:0, instance:com.qmetry.qaf.automation.step.client.Scenario@3e9]" test-instance-name="Search Quantum" name="setupTest" is-config="true" duration-ms="3" started-at="2017-03-31T12:44:51Z" finished-at="2017-03-31T12:44:51Z">
          <params>
            <param index="0">
              <value>
                <![CDATA[org.testng.TestRunner@7bc5649]]>
              </value>
            </param>
          </params>
          <reporter-output>
          </reporter-output>
        </test-method> <!-- setupTest -->
        <test-method status="PASS" signature="setup(org.testng.ITestContext)[pri:0, instance:com.qmetry.qaf.automation.step.client.Scenario@3e9]" test-instance-name="Search Quantum" name="setup" is-config="true" duration-ms="1" started-at="2017-03-31T12:44:51Z" finished-at="2017-03-31T12:44:51Z">
          <params>
            <param index="0">
              <value>
                <![CDATA[org.testng.TestRunner@7bc5649]]>
              </value>
            </param>
          </params>
          <reporter-output>
          </reporter-output>
        </test-method> <!-- setup -->
        <test-method status="SKIP" signature="Search Quantum()[pri:1000, instance:com.qmetry.qaf.automation.step.client.Scenario@3e8]" test-instance-name="Search Quantum" name="Search Quantum" duration-ms="64004" started-at="2017-03-31T12:44:51Z" finished-at="2017-03-31T12:45:55Z">
          <exception class="com.qmetry.qaf.automation.core.AutomationError">
            <message>
              <![CDATA[Timed out after 60 seconds: Unable to create driver instance in 7th attempt with retry timeout of 60 seconds. You can check/set value of 'driver.init.retry.timeout' appropriately to set retry timeout on driver initialization failure.
Failed to start execution - Access denied - bad credentials
Command duration or timeout: 267 milliseconds
Build info: version: '2.53.1', revision: 'a36b8b1cd5757287168e54b817830adce9b0158d', time: '2016-06-30 19:26:09'
System info: host: 'ICPL11541', ip: '10.11.31.182', os.name: 'Windows 8', os.arch: 'amd64', os.version: '6.2', java.version: '1.8.0_111'
Driver info: com.qmetry.qaf.automation.ui.webdriver.QAFExtendedWebDriver]]>
            </message>
            <full-stacktrace>
              <![CDATA[com.qmetry.qaf.automation.core.AutomationError: Timed out after 60 seconds: Unable to create driver instance in 7th attempt with retry timeout of 60 seconds. You can check/set value of 'driver.init.retry.timeout' appropriately to set retry timeout on driver initialization failure.
Failed to start execution - Access denied - bad credentials
Command duration or timeout: 267 milliseconds
Build info: version: '2.53.1', revision: 'a36b8b1cd5757287168e54b817830adce9b0158d', time: '2016-06-30 19:26:09'
System info: host: 'ICPL11541', ip: '10.11.31.182', os.name: 'Windows 8', os.arch: 'amd64', os.version: '6.2', java.version: '1.8.0_111'
Driver info: com.qmetry.qaf.automation.ui.webdriver.QAFExtendedWebDriver
	at sun.reflect.NativeConstructorAccessorImpl.newInstance0(Native Method)
	at sun.reflect.NativeConstructorAccessorImpl.newInstance(Unknown Source)
	at sun.reflect.DelegatingConstructorAccessorImpl.newInstance(Unknown Source)
	at java.lang.reflect.Constructor.newInstance(Unknown Source)
	at org.openqa.selenium.remote.ErrorHandler.createThrowable(ErrorHandler.java:206)
	at org.openqa.selenium.remote.ErrorHandler.throwIfResponseFailed(ErrorHandler.java:158)
	at org.openqa.selenium.remote.RemoteWebDriver.execute(RemoteWebDriver.java:678)
	at com.qmetry.qaf.automation.ui.webdriver.QAFExtendedWebDriver.execute(QAFExtendedWebDriver.java:234)
	at org.openqa.selenium.remote.RemoteWebDriver.startSession(RemoteWebDriver.java:249)
	at org.openqa.selenium.remote.RemoteWebDriver.<init>(RemoteWebDriver.java:131)
	at org.openqa.selenium.remote.RemoteWebDriver.<init>(RemoteWebDriver.java:158)
	at com.qmetry.qaf.automation.ui.webdriver.QAFExtendedWebDriver.<init>(QAFExtendedWebDriver.java:93)
	at com.qmetry.qaf.automation.ui.UiDriverFactory$Browsers.getDriver(UiDriverFactory.java:441)
	at com.qmetry.qaf.automation.ui.UiDriverFactory$Browsers.access$3(UiDriverFactory.java:420)
	at com.qmetry.qaf.automation.ui.UiDriverFactory.getDriver(UiDriverFactory.java:233)
	at com.qmetry.qaf.automation.ui.UiDriverFactory.get(UiDriverFactory.java:94)
	at com.qmetry.qaf.automation.core.QAFTestBase$DriverInitExpectedCondition.apply(QAFTestBase.java:487)
	at com.qmetry.qaf.automation.core.QAFTestBase$DriverInitExpectedCondition.apply(QAFTestBase.java:1)
	at org.openqa.selenium.support.ui.FluentWait.until(FluentWait.java:238)
	at com.qmetry.qaf.automation.core.QAFTestBase.init(QAFTestBase.java:389)
	at com.qmetry.qaf.automation.core.QAFTestBase.getUiDriver(QAFTestBase.java:177)
	at com.qmetry.qaf.automation.ui.WebDriverTestBase.getDriver(WebDriverTestBase.java:47)
	at com.qmetry.qaf.automation.ui.WebDriverTestBase.getDriver(WebDriverTestBase.java:1)
	at com.qmetry.qaf.automation.ui.AbstractTestCase.getDriver(AbstractTestCase.java:78)
	at com.quantum.listerners.QuantumReportiumListener.createReportiumClient(QuantumReportiumListener.java:198)
	at com.quantum.listerners.QuantumReportiumListener.onTestStart(QuantumReportiumListener.java:76)
	at org.testng.internal.Invoker.runTestListeners(Invoker.java:1700)
	at org.testng.internal.Invoker.runTestListeners(Invoker.java:1675)
	at org.testng.internal.Invoker.invokeMethod(Invoker.java:619)
	at org.testng.internal.Invoker.invokeTestMethod(Invoker.java:820)
	at org.testng.internal.Invoker.invokeTestMethods(Invoker.java:1128)
	at org.testng.internal.TestMethodWorker.invokeTestMethods(TestMethodWorker.java:129)
	at org.testng.internal.TestMethodWorker.run(TestMethodWorker.java:112)
	at org.testng.TestRunner.privateRun(TestRunner.java:806)
	at org.testng.TestRunner.run(TestRunner.java:656)
	at org.testng.SuiteRunner.runTest(SuiteRunner.java:366)
	at org.testng.SuiteRunner.access$000(SuiteRunner.java:39)
	at org.testng.SuiteRunner$SuiteWorker.run(SuiteRunner.java:400)
	at org.testng.internal.thread.ThreadUtil$2.call(ThreadUtil.java:64)
	at java.util.concurrent.FutureTask.run(Unknown Source)
	at java.util.concurrent.ThreadPoolExecutor.runWorker(Unknown Source)
	at java.util.concurrent.ThreadPoolExecutor$Worker.run(Unknown Source)
	at java.lang.Thread.run(Unknown Source)
]]>
            </full-stacktrace>
          </exception> <!-- com.qmetry.qaf.automation.core.AutomationError -->
          <reporter-output>
            <line>
              <![CDATA[<div style="display:block;margin-left:10px;"></div>]]>
            </line>
          </reporter-output>
        </test-method> <!-- Search Quantum -->
        <test-method status="PASS" signature="setupMethod(java.lang.reflect.Method, org.testng.ITestContext)[pri:0, instance:com.qmetry.qaf.automation.step.client.Scenario@3e9]" test-instance-name="Search Quantum" name="setupMethod" is-config="true" duration-ms="0" started-at="2017-03-31T12:44:51Z" finished-at="2017-03-31T12:44:51Z">
          <params>
            <param index="0">
              <value>
                <![CDATA[public void com.qmetry.qaf.automation.step.client.Scenario.scenario()]]>
              </value>
            </param>
            <param index="1">
              <value>
                <![CDATA[org.testng.TestRunner@7bc5649]]>
              </value>
            </param>
          </params>
          <reporter-output>
          </reporter-output>
        </test-method> <!-- setupMethod -->
        <test-method status="PASS" signature="afterClass(org.testng.ITestContext)[pri:0, instance:com.qmetry.qaf.automation.step.client.Scenario@3e9]" test-instance-name="Search Quantum" name="afterClass" is-config="true" duration-ms="0" started-at="2017-03-31T12:45:55Z" finished-at="2017-03-31T12:45:55Z">
          <params>
            <param index="0">
              <value>
                <![CDATA[org.testng.TestRunner@7bc5649]]>
              </value>
            </param>
          </params>
          <reporter-output>
          </reporter-output>
        </test-method> <!-- afterClass -->
        <test-method status="SKIP" signature="Search Quantum with results()[pri:1001, instance:com.qmetry.qaf.automation.step.client.Scenario@3e9]" test-instance-name="Search Quantum with results" name="Search Quantum with results" duration-ms="62758" started-at="2017-03-31T12:45:55Z" finished-at="2017-03-31T12:46:58Z">
          <exception class="com.qmetry.qaf.automation.core.AutomationError">
            <message>
              <![CDATA[Timed out after 60 seconds: Unable to create driver instance in 7th attempt with retry timeout of 60 seconds. You can check/set value of 'driver.init.retry.timeout' appropriately to set retry timeout on driver initialization failure.
Failed to start execution - Access denied - bad credentials
Command duration or timeout: 251 milliseconds
Build info: version: '2.53.1', revision: 'a36b8b1cd5757287168e54b817830adce9b0158d', time: '2016-06-30 19:26:09'
System info: host: 'ICPL11541', ip: '10.11.31.182', os.name: 'Windows 8', os.arch: 'amd64', os.version: '6.2', java.version: '1.8.0_111'
Driver info: com.qmetry.qaf.automation.ui.webdriver.QAFExtendedWebDriver]]>
            </message>
            <full-stacktrace>
              <![CDATA[com.qmetry.qaf.automation.core.AutomationError: Timed out after 60 seconds: Unable to create driver instance in 7th attempt with retry timeout of 60 seconds. You can check/set value of 'driver.init.retry.timeout' appropriately to set retry timeout on driver initialization failure.
Failed to start execution - Access denied - bad credentials
Command duration or timeout: 251 milliseconds
Build info: version: '2.53.1', revision: 'a36b8b1cd5757287168e54b817830adce9b0158d', time: '2016-06-30 19:26:09'
System info: host: 'ICPL11541', ip: '10.11.31.182', os.name: 'Windows 8', os.arch: 'amd64', os.version: '6.2', java.version: '1.8.0_111'
Driver info: com.qmetry.qaf.automation.ui.webdriver.QAFExtendedWebDriver
	at sun.reflect.GeneratedConstructorAccessor15.newInstance(Unknown Source)
	at sun.reflect.DelegatingConstructorAccessorImpl.newInstance(Unknown Source)
	at java.lang.reflect.Constructor.newInstance(Unknown Source)
	at org.openqa.selenium.remote.ErrorHandler.createThrowable(ErrorHandler.java:206)
	at org.openqa.selenium.remote.ErrorHandler.throwIfResponseFailed(ErrorHandler.java:158)
	at org.openqa.selenium.remote.RemoteWebDriver.execute(RemoteWebDriver.java:678)
	at com.qmetry.qaf.automation.ui.webdriver.QAFExtendedWebDriver.execute(QAFExtendedWebDriver.java:234)
	at org.openqa.selenium.remote.RemoteWebDriver.startSession(RemoteWebDriver.java:249)
	at org.openqa.selenium.remote.RemoteWebDriver.<init>(RemoteWebDriver.java:131)
	at org.openqa.selenium.remote.RemoteWebDriver.<init>(RemoteWebDriver.java:158)
	at com.qmetry.qaf.automation.ui.webdriver.QAFExtendedWebDriver.<init>(QAFExtendedWebDriver.java:93)
	at com.qmetry.qaf.automation.ui.UiDriverFactory$Browsers.getDriver(UiDriverFactory.java:441)
	at com.qmetry.qaf.automation.ui.UiDriverFactory$Browsers.access$3(UiDriverFactory.java:420)
	at com.qmetry.qaf.automation.ui.UiDriverFactory.getDriver(UiDriverFactory.java:233)
	at com.qmetry.qaf.automation.ui.UiDriverFactory.get(UiDriverFactory.java:94)
	at com.qmetry.qaf.automation.core.QAFTestBase$DriverInitExpectedCondition.apply(QAFTestBase.java:487)
	at com.qmetry.qaf.automation.core.QAFTestBase$DriverInitExpectedCondition.apply(QAFTestBase.java:1)
	at org.openqa.selenium.support.ui.FluentWait.until(FluentWait.java:238)
	at com.qmetry.qaf.automation.core.QAFTestBase.init(QAFTestBase.java:389)
	at com.qmetry.qaf.automation.core.QAFTestBase.getUiDriver(QAFTestBase.java:177)
	at com.qmetry.qaf.automation.ui.WebDriverTestBase.getDriver(WebDriverTestBase.java:47)
	at com.qmetry.qaf.automation.ui.WebDriverTestBase.getDriver(WebDriverTestBase.java:1)
	at com.qmetry.qaf.automation.ui.AbstractTestCase.getDriver(AbstractTestCase.java:78)
	at com.quantum.listerners.QuantumReportiumListener.createReportiumClient(QuantumReportiumListener.java:198)
	at com.quantum.listerners.QuantumReportiumListener.onTestStart(QuantumReportiumListener.java:76)
	at org.testng.internal.Invoker.runTestListeners(Invoker.java:1700)
	at org.testng.internal.Invoker.runTestListeners(Invoker.java:1675)
	at org.testng.internal.Invoker.invokeMethod(Invoker.java:619)
	at org.testng.internal.Invoker.invokeTestMethod(Invoker.java:820)
	at org.testng.internal.Invoker.invokeTestMethods(Invoker.java:1128)
	at org.testng.internal.TestMethodWorker.invokeTestMethods(TestMethodWorker.java:129)
	at org.testng.internal.TestMethodWorker.run(TestMethodWorker.java:112)
	at org.testng.TestRunner.privateRun(TestRunner.java:806)
	at org.testng.TestRunner.run(TestRunner.java:656)
	at org.testng.SuiteRunner.runTest(SuiteRunner.java:366)
	at org.testng.SuiteRunner.access$000(SuiteRunner.java:39)
	at org.testng.SuiteRunner$SuiteWorker.run(SuiteRunner.java:400)
	at org.testng.internal.thread.ThreadUtil$2.call(ThreadUtil.java:64)
	at java.util.concurrent.FutureTask.run(Unknown Source)
	at java.util.concurrent.ThreadPoolExecutor.runWorker(Unknown Source)
	at java.util.concurrent.ThreadPoolExecutor$Worker.run(Unknown Source)
	at java.lang.Thread.run(Unknown Source)
]]>
            </full-stacktrace>
          </exception> <!-- com.qmetry.qaf.automation.core.AutomationError -->
          <reporter-output>
            <line>
              <![CDATA[<div style="display:block;margin-left:10px;"></div>]]>
            </line>
          </reporter-output>
        </test-method> <!-- Search Quantum with results -->
        <test-method status="PASS" signature="afterMethod(org.testng.ITestContext, org.testng.ITestResult)[pri:0, instance:com.qmetry.qaf.automation.step.client.Scenario@3e9]" test-instance-name="Search Quantum" name="afterMethod" is-config="true" duration-ms="0" started-at="2017-03-31T12:45:55Z" finished-at="2017-03-31T12:45:55Z">
          <params>
            <param index="0">
              <value>
                <![CDATA[org.testng.TestRunner@7bc5649]]>
              </value>
            </param>
            <param index="1">
              <value>
                <![CDATA[[TestResult name=Search Quantum status=SKIP method=src.main.resources.scenarios.webSearch.feature.Search Quantum()[pri:1000, instance:com.qmetry.qaf.automation.step.client.Scenario@3e8] output=<div style="display:block;margin-left:10px;"></div>]]]>
              </value>
            </param>
          </params>
          <reporter-output>
          </reporter-output>
        </test-method> <!-- afterMethod -->
        <test-method status="PASS" signature="setup(org.testng.ITestContext)[pri:0, instance:com.qmetry.qaf.automation.step.client.Scenario@3e9]" test-instance-name="Search Quantum with results" name="setup" is-config="true" duration-ms="0" started-at="2017-03-31T12:45:55Z" finished-at="2017-03-31T12:45:55Z">
          <params>
            <param index="0">
              <value>
                <![CDATA[org.testng.TestRunner@7bc5649]]>
              </value>
            </param>
          </params>
          <reporter-output>
          </reporter-output>
        </test-method> <!-- setup -->
        <test-method status="PASS" signature="setupMethod(java.lang.reflect.Method, org.testng.ITestContext)[pri:0, instance:com.qmetry.qaf.automation.step.client.Scenario@3e9]" test-instance-name="Search Quantum with results" name="setupMethod" is-config="true" duration-ms="0" started-at="2017-03-31T12:45:55Z" finished-at="2017-03-31T12:45:55Z">
          <params>
            <param index="0">
              <value>
                <![CDATA[public void com.qmetry.qaf.automation.step.client.Scenario.scenario()]]>
              </value>
            </param>
            <param index="1">
              <value>
                <![CDATA[org.testng.TestRunner@7bc5649]]>
              </value>
            </param>
          </params>
          <reporter-output>
          </reporter-output>
        </test-method> <!-- setupMethod -->
        <test-method status="PASS" signature="afterMethod(org.testng.ITestContext, org.testng.ITestResult)[pri:0, instance:com.qmetry.qaf.automation.step.client.Scenario@3e9]" test-instance-name="Search Quantum with results" name="afterMethod" is-config="true" duration-ms="16" started-at="2017-03-31T12:46:58Z" finished-at="2017-03-31T12:46:58Z">
          <params>
            <param index="0">
              <value>
                <![CDATA[org.testng.TestRunner@7bc5649]]>
              </value>
            </param>
            <param index="1">
              <value>
                <![CDATA[[TestResult name=Search Quantum with results status=SKIP method=src.main.resources.scenarios.webSearch.feature.Search Quantum with results()[pri:1001, instance:com.qmetry.qaf.automation.step.client.Scenario@3e9] output=<div style="display:block;margin-left:10px;"></div>]]]>
              </value>
            </param>
          </params>
          <reporter-output>
          </reporter-output>
        </test-method> <!-- afterMethod -->
        <test-method status="PASS" signature="afterClass(org.testng.ITestContext)[pri:0, instance:com.qmetry.qaf.automation.step.client.Scenario@3e9]" test-instance-name="Search Quantum with results" name="afterClass" is-config="true" duration-ms="0" started-at="2017-03-31T12:46:58Z" finished-at="2017-03-31T12:46:58Z">
          <params>
            <param index="0">
              <value>
                <![CDATA[org.testng.TestRunner@7bc5649]]>
              </value>
            </param>
          </params>
          <reporter-output>
          </reporter-output>
        </test-method> <!-- afterClass -->
        <test-method status="PASS" signature="afterTest(org.testng.ITestContext)[pri:0, instance:com.qmetry.qaf.automation.step.client.Scenario@3e9]" test-instance-name="Search Quantum" name="afterTest" is-config="true" duration-ms="1" started-at="2017-03-31T12:53:13Z" finished-at="2017-03-31T12:53:13Z">
          <params>
            <param index="0">
              <value>
                <![CDATA[org.testng.TestRunner@7bc5649]]>
              </value>
            </param>
          </params>
          <reporter-output>
          </reporter-output>
        </test-method> <!-- afterTest -->
      </class> <!-- com.qmetry.qaf.automation.step.client.Scenario -->
      <class name="com.qmetry.qaf.automation.step.client.DataDrivenScenario">
        <test-method status="PASS" signature="setupMethod(java.lang.reflect.Method, org.testng.ITestContext)[pri:0, instance:com.qmetry.qaf.automation.step.client.DataDrivenScenario@3ec]" test-instance-name="Search Keyword Inline Data" name="setupMethod" is-config="true" duration-ms="0" started-at="2017-03-31T12:46:58Z" finished-at="2017-03-31T12:46:58Z">
          <params>
            <param index="0">
              <value>
                <![CDATA[public void com.qmetry.qaf.automation.step.client.DataDrivenScenario.scenario(java.util.Map)]]>
              </value>
            </param>
            <param index="1">
              <value>
                <![CDATA[org.testng.TestRunner@7bc5649]]>
              </value>
            </param>
          </params>
          <reporter-output>
          </reporter-output>
        </test-method> <!-- setupMethod -->
        <test-method status="SKIP" signature="Search Keyword Inline Data( java.util.Map)[pri:1002, instance:com.qmetry.qaf.automation.step.client.DataDrivenScenario@3ea]" test-instance-name="Search Keyword Inline Data" name="Search Keyword Inline Data" duration-ms="61156" started-at="2017-03-31T12:46:58Z" data-provider="scenariodp" finished-at="2017-03-31T12:47:59Z">
          <params>
            <param index="0">
              <value>
                <![CDATA[{searchResult=Introducing Quantum Framework, searchKey=quantum perfecto, recId=1}]]>
              </value>
            </param>
          </params>
          <exception class="com.qmetry.qaf.automation.core.AutomationError">
            <message>
              <![CDATA[Timed out after 60 seconds: Unable to create driver instance in 6th attempt with retry timeout of 60 seconds. You can check/set value of 'driver.init.retry.timeout' appropriately to set retry timeout on driver initialization failure.
Failed to start execution - Access denied - bad credentials
Command duration or timeout: 251 milliseconds
Build info: version: '2.53.1', revision: 'a36b8b1cd5757287168e54b817830adce9b0158d', time: '2016-06-30 19:26:09'
System info: host: 'ICPL11541', ip: '10.11.31.182', os.name: 'Windows 8', os.arch: 'amd64', os.version: '6.2', java.version: '1.8.0_111'
Driver info: com.qmetry.qaf.automation.ui.webdriver.QAFExtendedWebDriver]]>
            </message>
            <full-stacktrace>
              <![CDATA[com.qmetry.qaf.automation.core.AutomationError: Timed out after 60 seconds: Unable to create driver instance in 6th attempt with retry timeout of 60 seconds. You can check/set value of 'driver.init.retry.timeout' appropriately to set retry timeout on driver initialization failure.
Failed to start execution - Access denied - bad credentials
Command duration or timeout: 251 milliseconds
Build info: version: '2.53.1', revision: 'a36b8b1cd5757287168e54b817830adce9b0158d', time: '2016-06-30 19:26:09'
System info: host: 'ICPL11541', ip: '10.11.31.182', os.name: 'Windows 8', os.arch: 'amd64', os.version: '6.2', java.version: '1.8.0_111'
Driver info: com.qmetry.qaf.automation.ui.webdriver.QAFExtendedWebDriver
	at sun.reflect.GeneratedConstructorAccessor15.newInstance(Unknown Source)
	at sun.reflect.DelegatingConstructorAccessorImpl.newInstance(Unknown Source)
	at java.lang.reflect.Constructor.newInstance(Unknown Source)
	at org.openqa.selenium.remote.ErrorHandler.createThrowable(ErrorHandler.java:206)
	at org.openqa.selenium.remote.ErrorHandler.throwIfResponseFailed(ErrorHandler.java:158)
	at org.openqa.selenium.remote.RemoteWebDriver.execute(RemoteWebDriver.java:678)
	at com.qmetry.qaf.automation.ui.webdriver.QAFExtendedWebDriver.execute(QAFExtendedWebDriver.java:234)
	at org.openqa.selenium.remote.RemoteWebDriver.startSession(RemoteWebDriver.java:249)
	at org.openqa.selenium.remote.RemoteWebDriver.<init>(RemoteWebDriver.java:131)
	at org.openqa.selenium.remote.RemoteWebDriver.<init>(RemoteWebDriver.java:158)
	at com.qmetry.qaf.automation.ui.webdriver.QAFExtendedWebDriver.<init>(QAFExtendedWebDriver.java:93)
	at com.qmetry.qaf.automation.ui.UiDriverFactory$Browsers.getDriver(UiDriverFactory.java:441)
	at com.qmetry.qaf.automation.ui.UiDriverFactory$Browsers.access$3(UiDriverFactory.java:420)
	at com.qmetry.qaf.automation.ui.UiDriverFactory.getDriver(UiDriverFactory.java:233)
	at com.qmetry.qaf.automation.ui.UiDriverFactory.get(UiDriverFactory.java:94)
	at com.qmetry.qaf.automation.core.QAFTestBase$DriverInitExpectedCondition.apply(QAFTestBase.java:487)
	at com.qmetry.qaf.automation.core.QAFTestBase$DriverInitExpectedCondition.apply(QAFTestBase.java:1)
	at org.openqa.selenium.support.ui.FluentWait.until(FluentWait.java:238)
	at com.qmetry.qaf.automation.core.QAFTestBase.init(QAFTestBase.java:389)
	at com.qmetry.qaf.automation.core.QAFTestBase.getUiDriver(QAFTestBase.java:177)
	at com.qmetry.qaf.automation.ui.WebDriverTestBase.getDriver(WebDriverTestBase.java:47)
	at com.qmetry.qaf.automation.ui.WebDriverTestBase.getDriver(WebDriverTestBase.java:1)
	at com.qmetry.qaf.automation.ui.AbstractTestCase.getDriver(AbstractTestCase.java:78)
	at com.quantum.listerners.QuantumReportiumListener.createReportiumClient(QuantumReportiumListener.java:198)
	at com.quantum.listerners.QuantumReportiumListener.onTestStart(QuantumReportiumListener.java:76)
	at org.testng.internal.Invoker.runTestListeners(Invoker.java:1700)
	at org.testng.internal.Invoker.runTestListeners(Invoker.java:1675)
	at org.testng.internal.Invoker.invokeMethod(Invoker.java:619)
	at org.testng.internal.Invoker.invokeTestMethod(Invoker.java:820)
	at org.testng.internal.Invoker.invokeTestMethods(Invoker.java:1128)
	at org.testng.internal.TestMethodWorker.invokeTestMethods(TestMethodWorker.java:129)
	at org.testng.internal.TestMethodWorker.run(TestMethodWorker.java:112)
	at org.testng.TestRunner.privateRun(TestRunner.java:806)
	at org.testng.TestRunner.run(TestRunner.java:656)
	at org.testng.SuiteRunner.runTest(SuiteRunner.java:366)
	at org.testng.SuiteRunner.access$000(SuiteRunner.java:39)
	at org.testng.SuiteRunner$SuiteWorker.run(SuiteRunner.java:400)
	at org.testng.internal.thread.ThreadUtil$2.call(ThreadUtil.java:64)
	at java.util.concurrent.FutureTask.run(Unknown Source)
	at java.util.concurrent.ThreadPoolExecutor.runWorker(Unknown Source)
	at java.util.concurrent.ThreadPoolExecutor$Worker.run(Unknown Source)
	at java.lang.Thread.run(Unknown Source)
]]>
            </full-stacktrace>
          </exception> <!-- com.qmetry.qaf.automation.core.AutomationError -->
          <reporter-output>
            <line>
              <![CDATA[<div style="display:block;margin-left:10px;"></div>]]>
            </line>
          </reporter-output>
        </test-method> <!-- Search Keyword Inline Data -->
        <test-method status="PASS" signature="setup(org.testng.ITestContext)[pri:0, instance:com.qmetry.qaf.automation.step.client.DataDrivenScenario@3ec]" test-instance-name="Search Keyword Inline Data" name="setup" is-config="true" duration-ms="0" started-at="2017-03-31T12:46:58Z" finished-at="2017-03-31T12:46:58Z">
          <params>
            <param index="0">
              <value>
                <![CDATA[org.testng.TestRunner@7bc5649]]>
              </value>
            </param>
          </params>
          <reporter-output>
          </reporter-output>
        </test-method> <!-- setup -->
        <test-method status="PASS" signature="afterMethod(org.testng.ITestContext, org.testng.ITestResult)[pri:0, instance:com.qmetry.qaf.automation.step.client.DataDrivenScenario@3ec]" test-instance-name="Search Keyword Inline Data" name="afterMethod" is-config="true" duration-ms="0" started-at="2017-03-31T12:47:59Z" finished-at="2017-03-31T12:47:59Z">
          <params>
            <param index="0">
              <value>
                <![CDATA[org.testng.TestRunner@7bc5649]]>
              </value>
            </param>
            <param index="1">
              <value>
                <![CDATA[[TestResult name=Search Keyword Inline Data status=SKIP method=src.main.resources.scenarios.webSearch.feature.Search Keyword Inline Data( java.util.Map)[pri:1002, instance:com.qmetry.qaf.automation.step.client.DataDrivenScenario@3ea] output=<div style="display:block;margin-left:10px;"></div>]]]>
              </value>
            </param>
          </params>
          <reporter-output>
          </reporter-output>
        </test-method> <!-- afterMethod -->
        <test-method status="PASS" signature="setupMethod(java.lang.reflect.Method, org.testng.ITestContext)[pri:0, instance:com.qmetry.qaf.automation.step.client.DataDrivenScenario@3ec]" test-instance-name="Search Keyword Inline Data" name="setupMethod" is-config="true" duration-ms="0" started-at="2017-03-31T12:47:59Z" finished-at="2017-03-31T12:47:59Z">
          <params>
            <param index="0">
              <value>
                <![CDATA[public void com.qmetry.qaf.automation.step.client.DataDrivenScenario.scenario(java.util.Map)]]>
              </value>
            </param>
            <param index="1">
              <value>
                <![CDATA[org.testng.TestRunner@7bc5649]]>
              </value>
            </param>
          </params>
          <reporter-output>
          </reporter-output>
        </test-method> <!-- setupMethod -->
        <test-method status="SKIP" signature="Search Keyword Inline Data( java.util.Map)[pri:1002, instance:com.qmetry.qaf.automation.step.client.DataDrivenScenario@3ea]" test-instance-name="Search Keyword Inline Data" name="Search Keyword Inline Data" duration-ms="61803" started-at="2017-03-31T12:47:59Z" data-provider="scenariodp" finished-at="2017-03-31T12:49:01Z">
          <params>
            <param index="0">
              <value>
                <![CDATA[{searchResult=GitHub, searchKey=Project-Quantum Quantum-Starter-Kit, recId=2}]]>
              </value>
            </param>
          </params>
          <exception class="com.qmetry.qaf.automation.core.AutomationError">
            <message>
              <![CDATA[Timed out after 60 seconds: Unable to create driver instance in 7th attempt with retry timeout of 60 seconds. You can check/set value of 'driver.init.retry.timeout' appropriately to set retry timeout on driver initialization failure.
Failed to start execution - Access denied - bad credentials
Command duration or timeout: 251 milliseconds
Build info: version: '2.53.1', revision: 'a36b8b1cd5757287168e54b817830adce9b0158d', time: '2016-06-30 19:26:09'
System info: host: 'ICPL11541', ip: '10.11.31.182', os.name: 'Windows 8', os.arch: 'amd64', os.version: '6.2', java.version: '1.8.0_111'
Driver info: com.qmetry.qaf.automation.ui.webdriver.QAFExtendedWebDriver]]>
            </message>
            <full-stacktrace>
              <![CDATA[com.qmetry.qaf.automation.core.AutomationError: Timed out after 60 seconds: Unable to create driver instance in 7th attempt with retry timeout of 60 seconds. You can check/set value of 'driver.init.retry.timeout' appropriately to set retry timeout on driver initialization failure.
Failed to start execution - Access denied - bad credentials
Command duration or timeout: 251 milliseconds
Build info: version: '2.53.1', revision: 'a36b8b1cd5757287168e54b817830adce9b0158d', time: '2016-06-30 19:26:09'
System info: host: 'ICPL11541', ip: '10.11.31.182', os.name: 'Windows 8', os.arch: 'amd64', os.version: '6.2', java.version: '1.8.0_111'
Driver info: com.qmetry.qaf.automation.ui.webdriver.QAFExtendedWebDriver
	at sun.reflect.GeneratedConstructorAccessor15.newInstance(Unknown Source)
	at sun.reflect.DelegatingConstructorAccessorImpl.newInstance(Unknown Source)
	at java.lang.reflect.Constructor.newInstance(Unknown Source)
	at org.openqa.selenium.remote.ErrorHandler.createThrowable(ErrorHandler.java:206)
	at org.openqa.selenium.remote.ErrorHandler.throwIfResponseFailed(ErrorHandler.java:158)
	at org.openqa.selenium.remote.RemoteWebDriver.execute(RemoteWebDriver.java:678)
	at com.qmetry.qaf.automation.ui.webdriver.QAFExtendedWebDriver.execute(QAFExtendedWebDriver.java:234)
	at org.openqa.selenium.remote.RemoteWebDriver.startSession(RemoteWebDriver.java:249)
	at org.openqa.selenium.remote.RemoteWebDriver.<init>(RemoteWebDriver.java:131)
	at org.openqa.selenium.remote.RemoteWebDriver.<init>(RemoteWebDriver.java:158)
	at com.qmetry.qaf.automation.ui.webdriver.QAFExtendedWebDriver.<init>(QAFExtendedWebDriver.java:93)
	at com.qmetry.qaf.automation.ui.UiDriverFactory$Browsers.getDriver(UiDriverFactory.java:441)
	at com.qmetry.qaf.automation.ui.UiDriverFactory$Browsers.access$3(UiDriverFactory.java:420)
	at com.qmetry.qaf.automation.ui.UiDriverFactory.getDriver(UiDriverFactory.java:233)
	at com.qmetry.qaf.automation.ui.UiDriverFactory.get(UiDriverFactory.java:94)
	at com.qmetry.qaf.automation.core.QAFTestBase$DriverInitExpectedCondition.apply(QAFTestBase.java:487)
	at com.qmetry.qaf.automation.core.QAFTestBase$DriverInitExpectedCondition.apply(QAFTestBase.java:1)
	at org.openqa.selenium.support.ui.FluentWait.until(FluentWait.java:238)
	at com.qmetry.qaf.automation.core.QAFTestBase.init(QAFTestBase.java:389)
	at com.qmetry.qaf.automation.core.QAFTestBase.getUiDriver(QAFTestBase.java:177)
	at com.qmetry.qaf.automation.ui.WebDriverTestBase.getDriver(WebDriverTestBase.java:47)
	at com.qmetry.qaf.automation.ui.WebDriverTestBase.getDriver(WebDriverTestBase.java:1)
	at com.qmetry.qaf.automation.ui.AbstractTestCase.getDriver(AbstractTestCase.java:78)
	at com.quantum.listerners.QuantumReportiumListener.createReportiumClient(QuantumReportiumListener.java:198)
	at com.quantum.listerners.QuantumReportiumListener.onTestStart(QuantumReportiumListener.java:76)
	at org.testng.internal.Invoker.runTestListeners(Invoker.java:1700)
	at org.testng.internal.Invoker.runTestListeners(Invoker.java:1675)
	at org.testng.internal.Invoker.invokeMethod(Invoker.java:619)
	at org.testng.internal.Invoker.invokeTestMethod(Invoker.java:820)
	at org.testng.internal.Invoker.invokeTestMethods(Invoker.java:1128)
	at org.testng.internal.TestMethodWorker.invokeTestMethods(TestMethodWorker.java:129)
	at org.testng.internal.TestMethodWorker.run(TestMethodWorker.java:112)
	at org.testng.TestRunner.privateRun(TestRunner.java:806)
	at org.testng.TestRunner.run(TestRunner.java:656)
	at org.testng.SuiteRunner.runTest(SuiteRunner.java:366)
	at org.testng.SuiteRunner.access$000(SuiteRunner.java:39)
	at org.testng.SuiteRunner$SuiteWorker.run(SuiteRunner.java:400)
	at org.testng.internal.thread.ThreadUtil$2.call(ThreadUtil.java:64)
	at java.util.concurrent.FutureTask.run(Unknown Source)
	at java.util.concurrent.ThreadPoolExecutor.runWorker(Unknown Source)
	at java.util.concurrent.ThreadPoolExecutor$Worker.run(Unknown Source)
	at java.lang.Thread.run(Unknown Source)
]]>
            </full-stacktrace>
          </exception> <!-- com.qmetry.qaf.automation.core.AutomationError -->
          <reporter-output>
            <line>
              <![CDATA[<div style="display:block;margin-left:10px;"></div>]]>
            </line>
          </reporter-output>
        </test-method> <!-- Search Keyword Inline Data -->
        <test-method status="PASS" signature="setup(org.testng.ITestContext)[pri:0, instance:com.qmetry.qaf.automation.step.client.DataDrivenScenario@3ec]" test-instance-name="Search Keyword XML Data" name="setup" is-config="true" duration-ms="0" started-at="2017-03-31T12:49:01Z" finished-at="2017-03-31T12:49:01Z">
          <params>
            <param index="0">
              <value>
                <![CDATA[org.testng.TestRunner@7bc5649]]>
              </value>
            </param>
          </params>
          <reporter-output>
          </reporter-output>
        </test-method> <!-- setup -->
        <test-method status="PASS" signature="afterClass(org.testng.ITestContext)[pri:0, instance:com.qmetry.qaf.automation.step.client.DataDrivenScenario@3ec]" test-instance-name="Search Keyword Inline Data" name="afterClass" is-config="true" duration-ms="0" started-at="2017-03-31T12:49:01Z" finished-at="2017-03-31T12:49:01Z">
          <params>
            <param index="0">
              <value>
                <![CDATA[org.testng.TestRunner@7bc5649]]>
              </value>
            </param>
          </params>
          <reporter-output>
          </reporter-output>
        </test-method> <!-- afterClass -->
        <test-method status="PASS" signature="afterMethod(org.testng.ITestContext, org.testng.ITestResult)[pri:0, instance:com.qmetry.qaf.automation.step.client.DataDrivenScenario@3ec]" test-instance-name="Search Keyword Inline Data" name="afterMethod" is-config="true" duration-ms="0" started-at="2017-03-31T12:49:01Z" finished-at="2017-03-31T12:49:01Z">
          <params>
            <param index="0">
              <value>
                <![CDATA[org.testng.TestRunner@7bc5649]]>
              </value>
            </param>
            <param index="1">
              <value>
                <![CDATA[[TestResult name=Search Keyword Inline Data status=SKIP method=src.main.resources.scenarios.webSearch.feature.Search Keyword Inline Data( java.util.Map)[pri:1002, instance:com.qmetry.qaf.automation.step.client.DataDrivenScenario@3ea] output=<div style="display:block;margin-left:10px;"></div>]]]>
              </value>
            </param>
          </params>
          <reporter-output>
          </reporter-output>
        </test-method> <!-- afterMethod -->
        <test-method status="PASS" signature="setupMethod(java.lang.reflect.Method, org.testng.ITestContext)[pri:0, instance:com.qmetry.qaf.automation.step.client.DataDrivenScenario@3ec]" test-instance-name="Search Keyword XML Data" name="setupMethod" is-config="true" duration-ms="0" started-at="2017-03-31T12:49:01Z" finished-at="2017-03-31T12:49:01Z">
          <params>
            <param index="0">
              <value>
                <![CDATA[public void com.qmetry.qaf.automation.step.client.DataDrivenScenario.scenario(java.util.Map)]]>
              </value>
            </param>
            <param index="1">
              <value>
                <![CDATA[org.testng.TestRunner@7bc5649]]>
              </value>
            </param>
          </params>
          <reporter-output>
          </reporter-output>
        </test-method> <!-- setupMethod -->
        <test-method status="SKIP" signature="Search Keyword XML Data( java.util.Map)[pri:1003, instance:com.qmetry.qaf.automation.step.client.DataDrivenScenario@3eb]" test-instance-name="Search Keyword XML Data" name="Search Keyword XML Data" duration-ms="65470" started-at="2017-03-31T12:49:01Z" data-provider="scenariodp" finished-at="2017-03-31T12:50:06Z">
          <params>
            <param index="0">
              <value>
                <![CDATA[{recId=1, searchKey=quantum perfecto, searchResult=Introducing Quantum Framework}]]>
              </value>
            </param>
          </params>
          <exception class="com.qmetry.qaf.automation.core.AutomationError">
            <message>
              <![CDATA[Timed out after 60 seconds: Unable to create driver instance in 7th attempt with retry timeout of 60 seconds. You can check/set value of 'driver.init.retry.timeout' appropriately to set retry timeout on driver initialization failure.
Failed to start execution - Access denied - bad credentials
Command duration or timeout: 235 milliseconds
Build info: version: '2.53.1', revision: 'a36b8b1cd5757287168e54b817830adce9b0158d', time: '2016-06-30 19:26:09'
System info: host: 'ICPL11541', ip: '10.11.31.182', os.name: 'Windows 8', os.arch: 'amd64', os.version: '6.2', java.version: '1.8.0_111'
Driver info: com.qmetry.qaf.automation.ui.webdriver.QAFExtendedWebDriver]]>
            </message>
            <full-stacktrace>
              <![CDATA[com.qmetry.qaf.automation.core.AutomationError: Timed out after 60 seconds: Unable to create driver instance in 7th attempt with retry timeout of 60 seconds. You can check/set value of 'driver.init.retry.timeout' appropriately to set retry timeout on driver initialization failure.
Failed to start execution - Access denied - bad credentials
Command duration or timeout: 235 milliseconds
Build info: version: '2.53.1', revision: 'a36b8b1cd5757287168e54b817830adce9b0158d', time: '2016-06-30 19:26:09'
System info: host: 'ICPL11541', ip: '10.11.31.182', os.name: 'Windows 8', os.arch: 'amd64', os.version: '6.2', java.version: '1.8.0_111'
Driver info: com.qmetry.qaf.automation.ui.webdriver.QAFExtendedWebDriver
	at sun.reflect.GeneratedConstructorAccessor15.newInstance(Unknown Source)
	at sun.reflect.DelegatingConstructorAccessorImpl.newInstance(Unknown Source)
	at java.lang.reflect.Constructor.newInstance(Unknown Source)
	at org.openqa.selenium.remote.ErrorHandler.createThrowable(ErrorHandler.java:206)
	at org.openqa.selenium.remote.ErrorHandler.throwIfResponseFailed(ErrorHandler.java:158)
	at org.openqa.selenium.remote.RemoteWebDriver.execute(RemoteWebDriver.java:678)
	at com.qmetry.qaf.automation.ui.webdriver.QAFExtendedWebDriver.execute(QAFExtendedWebDriver.java:234)
	at org.openqa.selenium.remote.RemoteWebDriver.startSession(RemoteWebDriver.java:249)
	at org.openqa.selenium.remote.RemoteWebDriver.<init>(RemoteWebDriver.java:131)
	at org.openqa.selenium.remote.RemoteWebDriver.<init>(RemoteWebDriver.java:158)
	at com.qmetry.qaf.automation.ui.webdriver.QAFExtendedWebDriver.<init>(QAFExtendedWebDriver.java:93)
	at com.qmetry.qaf.automation.ui.UiDriverFactory$Browsers.getDriver(UiDriverFactory.java:441)
	at com.qmetry.qaf.automation.ui.UiDriverFactory$Browsers.access$3(UiDriverFactory.java:420)
	at com.qmetry.qaf.automation.ui.UiDriverFactory.getDriver(UiDriverFactory.java:233)
	at com.qmetry.qaf.automation.ui.UiDriverFactory.get(UiDriverFactory.java:94)
	at com.qmetry.qaf.automation.core.QAFTestBase$DriverInitExpectedCondition.apply(QAFTestBase.java:487)
	at com.qmetry.qaf.automation.core.QAFTestBase$DriverInitExpectedCondition.apply(QAFTestBase.java:1)
	at org.openqa.selenium.support.ui.FluentWait.until(FluentWait.java:238)
	at com.qmetry.qaf.automation.core.QAFTestBase.init(QAFTestBase.java:389)
	at com.qmetry.qaf.automation.core.QAFTestBase.getUiDriver(QAFTestBase.java:177)
	at com.qmetry.qaf.automation.ui.WebDriverTestBase.getDriver(WebDriverTestBase.java:47)
	at com.qmetry.qaf.automation.ui.WebDriverTestBase.getDriver(WebDriverTestBase.java:1)
	at com.qmetry.qaf.automation.ui.AbstractTestCase.getDriver(AbstractTestCase.java:78)
	at com.quantum.listerners.QuantumReportiumListener.createReportiumClient(QuantumReportiumListener.java:198)
	at com.quantum.listerners.QuantumReportiumListener.onTestStart(QuantumReportiumListener.java:76)
	at org.testng.internal.Invoker.runTestListeners(Invoker.java:1700)
	at org.testng.internal.Invoker.runTestListeners(Invoker.java:1675)
	at org.testng.internal.Invoker.invokeMethod(Invoker.java:619)
	at org.testng.internal.Invoker.invokeTestMethod(Invoker.java:820)
	at org.testng.internal.Invoker.invokeTestMethods(Invoker.java:1128)
	at org.testng.internal.TestMethodWorker.invokeTestMethods(TestMethodWorker.java:129)
	at org.testng.internal.TestMethodWorker.run(TestMethodWorker.java:112)
	at org.testng.TestRunner.privateRun(TestRunner.java:806)
	at org.testng.TestRunner.run(TestRunner.java:656)
	at org.testng.SuiteRunner.runTest(SuiteRunner.java:366)
	at org.testng.SuiteRunner.access$000(SuiteRunner.java:39)
	at org.testng.SuiteRunner$SuiteWorker.run(SuiteRunner.java:400)
	at org.testng.internal.thread.ThreadUtil$2.call(ThreadUtil.java:64)
	at java.util.concurrent.FutureTask.run(Unknown Source)
	at java.util.concurrent.ThreadPoolExecutor.runWorker(Unknown Source)
	at java.util.concurrent.ThreadPoolExecutor$Worker.run(Unknown Source)
	at java.lang.Thread.run(Unknown Source)
]]>
            </full-stacktrace>
          </exception> <!-- com.qmetry.qaf.automation.core.AutomationError -->
          <reporter-output>
            <line>
              <![CDATA[<div style="display:block;margin-left:10px;"></div>]]>
            </line>
          </reporter-output>
        </test-method> <!-- Search Keyword XML Data -->
        <test-method status="SKIP" signature="Search Keyword XML Data( java.util.Map)[pri:1003, instance:com.qmetry.qaf.automation.step.client.DataDrivenScenario@3eb]" test-instance-name="Search Keyword XML Data" name="Search Keyword XML Data" duration-ms="61979" started-at="2017-03-31T12:50:06Z" data-provider="scenariodp" finished-at="2017-03-31T12:51:08Z">
          <params>
            <param index="0">
              <value>
                <![CDATA[{recId=2, searchKey=Project-Quantum Quantum-Starter-Kit, searchResult=GitHub}]]>
              </value>
            </param>
          </params>
          <exception class="com.qmetry.qaf.automation.core.AutomationError">
            <message>
              <![CDATA[Timed out after 60 seconds: Unable to create driver instance in 7th attempt with retry timeout of 60 seconds. You can check/set value of 'driver.init.retry.timeout' appropriately to set retry timeout on driver initialization failure.
Failed to start execution - Access denied - bad credentials
Command duration or timeout: 266 milliseconds
Build info: version: '2.53.1', revision: 'a36b8b1cd5757287168e54b817830adce9b0158d', time: '2016-06-30 19:26:09'
System info: host: 'ICPL11541', ip: '10.11.31.182', os.name: 'Windows 8', os.arch: 'amd64', os.version: '6.2', java.version: '1.8.0_111'
Driver info: com.qmetry.qaf.automation.ui.webdriver.QAFExtendedWebDriver]]>
            </message>
            <full-stacktrace>
              <![CDATA[com.qmetry.qaf.automation.core.AutomationError: Timed out after 60 seconds: Unable to create driver instance in 7th attempt with retry timeout of 60 seconds. You can check/set value of 'driver.init.retry.timeout' appropriately to set retry timeout on driver initialization failure.
Failed to start execution - Access denied - bad credentials
Command duration or timeout: 266 milliseconds
Build info: version: '2.53.1', revision: 'a36b8b1cd5757287168e54b817830adce9b0158d', time: '2016-06-30 19:26:09'
System info: host: 'ICPL11541', ip: '10.11.31.182', os.name: 'Windows 8', os.arch: 'amd64', os.version: '6.2', java.version: '1.8.0_111'
Driver info: com.qmetry.qaf.automation.ui.webdriver.QAFExtendedWebDriver
	at sun.reflect.GeneratedConstructorAccessor15.newInstance(Unknown Source)
	at sun.reflect.DelegatingConstructorAccessorImpl.newInstance(Unknown Source)
	at java.lang.reflect.Constructor.newInstance(Unknown Source)
	at org.openqa.selenium.remote.ErrorHandler.createThrowable(ErrorHandler.java:206)
	at org.openqa.selenium.remote.ErrorHandler.throwIfResponseFailed(ErrorHandler.java:158)
	at org.openqa.selenium.remote.RemoteWebDriver.execute(RemoteWebDriver.java:678)
	at com.qmetry.qaf.automation.ui.webdriver.QAFExtendedWebDriver.execute(QAFExtendedWebDriver.java:234)
	at org.openqa.selenium.remote.RemoteWebDriver.startSession(RemoteWebDriver.java:249)
	at org.openqa.selenium.remote.RemoteWebDriver.<init>(RemoteWebDriver.java:131)
	at org.openqa.selenium.remote.RemoteWebDriver.<init>(RemoteWebDriver.java:158)
	at com.qmetry.qaf.automation.ui.webdriver.QAFExtendedWebDriver.<init>(QAFExtendedWebDriver.java:93)
	at com.qmetry.qaf.automation.ui.UiDriverFactory$Browsers.getDriver(UiDriverFactory.java:441)
	at com.qmetry.qaf.automation.ui.UiDriverFactory$Browsers.access$3(UiDriverFactory.java:420)
	at com.qmetry.qaf.automation.ui.UiDriverFactory.getDriver(UiDriverFactory.java:233)
	at com.qmetry.qaf.automation.ui.UiDriverFactory.get(UiDriverFactory.java:94)
	at com.qmetry.qaf.automation.core.QAFTestBase$DriverInitExpectedCondition.apply(QAFTestBase.java:487)
	at com.qmetry.qaf.automation.core.QAFTestBase$DriverInitExpectedCondition.apply(QAFTestBase.java:1)
	at org.openqa.selenium.support.ui.FluentWait.until(FluentWait.java:238)
	at com.qmetry.qaf.automation.core.QAFTestBase.init(QAFTestBase.java:389)
	at com.qmetry.qaf.automation.core.QAFTestBase.getUiDriver(QAFTestBase.java:177)
	at com.qmetry.qaf.automation.ui.WebDriverTestBase.getDriver(WebDriverTestBase.java:47)
	at com.qmetry.qaf.automation.ui.WebDriverTestBase.getDriver(WebDriverTestBase.java:1)
	at com.qmetry.qaf.automation.ui.AbstractTestCase.getDriver(AbstractTestCase.java:78)
	at com.quantum.listerners.QuantumReportiumListener.createReportiumClient(QuantumReportiumListener.java:198)
	at com.quantum.listerners.QuantumReportiumListener.onTestStart(QuantumReportiumListener.java:76)
	at org.testng.internal.Invoker.runTestListeners(Invoker.java:1700)
	at org.testng.internal.Invoker.runTestListeners(Invoker.java:1675)
	at org.testng.internal.Invoker.invokeMethod(Invoker.java:619)
	at org.testng.internal.Invoker.invokeTestMethod(Invoker.java:820)
	at org.testng.internal.Invoker.invokeTestMethods(Invoker.java:1128)
	at org.testng.internal.TestMethodWorker.invokeTestMethods(TestMethodWorker.java:129)
	at org.testng.internal.TestMethodWorker.run(TestMethodWorker.java:112)
	at org.testng.TestRunner.privateRun(TestRunner.java:806)
	at org.testng.TestRunner.run(TestRunner.java:656)
	at org.testng.SuiteRunner.runTest(SuiteRunner.java:366)
	at org.testng.SuiteRunner.access$000(SuiteRunner.java:39)
	at org.testng.SuiteRunner$SuiteWorker.run(SuiteRunner.java:400)
	at org.testng.internal.thread.ThreadUtil$2.call(ThreadUtil.java:64)
	at java.util.concurrent.FutureTask.run(Unknown Source)
	at java.util.concurrent.ThreadPoolExecutor.runWorker(Unknown Source)
	at java.util.concurrent.ThreadPoolExecutor$Worker.run(Unknown Source)
	at java.lang.Thread.run(Unknown Source)
]]>
            </full-stacktrace>
          </exception> <!-- com.qmetry.qaf.automation.core.AutomationError -->
          <reporter-output>
            <line>
              <![CDATA[<div style="display:block;margin-left:10px;"></div>]]>
            </line>
          </reporter-output>
        </test-method> <!-- Search Keyword XML Data -->
        <test-method status="PASS" signature="afterMethod(org.testng.ITestContext, org.testng.ITestResult)[pri:0, instance:com.qmetry.qaf.automation.step.client.DataDrivenScenario@3ec]" test-instance-name="Search Keyword XML Data" name="afterMethod" is-config="true" duration-ms="0" started-at="2017-03-31T12:50:06Z" finished-at="2017-03-31T12:50:06Z">
          <params>
            <param index="0">
              <value>
                <![CDATA[org.testng.TestRunner@7bc5649]]>
              </value>
            </param>
            <param index="1">
              <value>
                <![CDATA[[TestResult name=Search Keyword XML Data status=SKIP method=src.main.resources.scenarios.webSearch.feature.Search Keyword XML Data( java.util.Map)[pri:1003, instance:com.qmetry.qaf.automation.step.client.DataDrivenScenario@3eb] output=<div style="display:block;margin-left:10px;"></div>]]]>
              </value>
            </param>
          </params>
          <reporter-output>
          </reporter-output>
        </test-method> <!-- afterMethod -->
        <test-method status="PASS" signature="setupMethod(java.lang.reflect.Method, org.testng.ITestContext)[pri:0, instance:com.qmetry.qaf.automation.step.client.DataDrivenScenario@3ec]" test-instance-name="Search Keyword XML Data" name="setupMethod" is-config="true" duration-ms="0" started-at="2017-03-31T12:50:06Z" finished-at="2017-03-31T12:50:06Z">
          <params>
            <param index="0">
              <value>
                <![CDATA[public void com.qmetry.qaf.automation.step.client.DataDrivenScenario.scenario(java.util.Map)]]>
              </value>
            </param>
            <param index="1">
              <value>
                <![CDATA[org.testng.TestRunner@7bc5649]]>
              </value>
            </param>
          </params>
          <reporter-output>
          </reporter-output>
        </test-method> <!-- setupMethod -->
        <test-method status="PASS" signature="afterMethod(org.testng.ITestContext, org.testng.ITestResult)[pri:0, instance:com.qmetry.qaf.automation.step.client.DataDrivenScenario@3ec]" test-instance-name="Search Keyword XML Data" name="afterMethod" is-config="true" duration-ms="0" started-at="2017-03-31T12:51:08Z" finished-at="2017-03-31T12:51:08Z">
          <params>
            <param index="0">
              <value>
                <![CDATA[org.testng.TestRunner@7bc5649]]>
              </value>
            </param>
            <param index="1">
              <value>
                <![CDATA[[TestResult name=Search Keyword XML Data status=SKIP method=src.main.resources.scenarios.webSearch.feature.Search Keyword XML Data( java.util.Map)[pri:1003, instance:com.qmetry.qaf.automation.step.client.DataDrivenScenario@3eb] output=<div style="display:block;margin-left:10px;"></div>]]]>
              </value>
            </param>
          </params>
          <reporter-output>
          </reporter-output>
        </test-method> <!-- afterMethod -->
        <test-method status="PASS" signature="setup(org.testng.ITestContext)[pri:0, instance:com.qmetry.qaf.automation.step.client.DataDrivenScenario@3ec]" test-instance-name="Search Keyword CSV Data" name="setup" is-config="true" duration-ms="0" started-at="2017-03-31T12:51:08Z" finished-at="2017-03-31T12:51:08Z">
          <params>
            <param index="0">
              <value>
                <![CDATA[org.testng.TestRunner@7bc5649]]>
              </value>
            </param>
          </params>
          <reporter-output>
          </reporter-output>
        </test-method> <!-- setup -->
        <test-method status="PASS" signature="afterClass(org.testng.ITestContext)[pri:0, instance:com.qmetry.qaf.automation.step.client.DataDrivenScenario@3ec]" test-instance-name="Search Keyword XML Data" name="afterClass" is-config="true" duration-ms="0" started-at="2017-03-31T12:51:08Z" finished-at="2017-03-31T12:51:08Z">
          <params>
            <param index="0">
              <value>
                <![CDATA[org.testng.TestRunner@7bc5649]]>
              </value>
            </param>
          </params>
          <reporter-output>
          </reporter-output>
        </test-method> <!-- afterClass -->
        <test-method status="PASS" signature="setupMethod(java.lang.reflect.Method, org.testng.ITestContext)[pri:0, instance:com.qmetry.qaf.automation.step.client.DataDrivenScenario@3ec]" test-instance-name="Search Keyword CSV Data" name="setupMethod" is-config="true" duration-ms="0" started-at="2017-03-31T12:51:08Z" finished-at="2017-03-31T12:51:08Z">
          <params>
            <param index="0">
              <value>
                <![CDATA[public void com.qmetry.qaf.automation.step.client.DataDrivenScenario.scenario(java.util.Map)]]>
              </value>
            </param>
            <param index="1">
              <value>
                <![CDATA[org.testng.TestRunner@7bc5649]]>
              </value>
            </param>
          </params>
          <reporter-output>
          </reporter-output>
        </test-method> <!-- setupMethod -->
        <test-method status="SKIP" signature="Search Keyword CSV Data( java.util.Map)[pri:1004, instance:com.qmetry.qaf.automation.step.client.DataDrivenScenario@3ec]" test-instance-name="Search Keyword CSV Data" name="Search Keyword CSV Data" duration-ms="62182" started-at="2017-03-31T12:51:08Z" data-provider="scenariodp" finished-at="2017-03-31T12:52:10Z">
          <params>
            <param index="0">
              <value>
                <![CDATA[{searchResult=Introducing Quantum Framework, searchKey=quantum perfecto}]]>
              </value>
            </param>
          </params>
          <exception class="com.qmetry.qaf.automation.core.AutomationError">
            <message>
              <![CDATA[Timed out after 60 seconds: Unable to create driver instance in 7th attempt with retry timeout of 60 seconds. You can check/set value of 'driver.init.retry.timeout' appropriately to set retry timeout on driver initialization failure.
Failed to start execution - Access denied - bad credentials
Command duration or timeout: 306 milliseconds
Build info: version: '2.53.1', revision: 'a36b8b1cd5757287168e54b817830adce9b0158d', time: '2016-06-30 19:26:09'
System info: host: 'ICPL11541', ip: '10.11.31.182', os.name: 'Windows 8', os.arch: 'amd64', os.version: '6.2', java.version: '1.8.0_111'
Driver info: com.qmetry.qaf.automation.ui.webdriver.QAFExtendedWebDriver]]>
            </message>
            <full-stacktrace>
              <![CDATA[com.qmetry.qaf.automation.core.AutomationError: Timed out after 60 seconds: Unable to create driver instance in 7th attempt with retry timeout of 60 seconds. You can check/set value of 'driver.init.retry.timeout' appropriately to set retry timeout on driver initialization failure.
Failed to start execution - Access denied - bad credentials
Command duration or timeout: 306 milliseconds
Build info: version: '2.53.1', revision: 'a36b8b1cd5757287168e54b817830adce9b0158d', time: '2016-06-30 19:26:09'
System info: host: 'ICPL11541', ip: '10.11.31.182', os.name: 'Windows 8', os.arch: 'amd64', os.version: '6.2', java.version: '1.8.0_111'
Driver info: com.qmetry.qaf.automation.ui.webdriver.QAFExtendedWebDriver
	at sun.reflect.GeneratedConstructorAccessor15.newInstance(Unknown Source)
	at sun.reflect.DelegatingConstructorAccessorImpl.newInstance(Unknown Source)
	at java.lang.reflect.Constructor.newInstance(Unknown Source)
	at org.openqa.selenium.remote.ErrorHandler.createThrowable(ErrorHandler.java:206)
	at org.openqa.selenium.remote.ErrorHandler.throwIfResponseFailed(ErrorHandler.java:158)
	at org.openqa.selenium.remote.RemoteWebDriver.execute(RemoteWebDriver.java:678)
	at com.qmetry.qaf.automation.ui.webdriver.QAFExtendedWebDriver.execute(QAFExtendedWebDriver.java:234)
	at org.openqa.selenium.remote.RemoteWebDriver.startSession(RemoteWebDriver.java:249)
	at org.openqa.selenium.remote.RemoteWebDriver.<init>(RemoteWebDriver.java:131)
	at org.openqa.selenium.remote.RemoteWebDriver.<init>(RemoteWebDriver.java:158)
	at com.qmetry.qaf.automation.ui.webdriver.QAFExtendedWebDriver.<init>(QAFExtendedWebDriver.java:93)
	at com.qmetry.qaf.automation.ui.UiDriverFactory$Browsers.getDriver(UiDriverFactory.java:441)
	at com.qmetry.qaf.automation.ui.UiDriverFactory$Browsers.access$3(UiDriverFactory.java:420)
	at com.qmetry.qaf.automation.ui.UiDriverFactory.getDriver(UiDriverFactory.java:233)
	at com.qmetry.qaf.automation.ui.UiDriverFactory.get(UiDriverFactory.java:94)
	at com.qmetry.qaf.automation.core.QAFTestBase$DriverInitExpectedCondition.apply(QAFTestBase.java:487)
	at com.qmetry.qaf.automation.core.QAFTestBase$DriverInitExpectedCondition.apply(QAFTestBase.java:1)
	at org.openqa.selenium.support.ui.FluentWait.until(FluentWait.java:238)
	at com.qmetry.qaf.automation.core.QAFTestBase.init(QAFTestBase.java:389)
	at com.qmetry.qaf.automation.core.QAFTestBase.getUiDriver(QAFTestBase.java:177)
	at com.qmetry.qaf.automation.ui.WebDriverTestBase.getDriver(WebDriverTestBase.java:47)
	at com.qmetry.qaf.automation.ui.WebDriverTestBase.getDriver(WebDriverTestBase.java:1)
	at com.qmetry.qaf.automation.ui.AbstractTestCase.getDriver(AbstractTestCase.java:78)
	at com.quantum.listerners.QuantumReportiumListener.createReportiumClient(QuantumReportiumListener.java:198)
	at com.quantum.listerners.QuantumReportiumListener.onTestStart(QuantumReportiumListener.java:76)
	at org.testng.internal.Invoker.runTestListeners(Invoker.java:1700)
	at org.testng.internal.Invoker.runTestListeners(Invoker.java:1675)
	at org.testng.internal.Invoker.invokeMethod(Invoker.java:619)
	at org.testng.internal.Invoker.invokeTestMethod(Invoker.java:820)
	at org.testng.internal.Invoker.invokeTestMethods(Invoker.java:1128)
	at org.testng.internal.TestMethodWorker.invokeTestMethods(TestMethodWorker.java:129)
	at org.testng.internal.TestMethodWorker.run(TestMethodWorker.java:112)
	at org.testng.TestRunner.privateRun(TestRunner.java:806)
	at org.testng.TestRunner.run(TestRunner.java:656)
	at org.testng.SuiteRunner.runTest(SuiteRunner.java:366)
	at org.testng.SuiteRunner.access$000(SuiteRunner.java:39)
	at org.testng.SuiteRunner$SuiteWorker.run(SuiteRunner.java:400)
	at org.testng.internal.thread.ThreadUtil$2.call(ThreadUtil.java:64)
	at java.util.concurrent.FutureTask.run(Unknown Source)
	at java.util.concurrent.ThreadPoolExecutor.runWorker(Unknown Source)
	at java.util.concurrent.ThreadPoolExecutor$Worker.run(Unknown Source)
	at java.lang.Thread.run(Unknown Source)
]]>
            </full-stacktrace>
          </exception> <!-- com.qmetry.qaf.automation.core.AutomationError -->
          <reporter-output>
            <line>
              <![CDATA[<div style="display:block;margin-left:10px;"></div>]]>
            </line>
          </reporter-output>
        </test-method> <!-- Search Keyword CSV Data -->
        <test-method status="PASS" signature="afterMethod(org.testng.ITestContext, org.testng.ITestResult)[pri:0, instance:com.qmetry.qaf.automation.step.client.DataDrivenScenario@3ec]" test-instance-name="Search Keyword CSV Data" name="afterMethod" is-config="true" duration-ms="0" started-at="2017-03-31T12:52:10Z" finished-at="2017-03-31T12:52:10Z">
          <params>
            <param index="0">
              <value>
                <![CDATA[org.testng.TestRunner@7bc5649]]>
              </value>
            </param>
            <param index="1">
              <value>
                <![CDATA[[TestResult name=Search Keyword CSV Data status=SKIP method=src.main.resources.scenarios.webSearch.feature.Search Keyword CSV Data( java.util.Map)[pri:1004, instance:com.qmetry.qaf.automation.step.client.DataDrivenScenario@3ec] output=<div style="display:block;margin-left:10px;"></div>]]]>
              </value>
            </param>
          </params>
          <reporter-output>
          </reporter-output>
        </test-method> <!-- afterMethod -->
        <test-method status="PASS" signature="setupMethod(java.lang.reflect.Method, org.testng.ITestContext)[pri:0, instance:com.qmetry.qaf.automation.step.client.DataDrivenScenario@3ec]" test-instance-name="Search Keyword CSV Data" name="setupMethod" is-config="true" duration-ms="0" started-at="2017-03-31T12:52:10Z" finished-at="2017-03-31T12:52:10Z">
          <params>
            <param index="0">
              <value>
                <![CDATA[public void com.qmetry.qaf.automation.step.client.DataDrivenScenario.scenario(java.util.Map)]]>
              </value>
            </param>
            <param index="1">
              <value>
                <![CDATA[org.testng.TestRunner@7bc5649]]>
              </value>
            </param>
          </params>
          <reporter-output>
          </reporter-output>
        </test-method> <!-- setupMethod -->
        <test-method status="SKIP" signature="Search Keyword CSV Data( java.util.Map)[pri:1004, instance:com.qmetry.qaf.automation.step.client.DataDrivenScenario@3ec]" test-instance-name="Search Keyword CSV Data" name="Search Keyword CSV Data" duration-ms="62944" started-at="2017-03-31T12:52:10Z" data-provider="scenariodp" finished-at="2017-03-31T12:53:13Z">
          <params>
            <param index="0">
              <value>
                <![CDATA[{searchResult=GitHub, searchKey=Project-Quantum Quantum-Starter-Kit }]]>
              </value>
            </param>
          </params>
          <exception class="com.qmetry.qaf.automation.core.AutomationError">
            <message>
              <![CDATA[Timed out after 60 seconds: Unable to create driver instance in 7th attempt with retry timeout of 60 seconds. You can check/set value of 'driver.init.retry.timeout' appropriately to set retry timeout on driver initialization failure.
Failed to start execution - Access denied - bad credentials
Command duration or timeout: 244 milliseconds
Build info: version: '2.53.1', revision: 'a36b8b1cd5757287168e54b817830adce9b0158d', time: '2016-06-30 19:26:09'
System info: host: 'ICPL11541', ip: '10.11.31.182', os.name: 'Windows 8', os.arch: 'amd64', os.version: '6.2', java.version: '1.8.0_111'
Driver info: com.qmetry.qaf.automation.ui.webdriver.QAFExtendedWebDriver]]>
            </message>
            <full-stacktrace>
              <![CDATA[com.qmetry.qaf.automation.core.AutomationError: Timed out after 60 seconds: Unable to create driver instance in 7th attempt with retry timeout of 60 seconds. You can check/set value of 'driver.init.retry.timeout' appropriately to set retry timeout on driver initialization failure.
Failed to start execution - Access denied - bad credentials
Command duration or timeout: 244 milliseconds
Build info: version: '2.53.1', revision: 'a36b8b1cd5757287168e54b817830adce9b0158d', time: '2016-06-30 19:26:09'
System info: host: 'ICPL11541', ip: '10.11.31.182', os.name: 'Windows 8', os.arch: 'amd64', os.version: '6.2', java.version: '1.8.0_111'
Driver info: com.qmetry.qaf.automation.ui.webdriver.QAFExtendedWebDriver
	at sun.reflect.GeneratedConstructorAccessor15.newInstance(Unknown Source)
	at sun.reflect.DelegatingConstructorAccessorImpl.newInstance(Unknown Source)
	at java.lang.reflect.Constructor.newInstance(Unknown Source)
	at org.openqa.selenium.remote.ErrorHandler.createThrowable(ErrorHandler.java:206)
	at org.openqa.selenium.remote.ErrorHandler.throwIfResponseFailed(ErrorHandler.java:158)
	at org.openqa.selenium.remote.RemoteWebDriver.execute(RemoteWebDriver.java:678)
	at com.qmetry.qaf.automation.ui.webdriver.QAFExtendedWebDriver.execute(QAFExtendedWebDriver.java:234)
	at org.openqa.selenium.remote.RemoteWebDriver.startSession(RemoteWebDriver.java:249)
	at org.openqa.selenium.remote.RemoteWebDriver.<init>(RemoteWebDriver.java:131)
	at org.openqa.selenium.remote.RemoteWebDriver.<init>(RemoteWebDriver.java:158)
	at com.qmetry.qaf.automation.ui.webdriver.QAFExtendedWebDriver.<init>(QAFExtendedWebDriver.java:93)
	at com.qmetry.qaf.automation.ui.UiDriverFactory$Browsers.getDriver(UiDriverFactory.java:441)
	at com.qmetry.qaf.automation.ui.UiDriverFactory$Browsers.access$3(UiDriverFactory.java:420)
	at com.qmetry.qaf.automation.ui.UiDriverFactory.getDriver(UiDriverFactory.java:233)
	at com.qmetry.qaf.automation.ui.UiDriverFactory.get(UiDriverFactory.java:94)
	at com.qmetry.qaf.automation.core.QAFTestBase$DriverInitExpectedCondition.apply(QAFTestBase.java:487)
	at com.qmetry.qaf.automation.core.QAFTestBase$DriverInitExpectedCondition.apply(QAFTestBase.java:1)
	at org.openqa.selenium.support.ui.FluentWait.until(FluentWait.java:238)
	at com.qmetry.qaf.automation.core.QAFTestBase.init(QAFTestBase.java:389)
	at com.qmetry.qaf.automation.core.QAFTestBase.getUiDriver(QAFTestBase.java:177)
	at com.qmetry.qaf.automation.ui.WebDriverTestBase.getDriver(WebDriverTestBase.java:47)
	at com.qmetry.qaf.automation.ui.WebDriverTestBase.getDriver(WebDriverTestBase.java:1)
	at com.qmetry.qaf.automation.ui.AbstractTestCase.getDriver(AbstractTestCase.java:78)
	at com.quantum.listerners.QuantumReportiumListener.createReportiumClient(QuantumReportiumListener.java:198)
	at com.quantum.listerners.QuantumReportiumListener.onTestStart(QuantumReportiumListener.java:76)
	at org.testng.internal.Invoker.runTestListeners(Invoker.java:1700)
	at org.testng.internal.Invoker.runTestListeners(Invoker.java:1675)
	at org.testng.internal.Invoker.invokeMethod(Invoker.java:619)
	at org.testng.internal.Invoker.invokeTestMethod(Invoker.java:820)
	at org.testng.internal.Invoker.invokeTestMethods(Invoker.java:1128)
	at org.testng.internal.TestMethodWorker.invokeTestMethods(TestMethodWorker.java:129)
	at org.testng.internal.TestMethodWorker.run(TestMethodWorker.java:112)
	at org.testng.TestRunner.privateRun(TestRunner.java:806)
	at org.testng.TestRunner.run(TestRunner.java:656)
	at org.testng.SuiteRunner.runTest(SuiteRunner.java:366)
	at org.testng.SuiteRunner.access$000(SuiteRunner.java:39)
	at org.testng.SuiteRunner$SuiteWorker.run(SuiteRunner.java:400)
	at org.testng.internal.thread.ThreadUtil$2.call(ThreadUtil.java:64)
	at java.util.concurrent.FutureTask.run(Unknown Source)
	at java.util.concurrent.ThreadPoolExecutor.runWorker(Unknown Source)
	at java.util.concurrent.ThreadPoolExecutor$Worker.run(Unknown Source)
	at java.lang.Thread.run(Unknown Source)
]]>
            </full-stacktrace>
          </exception> <!-- com.qmetry.qaf.automation.core.AutomationError -->
          <reporter-output>
            <line>
              <![CDATA[<div style="display:block;margin-left:10px;"></div>]]>
            </line>
          </reporter-output>
        </test-method> <!-- Search Keyword CSV Data -->
        <test-method status="PASS" signature="afterClass(org.testng.ITestContext)[pri:0, instance:com.qmetry.qaf.automation.step.client.DataDrivenScenario@3ec]" test-instance-name="Search Keyword CSV Data" name="afterClass" is-config="true" duration-ms="0" started-at="2017-03-31T12:53:13Z" finished-at="2017-03-31T12:53:13Z">
          <params>
            <param index="0">
              <value>
                <![CDATA[org.testng.TestRunner@7bc5649]]>
              </value>
            </param>
          </params>
          <reporter-output>
          </reporter-output>
        </test-method> <!-- afterClass -->
        <test-method status="PASS" signature="afterMethod(org.testng.ITestContext, org.testng.ITestResult)[pri:0, instance:com.qmetry.qaf.automation.step.client.DataDrivenScenario@3ec]" test-instance-name="Search Keyword CSV Data" name="afterMethod" is-config="true" duration-ms="0" started-at="2017-03-31T12:53:13Z" finished-at="2017-03-31T12:53:13Z">
          <params>
            <param index="0">
              <value>
                <![CDATA[org.testng.TestRunner@7bc5649]]>
              </value>
            </param>
            <param index="1">
              <value>
                <![CDATA[[TestResult name=Search Keyword CSV Data status=SKIP method=src.main.resources.scenarios.webSearch.feature.Search Keyword CSV Data( java.util.Map)[pri:1004, instance:com.qmetry.qaf.automation.step.client.DataDrivenScenario@3ec] output=<div style="display:block;margin-left:10px;"></div>]]]>
              </value>
            </param>
          </params>
          <reporter-output>
          </reporter-output>
        </test-method> <!-- afterMethod -->
      </class> <!-- com.qmetry.qaf.automation.step.client.DataDrivenScenario -->
    </test> <!-- Web Scenarios Android Test -->
    <test name="Web Scenarios iOS Test" duration-ms="544063" started-at="2017-03-31T07:14:51Z" finished-at="2017-03-31T07:23:55Z">
      <class name="com.qmetry.qaf.automation.step.client.Scenario">
        <test-method status="PASS" signature="setupSuit(org.testng.ITestContext)[pri:0, instance:com.qmetry.qaf.automation.step.client.Scenario@3ee]" test-instance-name="Search Quantum" name="setupSuit" is-config="true" duration-ms="46" started-at="2017-03-31T12:44:51Z" finished-at="2017-03-31T12:44:51Z">
          <params>
            <param index="0">
              <value>
                <![CDATA[org.testng.TestRunner@443118b0]]>
              </value>
            </param>
          </params>
          <reporter-output>
          </reporter-output>
        </test-method> <!-- setupSuit -->
        <test-method status="PASS" signature="setupTest(org.testng.ITestContext)[pri:0, instance:com.qmetry.qaf.automation.step.client.Scenario@3ee]" test-instance-name="Search Quantum" name="setupTest" is-config="true" duration-ms="3" started-at="2017-03-31T12:44:51Z" finished-at="2017-03-31T12:44:51Z">
          <params>
            <param index="0">
              <value>
                <![CDATA[org.testng.TestRunner@443118b0]]>
              </value>
            </param>
          </params>
          <reporter-output>
          </reporter-output>
        </test-method> <!-- setupTest -->
        <test-method status="PASS" signature="setup(org.testng.ITestContext)[pri:0, instance:com.qmetry.qaf.automation.step.client.Scenario@3ee]" test-instance-name="Search Quantum" name="setup" is-config="true" duration-ms="1" started-at="2017-03-31T12:44:51Z" finished-at="2017-03-31T12:44:51Z">
          <params>
            <param index="0">
              <value>
                <![CDATA[org.testng.TestRunner@443118b0]]>
              </value>
            </param>
          </params>
          <reporter-output>
          </reporter-output>
        </test-method> <!-- setup -->
        <test-method status="SKIP" signature="Search Quantum()[pri:1005, instance:com.qmetry.qaf.automation.step.client.Scenario@3ed]" test-instance-name="Search Quantum" name="Search Quantum" duration-ms="63750" started-at="2017-03-31T12:44:51Z" finished-at="2017-03-31T12:45:55Z">
          <exception class="com.qmetry.qaf.automation.core.AutomationError">
            <message>
              <![CDATA[Timed out after 60 seconds: Unable to create driver instance in 7th attempt with retry timeout of 60 seconds. You can check/set value of 'driver.init.retry.timeout' appropriately to set retry timeout on driver initialization failure.
Failed to start execution - Access denied - bad credentials
Command duration or timeout: 251 milliseconds
Build info: version: '2.53.1', revision: 'a36b8b1cd5757287168e54b817830adce9b0158d', time: '2016-06-30 19:26:09'
System info: host: 'ICPL11541', ip: '10.11.31.182', os.name: 'Windows 8', os.arch: 'amd64', os.version: '6.2', java.version: '1.8.0_111'
Driver info: com.qmetry.qaf.automation.ui.webdriver.QAFExtendedWebDriver]]>
            </message>
            <full-stacktrace>
              <![CDATA[com.qmetry.qaf.automation.core.AutomationError: Timed out after 60 seconds: Unable to create driver instance in 7th attempt with retry timeout of 60 seconds. You can check/set value of 'driver.init.retry.timeout' appropriately to set retry timeout on driver initialization failure.
Failed to start execution - Access denied - bad credentials
[...]
	at org.testng.internal.Invoker.runTestListeners(Invoker.java:1700)
	at org.testng.internal.Invoker.runTestListeners(Invoker.java:1675)
	at org.testng.internal.Invoker.invokeMethod(Invoker.java:619)
	at org.testng.internal.Invoker.invokeTestMethod(Invoker.java:820)
	at org.testng.internal.Invoker.invokeTestMethods(Invoker.java:1128)
	at org.testng.internal.TestMethodWorker.invokeTestMethods(TestMethodWorker.java:129)
	at org.testng.internal.TestMethodWorker.run(TestMethodWorker.java:112)
	at org.testng.TestRunner.privateRun(TestRunner.java:806)
	at org.testng.TestRunner.run(TestRunner.java:656)
	at org.testng.SuiteRunner.runTest(SuiteRunner.java:366)
	at org.testng.SuiteRunner.access$000(SuiteRunner.java:39)
	at org.testng.SuiteRunner$SuiteWorker.run(SuiteRunner.java:400)
	at org.testng.internal.thread.ThreadUtil$2.call(ThreadUtil.java:64)
	at java.util.concurrent.FutureTask.run(Unknown Source)
	at java.util.concurrent.ThreadPoolExecutor.runWorker(Unknown Source)
	at java.util.concurrent.ThreadPoolExecutor$Worker.run(Unknown Source)
	at java.lang.Thread.run(Unknown Source)
]]>
            </full-stacktrace>
          </exception> <!-- com.qmetry.qaf.automation.core.AutomationError -->
          <reporter-output>
            <line>
              <![CDATA[<div style="display:block;margin-left:10px;"></div>]]>
            </line>
          </reporter-output>
        </test-method> <!-- Search Keyword XML Data -->
        <test-method status="PASS" signature="afterMethod(org.testng.ITestContext, org.testng.ITestResult)[pri:0, instance:com.qmetry.qaf.automation.step.client.DataDrivenScenario@3f1]" test-instance-name="Search Keyword XML Data" name="afterMethod" is-config="true" duration-ms="0" started-at="2017-03-31T12:51:50Z" finished-at="2017-03-31T12:51:50Z">
          <params>
            <param index="0">
              <value>
                <![CDATA[org.testng.TestRunner@443118b0]]>
              </value>
            </param>
            <param index="1">
              <value>
                <![CDATA[[TestResult name=Search Keyword XML Data status=SKIP method=src.main.resources.scenarios.webSearch.feature.Search Keyword XML Data( java.util.Map)[pri:1008, instance:com.qmetry.qaf.automation.step.client.DataDrivenScenario@3f0] output=<div style="display:block;margin-left:10px;"></div>]]]>
              </value>
            </param>
          </params>
          <reporter-output>
          </reporter-output>
        </test-method> <!-- afterMethod -->
        <test-method status="PASS" signature="afterClass(org.testng.ITestContext)[pri:0, instance:com.qmetry.qaf.automation.step.client.DataDrivenScenario@3f1]" test-instance-name="Search Keyword XML Data" name="afterClass" is-config="true" duration-ms="0" started-at="2017-03-31T12:51:50Z" finished-at="2017-03-31T12:51:50Z">
          <params>
            <param index="0">
              <value>
                <![CDATA[org.testng.TestRunner@443118b0]]>
              </value>
            </param>
          </params>
          <reporter-output>
          </reporter-output>
        </test-method> <!-- afterClass -->
        <test-method status="PASS" signature="setup(org.testng.ITestContext)[pri:0, instance:com.qmetry.qaf.automation.step.client.DataDrivenScenario@3f1]" test-instance-name="Search Keyword CSV Data" name="setup" is-config="true" duration-ms="0" started-at="2017-03-31T12:51:50Z" finished-at="2017-03-31T12:51:50Z">
          <params>
            <param index="0">
              <value>
                <![CDATA[org.testng.TestRunner@443118b0]]>
              </value>
            </param>
          </params>
          <reporter-output>
          </reporter-output>
        </test-method> <!-- setup -->
        <test-method status="SKIP" signature="Search Keyword CSV Data( java.util.Map)[pri:1009, instance:com.qmetry.qaf.automation.step.client.DataDrivenScenario@3f1]" test-instance-name="Search Keyword CSV Data" name="Search Keyword CSV Data" duration-ms="62858" started-at="2017-03-31T12:51:50Z" data-provider="scenariodp" finished-at="2017-03-31T12:52:52Z">
          <params>
            <param index="0">
              <value>
                <![CDATA[{searchResult=Introducing Quantum Framework, searchKey=quantum perfecto}]]>
              </value>
            </param>
          </params>
          <exception class="com.qmetry.qaf.automation.core.AutomationError">
            <message>
              <![CDATA[Timed out after 60 seconds: Unable to create driver instance in 7th attempt with retry timeout of 60 seconds. You can check/set value of 'driver.init.retry.timeout' appropriately to set retry timeout on driver initialization failure.
Failed to start execution - Access denied - bad credentials
Command duration or timeout: 250 milliseconds
Build info: version: '2.53.1', revision: 'a36b8b1cd5757287168e54b817830adce9b0158d', time: '2016-06-30 19:26:09'
System info: host: 'ICPL11541', ip: '10.11.31.182', os.name: 'Windows 8', os.arch: 'amd64', os.version: '6.2', java.version: '1.8.0_111'
Driver info: com.qmetry.qaf.automation.ui.webdriver.QAFExtendedWebDriver]]>
            </message>
            <full-stacktrace>
              <![CDATA[com.qmetry.qaf.automation.core.AutomationError: Timed out after 60 seconds: Unable to create driver instance in 7th attempt with retry timeout of 60 seconds. You can check/set value of 'driver.init.retry.timeout' appropriately to set retry timeout on driver initialization failure.
Failed to start execution - Access denied - bad credentials
Command duration or timeout: 250 milliseconds
Build info: version: '2.53.1', revision: 'a36b8b1cd5757287168e54b817830adce9b0158d', time: '2016-06-30 19:26:09'
System info: host: 'ICPL11541', ip: '10.11.31.182', os.name: 'Windows 8', os.arch: 'amd64', os.version: '6.2', java.version: '1.8.0_111'
Driver info: com.qmetry.qaf.automation.ui.webdriver.QAFExtendedWebDriver
	at sun.reflect.GeneratedConstructorAccessor15.newInstance(Unknown Source)
	at sun.reflect.DelegatingConstructorAccessorImpl.newInstance(Unknown Source)
	at java.lang.reflect.Constructor.newInstance(Unknown Source)
	at org.openqa.selenium.remote.ErrorHandler.createThrowable(ErrorHandler.java:206)
	at org.openqa.selenium.remote.ErrorHandler.throwIfResponseFailed(ErrorHandler.java:158)
	at org.openqa.selenium.remote.RemoteWebDriver.execute(RemoteWebDriver.java:678)
	at com.qmetry.qaf.automation.ui.webdriver.QAFExtendedWebDriver.execute(QAFExtendedWebDriver.java:234)
	at org.openqa.selenium.remote.RemoteWebDriver.startSession(RemoteWebDriver.java:249)
	at org.openqa.selenium.remote.RemoteWebDriver.<init>(RemoteWebDriver.java:131)
	at org.openqa.selenium.remote.RemoteWebDriver.<init>(RemoteWebDriver.java:158)
	at com.qmetry.qaf.automation.ui.webdriver.QAFExtendedWebDriver.<init>(QAFExtendedWebDriver.java:93)
	at com.qmetry.qaf.automation.ui.UiDriverFactory$Browsers.getDriver(UiDriverFactory.java:441)
	at com.qmetry.qaf.automation.ui.UiDriverFactory$Browsers.access$3(UiDriverFactory.java:420)
	at com.qmetry.qaf.automation.ui.UiDriverFactory.getDriver(UiDriverFactory.java:233)
	at com.qmetry.qaf.automation.ui.UiDriverFactory.get(UiDriverFactory.java:94)
	at com.qmetry.qaf.automation.core.QAFTestBase$DriverInitExpectedCondition.apply(QAFTestBase.java:487)
	at com.qmetry.qaf.automation.core.QAFTestBase$DriverInitExpectedCondition.apply(QAFTestBase.java:1)
	at org.openqa.selenium.support.ui.FluentWait.until(FluentWait.java:238)
	at com.qmetry.qaf.automation.core.QAFTestBase.init(QAFTestBase.java:389)
	at com.qmetry.qaf.automation.core.QAFTestBase.getUiDriver(QAFTestBase.java:177)
	at com.qmetry.qaf.automation.ui.WebDriverTestBase.getDriver(WebDriverTestBase.java:47)
	at com.qmetry.qaf.automation.ui.WebDriverTestBase.getDriver(WebDriverTestBase.java:1)
	at com.qmetry.qaf.automation.ui.AbstractTestCase.getDriver(AbstractTestCase.java:78)
	at com.quantum.listerners.QuantumReportiumListener.createReportiumClient(QuantumReportiumListener.java:198)
	at com.quantum.listerners.QuantumReportiumListener.onTestStart(QuantumReportiumListener.java:76)
	at org.testng.internal.Invoker.runTestListeners(Invoker.java:1700)
	at org.testng.internal.Invoker.runTestListeners(Invoker.java:1675)
	at org.testng.internal.Invoker.invokeMethod(Invoker.java:619)
	at org.testng.internal.Invoker.invokeTestMethod(Invoker.java:820)
	at org.testng.internal.Invoker.invokeTestMethods(Invoker.java:1128)
	at org.testng.internal.TestMethodWorker.invokeTestMethods(TestMethodWorker.java:129)
	at org.testng.internal.TestMethodWorker.run(TestMethodWorker.java:112)
	at org.testng.TestRunner.privateRun(TestRunner.java:806)
	at org.testng.TestRunner.run(TestRunner.java:656)
	at org.testng.SuiteRunner.runTest(SuiteRunner.java:366)
	at org.testng.SuiteRunner.access$000(SuiteRunner.java:39)
	at org.testng.SuiteRunner$SuiteWorker.run(SuiteRunner.java:400)
	at org.testng.internal.thread.ThreadUtil$2.call(ThreadUtil.java:64)
	at java.util.concurrent.FutureTask.run(Unknown Source)
	at java.util.concurrent.ThreadPoolExecutor.runWorker(Unknown Source)
	at java.util.concurrent.ThreadPoolExecutor$Worker.run(Unknown Source)
	at java.lang.Thread.run(Unknown Source)
]]>
            </full-stacktrace>
          </exception> <!-- com.qmetry.qaf.automation.core.AutomationError -->
          <reporter-output>
            <line>
              <![CDATA[<div style="display:block;margin-left:10px;"></div>]]>
            </line>
          </reporter-output>
        </test-method> <!-- Search Keyword CSV Data -->
        <test-method status="PASS" signature="setupMethod(java.lang.reflect.Method, org.testng.ITestContext)[pri:0, instance:com.qmetry.qaf.automation.step.client.DataDrivenScenario@3f1]" test-instance-name="Search Keyword CSV Data" name="setupMethod" is-config="true" duration-ms="0" started-at="2017-03-31T12:51:50Z" finished-at="2017-03-31T12:51:50Z">
          <params>
            <param index="0">
              <value>
                <![CDATA[public void com.qmetry.qaf.automation.step.client.DataDrivenScenario.scenario(java.util.Map)]]>
              </value>
            </param>
            <param index="1">
              <value>
                <![CDATA[org.testng.TestRunner@443118b0]]>
              </value>
            </param>
          </params>
          <reporter-output>
          </reporter-output>
        </test-method> <!-- setupMethod -->
        <test-method status="PASS" signature="setupMethod(java.lang.reflect.Method, org.testng.ITestContext)[pri:0, instance:com.qmetry.qaf.automation.step.client.DataDrivenScenario@3f1]" test-instance-name="Search Keyword CSV Data" name="setupMethod" is-config="true" duration-ms="0" started-at="2017-03-31T12:52:52Z" finished-at="2017-03-31T12:52:52Z">
          <params>
            <param index="0">
              <value>
                <![CDATA[public void com.qmetry.qaf.automation.step.client.DataDrivenScenario.scenario(java.util.Map)]]>
              </value>
            </param>
            <param index="1">
              <value>
                <![CDATA[org.testng.TestRunner@443118b0]]>
              </value>
            </param>
          </params>
          <reporter-output>
          </reporter-output>
        </test-method> <!-- setupMethod -->
        <test-method status="SKIP" signature="Search Keyword CSV Data( java.util.Map)[pri:1009, instance:com.qmetry.qaf.automation.step.client.DataDrivenScenario@3f1]" test-instance-name="Search Keyword CSV Data" name="Search Keyword CSV Data" duration-ms="62592" started-at="2017-03-31T12:52:52Z" data-provider="scenariodp" finished-at="2017-03-31T12:53:55Z">
          <params>
            <param index="0">
              <value>
                <![CDATA[{searchResult=GitHub, searchKey=Project-Quantum Quantum-Starter-Kit }]]>
              </value>
            </param>
          </params>
          <exception class="com.qmetry.qaf.automation.core.AutomationError">
            <message>
              <![CDATA[Timed out after 60 seconds: Unable to create driver instance in 7th attempt with retry timeout of 60 seconds. You can check/set value of 'driver.init.retry.timeout' appropriately to set retry timeout on driver initialization failure.
Failed to start execution - Access denied - bad credentials
Command duration or timeout: 251 milliseconds
Build info: version: '2.53.1', revision: 'a36b8b1cd5757287168e54b817830adce9b0158d', time: '2016-06-30 19:26:09'
System info: host: 'ICPL11541', ip: '10.11.31.182', os.name: 'Windows 8', os.arch: 'amd64', os.version: '6.2', java.version: '1.8.0_111'
Driver info: com.qmetry.qaf.automation.ui.webdriver.QAFExtendedWebDriver]]>
            </message>
            <full-stacktrace>
              <![CDATA[com.qmetry.qaf.automation.core.AutomationError: Timed out after 60 seconds: Unable to create driver instance in 7th attempt with retry timeout of 60 seconds. You can check/set value of 'driver.init.retry.timeout' appropriately to set retry timeout on driver initialization failure.
Failed to start execution - Access denied - bad credentials
Command duration or timeout: 251 milliseconds
Build info: version: '2.53.1', revision: 'a36b8b1cd5757287168e54b817830adce9b0158d', time: '2016-06-30 19:26:09'
System info: host: 'ICPL11541', ip: '10.11.31.182', os.name: 'Windows 8', os.arch: 'amd64', os.version: '6.2', java.version: '1.8.0_111'
Driver info: com.qmetry.qaf.automation.ui.webdriver.QAFExtendedWebDriver
	at sun.reflect.GeneratedConstructorAccessor15.newInstance(Unknown Source)
	at sun.reflect.DelegatingConstructorAccessorImpl.newInstance(Unknown Source)
	at java.lang.reflect.Constructor.newInstance(Unknown Source)
	at org.openqa.selenium.remote.ErrorHandler.createThrowable(ErrorHandler.java:206)
	at org.openqa.selenium.remote.ErrorHandler.throwIfResponseFailed(ErrorHandler.java:158)
	at org.openqa.selenium.remote.RemoteWebDriver.execute(RemoteWebDriver.java:678)
	at com.qmetry.qaf.automation.ui.webdriver.QAFExtendedWebDriver.execute(QAFExtendedWebDriver.java:234)
	at org.openqa.selenium.remote.RemoteWebDriver.startSession(RemoteWebDriver.java:249)
	at org.openqa.selenium.remote.RemoteWebDriver.<init>(RemoteWebDriver.java:131)
	at org.openqa.selenium.remote.RemoteWebDriver.<init>(RemoteWebDriver.java:158)
	at com.qmetry.qaf.automation.ui.webdriver.QAFExtendedWebDriver.<init>(QAFExtendedWebDriver.java:93)
	at com.qmetry.qaf.automation.ui.UiDriverFactory$Browsers.getDriver(UiDriverFactory.java:441)
	at com.qmetry.qaf.automation.ui.UiDriverFactory$Browsers.access$3(UiDriverFactory.java:420)
	at com.qmetry.qaf.automation.ui.UiDriverFactory.getDriver(UiDriverFactory.java:233)
	at com.qmetry.qaf.automation.ui.UiDriverFactory.get(UiDriverFactory.java:94)
	at com.qmetry.qaf.automation.core.QAFTestBase$DriverInitExpectedCondition.apply(QAFTestBase.java:487)
	at com.qmetry.qaf.automation.core.QAFTestBase$DriverInitExpectedCondition.apply(QAFTestBase.java:1)
	at org.openqa.selenium.support.ui.FluentWait.until(FluentWait.java:238)
	at com.qmetry.qaf.automation.core.QAFTestBase.init(QAFTestBase.java:389)
	at com.qmetry.qaf.automation.core.QAFTestBase.getUiDriver(QAFTestBase.java:177)
	at com.qmetry.qaf.automation.ui.WebDriverTestBase.getDriver(WebDriverTestBase.java:47)
	at com.qmetry.qaf.automation.ui.WebDriverTestBase.getDriver(WebDriverTestBase.java:1)
	at com.qmetry.qaf.automation.ui.AbstractTestCase.getDriver(AbstractTestCase.java:78)
	at com.quantum.listerners.QuantumReportiumListener.createReportiumClient(QuantumReportiumListener.java:198)
	at com.quantum.listerners.QuantumReportiumListener.onTestStart(QuantumReportiumListener.java:76)
	at org.testng.internal.Invoker.runTestListeners(Invoker.java:1700)
	at org.testng.internal.Invoker.runTestListeners(Invoker.java:1675)
	at org.testng.internal.Invoker.invokeMethod(Invoker.java:619)
	at org.testng.internal.Invoker.invokeTestMethod(Invoker.java:820)
	at org.testng.internal.Invoker.invokeTestMethods(Invoker.java:1128)
	at org.testng.internal.TestMethodWorker.invokeTestMethods(TestMethodWorker.java:129)
	at org.testng.internal.TestMethodWorker.run(TestMethodWorker.java:112)
	at org.testng.TestRunner.privateRun(TestRunner.java:806)
	at org.testng.TestRunner.run(TestRunner.java:656)
	at org.testng.SuiteRunner.runTest(SuiteRunner.java:366)
	at org.testng.SuiteRunner.access$000(SuiteRunner.java:39)
	at org.testng.SuiteRunner$SuiteWorker.run(SuiteRunner.java:400)
	at org.testng.internal.thread.ThreadUtil$2.call(ThreadUtil.java:64)
	at java.util.concurrent.FutureTask.run(Unknown Source)
	at java.util.concurrent.ThreadPoolExecutor.runWorker(Unknown Source)
	at java.util.concurrent.ThreadPoolExecutor$Worker.run(Unknown Source)
	at java.lang.Thread.run(Unknown Source)
]]>
            </full-stacktrace>
          </exception> <!-- com.qmetry.qaf.automation.core.AutomationError -->
          <reporter-output>
            <line>
              <![CDATA[<div style="display:block;margin-left:10px;"></div>]]>
            </line>
          </reporter-output>
        </test-method> <!-- Search Keyword CSV Data -->
        <test-method status="PASS" signature="afterMethod(org.testng.ITestContext, org.testng.ITestResult)[pri:0, instance:com.qmetry.qaf.automation.step.client.DataDrivenScenario@3f1]" test-instance-name="Search Keyword CSV Data" name="afterMethod" is-config="true" duration-ms="0" started-at="2017-03-31T12:52:52Z" finished-at="2017-03-31T12:52:52Z">
          <params>
            <param index="0">
              <value>
                <![CDATA[org.testng.TestRunner@443118b0]]>
              </value>
            </param>
            <param index="1">
              <value>
                <![CDATA[[TestResult name=Search Keyword CSV Data status=SKIP method=src.main.resources.scenarios.webSearch.feature.Search Keyword CSV Data( java.util.Map)[pri:1009, instance:com.qmetry.qaf.automation.step.client.DataDrivenScenario@3f1] output=<div style="display:block;margin-left:10px;"></div>]]]>
              </value>
            </param>
          </params>
          <reporter-output>
          </reporter-output>
        </test-method> <!-- afterMethod -->
        <test-method status="PASS" signature="afterClass(org.testng.ITestContext)[pri:0, instance:com.qmetry.qaf.automation.step.client.DataDrivenScenario@3f1]" test-instance-name="Search Keyword CSV Data" name="afterClass" is-config="true" duration-ms="0" started-at="2017-03-31T12:53:55Z" finished-at="2017-03-31T12:53:55Z">
          <params>
            <param index="0">
              <value>
                <![CDATA[org.testng.TestRunner@443118b0]]>
              </value>
            </param>
          </params>
          <reporter-output>
          </reporter-output>
        </test-method> <!-- afterClass -->
        <test-method status="PASS" signature="afterMethod(org.testng.ITestContext, org.testng.ITestResult)[pri:0, instance:com.qmetry.qaf.automation.step.client.DataDrivenScenario@3f1]" test-instance-name="Search Keyword CSV Data" name="afterMethod" is-config="true" duration-ms="0" started-at="2017-03-31T12:53:55Z" finished-at="2017-03-31T12:53:55Z">
          <params>
            <param index="0">
              <value>
                <![CDATA[org.testng.TestRunner@443118b0]]>
              </value>
            </param>
            <param index="1">
              <value>
                <![CDATA[[TestResult name=Search Keyword CSV Data status=SKIP method=src.main.resources.scenarios.webSearch.feature.Search Keyword CSV Data( java.util.Map)[pri:1009, instance:com.qmetry.qaf.automation.step.client.DataDrivenScenario@3f1] output=<div style="display:block;margin-left:10px;"></div>]]]>
              </value>
            </param>
          </params>
          <reporter-output>
          </reporter-output>
        </test-method> <!-- afterMethod -->
      </class> <!-- com.qmetry.qaf.automation.step.client.DataDrivenScenario -->
    </test> <!-- Web Scenarios iOS Test -->
  </suite> <!-- Web Demo Suite -->
</testng-results>
