<?xml version="1.0" encoding="UTF-8"?>
<!-- Generated by org.testng.reporters.JUnitXMLReporter -->
<testsuite hostname="ICPL11541" name="Web Scenarios iOS Test" tests="8" failures="0" timestamp="31 Mar 2017 07:23:55 GMT" time="544.063" errors="0">
  <testcase name="Search Quantum" time="63.75" classname="com.qmetry.qaf.automation.step.client.Scenario">
    <skipped/>
  </testcase> <!-- Search Quantum -->
  <testcase name="Search Quantum with results" time="61.756" classname="com.qmetry.qaf.automation.step.client.Scenario">
    <skipped/>
  </testcase> <!-- Search Quantum with results -->
  <testcase name="Search Keyword Inline Data" time="61.0" classname="com.qmetry.qaf.automation.step.client.DataDrivenScenario">
    <skipped/>
  </testcase> <!-- Search Keyword Inline Data -->
  <testcase name="Search Keyword Inline Data" time="61.834" classname="com.qmetry.qaf.automation.step.client.DataDrivenScenario">
    <skipped/>
  </testcase> <!-- Search Keyword Inline Data -->
  <testcase name="Search Keyword XML Data" time="106.445" classname="com.qmetry.qaf.automation.step.client.DataDrivenScenario">
    <skipped/>
  </testcase> <!-- Search Keyword XML Data -->
  <testcase name="Search Keyword XML Data" time="63.673" classname="com.qmetry.qaf.automation.step.client.DataDrivenScenario">
    <skipped/>
  </testcase> <!-- Search Keyword XML Data -->
  <testcase name="Search Keyword CSV Data" time="62.858" classname="com.qmetry.qaf.automation.step.client.DataDrivenScenario">
    <skipped/>
  </testcase> <!-- Search Keyword CSV Data -->
  <testcase name="Search Keyword CSV Data" time="62.592" classname="com.qmetry.qaf.automation.step.client.DataDrivenScenario">
    <skipped/>
  </testcase> <!-- Search Keyword CSV Data -->
</testsuite> <!-- Web Scenarios iOS Test -->
