<?xml version="1.0" encoding="UTF-8"?>
<testng-results skipped="16" failed="0" total="16" passed="0">
  <reporter-output>
    <line>
      <![CDATA[<div style="display:block;margin-left:10px;"></div>]]>
    </line>
    <line>
      <![CDATA[<div style="display:block;margin-left:10px;"></div>]]>
    </line>
    <line>
      <![CDATA[<div style="display:block;margin-left:10px;"></div>]]>
    </line>
    <line>
      <![CDATA[<div style="display:block;margin-left:10px;"></div>]]>
    </line>
    <line>
      <![CDATA[<div style="display:block;margin-left:10px;"></div>]]>
    </line>
    <line>
      <![CDATA[<div style="display:block;margin-left:10px;"></div>]]>
    </line>
    <line>
      <![CDATA[<div style="display:block;margin-left:10px;"></div>]]>
    </line>
    <line>
      <![CDATA[<div style="display:block;margin-left:10px;"></div>]]>
    </line>
    <line>
      <![CDATA[<div style="display:block;margin-left:10px;"></div>]]>
    </line>
    <line>
      <![CDATA[<div style="display:block;margin-left:10px;"></div>]]>
    </line>
    <line>
      <![CDATA[<div style="display:block;margin-left:10px;"></div>]]>
    </line>
    <line>
      <![CDATA[<div style="display:block;margin-left:10px;"></div>]]>
    </line>
    <line>
      <![CDATA[<div style="display:block;margin-left:10px;"></div>]]>
    </line>
    <line>
      <![CDATA[<div style="display:block;margin-left:10px;"></div>]]>
    </line>
    <line>
      <![CDATA[<div style="display:block;margin-left:10px;"></div>]]>
    </line>
    <line>
      <![CDATA[<div style="display:block;margin-left:10px;"></div>]]>
    </line>
    <line>
      <![CDATA[<div style="display:block;margin-left:10px;"></div>]]>
    </line>
    <line>
      <![CDATA[<div style="display:block;margin-left:10px;"></div>]]>
    </line>
    <line>
      <![CDATA[<div style="display:block;margin-left:10px;"></div>]]>
    </line>
    <line>
      <![CDATA[<div style="display:block;margin-left:10px;"></div>]]>
    </line>
    <line>
      <![CDATA[<div style="display:block;margin-left:10px;"></div>]]>
    </line>
    <line>
      <![CDATA[<div style="display:block;margin-left:10px;"></div>]]>
    </line>
    <line>
      <![CDATA[<div style="display:block;margin-left:10px;"></div>]]>
    </line>
    <line>
      <![CDATA[<div style="display:block;margin-left:10px;"></div>]]>
    </line>
    <line>
      <![CDATA[<div style="display:block;margin-left:10px;"></div>]]>
    </line>
    <line>
      <![CDATA[<div style="display:block;margin-left:10px;"></div>]]>
    </line>
    <line>
      <![CDATA[<div style="display:block;margin-left:10px;"></div>]]>
    </line>
    <line>
      <![CDATA[<div style="display:block;margin-left:10px;"></div>]]>
    </line>
    <line>
      <![CDATA[<div style="display:block;margin-left:10px;"></div>]]>
    </line>
    <line>
      <![CDATA[<div style="display:block;margin-left:10px;"></div>]]>
    </line>
    <line>
      <![CDATA[<div style="display:block;margin-left:10px;"></div>]]>
    </line>
    <line>
      <![CDATA[<div style="display:block;margin-left:10px;"></div>]]>
    </line>
  </reporter-output>
  <suite name="Web Demo Suite" duration-ms="523384" started-at="2017-03-31T10:18:40Z" finished-at="2017-03-31T10:27:23Z">
    <groups>
      <group name="@WebDDcsv">
        <method signature="src.main.resources.scenarios.webSearch.feature.Search Keyword CSV Data( java.util.Map)[pri:1004, instance:com.qmetry.qaf.automation.step.client.DataDrivenScenario@3ec]" name="Search Keyword CSV Data" class="com.qmetry.qaf.automation.step.client.DataDrivenScenario"/>
        <method signature="src.main.resources.scenarios.webSearch.feature.Search Keyword CSV Data( java.util.Map)[pri:1009, instance:com.qmetry.qaf.automation.step.client.DataDrivenScenario@3f1]" name="Search Keyword CSV Data" class="com.qmetry.qaf.automation.step.client.DataDrivenScenario"/>
      </group> <!-- @WebDDcsv -->
      <group name="@WebDDxml">
        <method signature="src.main.resources.scenarios.webSearch.feature.Search Keyword XML Data( java.util.Map)[pri:1003, instance:com.qmetry.qaf.automation.step.client.DataDrivenScenario@3eb]" name="Search Keyword XML Data" class="com.qmetry.qaf.automation.step.client.DataDrivenScenario"/>
        <method signature="src.main.resources.scenarios.webSearch.feature.Search Keyword XML Data( java.util.Map)[pri:1008, instance:com.qmetry.qaf.automation.step.client.DataDrivenScenario@3f0]" name="Search Keyword XML Data" class="com.qmetry.qaf.automation.step.client.DataDrivenScenario"/>
      </group> <!-- @WebDDxml -->
      <group name="@Web">
        <method signature="src.main.resources.scenarios.webSearch.feature.Search Keyword CSV Data( java.util.Map)[pri:1004, instance:com.qmetry.qaf.automation.step.client.DataDrivenScenario@3ec]" name="Search Keyword CSV Data" class="com.qmetry.qaf.automation.step.client.DataDrivenScenario"/>
        <method signature="src.main.resources.scenarios.webSearch.feature.Search Keyword Inline Data( java.util.Map)[pri:1002, instance:com.qmetry.qaf.automation.step.client.DataDrivenScenario@3ea]" name="Search Keyword Inline Data" class="com.qmetry.qaf.automation.step.client.DataDrivenScenario"/>
        <method signature="src.main.resources.scenarios.webSearch.feature.Search Keyword XML Data( java.util.Map)[pri:1003, instance:com.qmetry.qaf.automation.step.client.DataDrivenScenario@3eb]" name="Search Keyword XML Data" class="com.qmetry.qaf.automation.step.client.DataDrivenScenario"/>
        <method signature="src.main.resources.scenarios.webSearch.feature.Search Quantum with results()[pri:1001, instance:com.qmetry.qaf.automation.step.client.Scenario@3e9]" name="Search Quantum with results" class="com.qmetry.qaf.automation.step.client.Scenario"/>
        <method signature="src.main.resources.scenarios.webSearch.feature.Search Quantum()[pri:1000, instance:com.qmetry.qaf.automation.step.client.Scenario@3e8]" name="Search Quantum" class="com.qmetry.qaf.automation.step.client.Scenario"/>
        <method signature="src.main.resources.scenarios.webSearch.feature.Search Keyword CSV Data( java.util.Map)[pri:1009, instance:com.qmetry.qaf.automation.step.client.DataDrivenScenario@3f1]" name="Search Keyword CSV Data" class="com.qmetry.qaf.automation.step.client.DataDrivenScenario"/>
        <method signature="src.main.resources.scenarios.webSearch.feature.Search Keyword Inline Data( java.util.Map)[pri:1007, instance:com.qmetry.qaf.automation.step.client.DataDrivenScenario@3ef]" name="Search Keyword Inline Data" class="com.qmetry.qaf.automation.step.client.DataDrivenScenario"/>
        <method signature="src.main.resources.scenarios.webSearch.feature.Search Keyword XML Data( java.util.Map)[pri:1008, instance:com.qmetry.qaf.automation.step.client.DataDrivenScenario@3f0]" name="Search Keyword XML Data" class="com.qmetry.qaf.automation.step.client.DataDrivenScenario"/>
        <method signature="src.main.resources.scenarios.webSearch.feature.Search Quantum with results()[pri:1006, instance:com.qmetry.qaf.automation.step.client.Scenario@3ee]" name="Search Quantum with results" class="com.qmetry.qaf.automation.step.client.Scenario"/>
        <method signature="src.main.resources.scenarios.webSearch.feature.Search Quantum()[pri:1005, instance:com.qmetry.qaf.automation.step.client.Scenario@3ed]" name="Search Quantum" class="com.qmetry.qaf.automation.step.client.Scenario"/>
      </group> <!-- @Web -->
      <group name="@WebSearch">
        <method signature="src.main.resources.scenarios.webSearch.feature.Search Quantum()[pri:1000, instance:com.qmetry.qaf.automation.step.client.Scenario@3e8]" name="Search Quantum" class="com.qmetry.qaf.automation.step.client.Scenario"/>
        <method signature="src.main.resources.scenarios.webSearch.feature.Search Quantum()[pri:1005, instance:com.qmetry.qaf.automation.step.client.Scenario@3ed]" name="Search Quantum" class="com.qmetry.qaf.automation.step.client.Scenario"/>
      </group> <!-- @WebSearch -->
      <group name="@WebDD">
        <method signature="src.main.resources.scenarios.webSearch.feature.Search Keyword Inline Data( java.util.Map)[pri:1002, instance:com.qmetry.qaf.automation.step.client.DataDrivenScenario@3ea]" name="Search Keyword Inline Data" class="com.qmetry.qaf.automation.step.client.DataDrivenScenario"/>
        <method signature="src.main.resources.scenarios.webSearch.feature.Search Keyword Inline Data( java.util.Map)[pri:1007, instance:com.qmetry.qaf.automation.step.client.DataDrivenScenario@3ef]" name="Search Keyword Inline Data" class="com.qmetry.qaf.automation.step.client.DataDrivenScenario"/>
      </group> <!-- @WebDD -->
      <group name="@WebResultsList">
        <method signature="src.main.resources.scenarios.webSearch.feature.Search Quantum with results()[pri:1001, instance:com.qmetry.qaf.automation.step.client.Scenario@3e9]" name="Search Quantum with results" class="com.qmetry.qaf.automation.step.client.Scenario"/>
        <method signature="src.main.resources.scenarios.webSearch.feature.Search Quantum with results()[pri:1006, instance:com.qmetry.qaf.automation.step.client.Scenario@3ee]" name="Search Quantum with results" class="com.qmetry.qaf.automation.step.client.Scenario"/>
      </group> <!-- @WebResultsList -->
    </groups>
    <test name="Web Scenarios Android Test" duration-ms="521717" started-at="2017-03-31T10:18:40Z" finished-at="2017-03-31T10:27:21Z">
      <class name="com.qmetry.qaf.automation.step.client.Scenario">
        <test-method status="PASS" signature="setupTest(org.testng.ITestContext)[pri:0, instance:com.qmetry.qaf.automation.step.client.Scenario@3e9]" test-instance-name="Search Quantum" name="setupTest" is-config="true" duration-ms="15" started-at="2017-03-31T15:48:40Z" finished-at="2017-03-31T15:48:40Z">
          <params>
            <param index="0">
              <value>
                <![CDATA[org.testng.TestRunner@1f50edab]]>
              </value>
            </param>
          </params>
          <reporter-output>
          </reporter-output>
        </test-method> <!-- setupTest -->
        <test-method status="SKIP" signature="Search Quantum()[pri:1000, instance:com.qmetry.qaf.automation.step.client.Scenario@3e8]" test-instance-name="Search Quantum" name="Search Quantum" duration-ms="66956" started-at="2017-03-31T15:48:40Z" finished-at="2017-03-31T15:49:47Z">
          <exception class="com.qmetry.qaf.automation.core.AutomationError">
            <message>
              <![CDATA[Timed out after 60 seconds: Unable to create driver instance in 7th attempt with retry timeout of 60 seconds. You can check/set value of 'driver.init.retry.timeout' appropriately to set retry timeout on driver initialization failure.
Failed to obtain device with options ' MobileDeviceFindOptions [_os=null, _osVersion=null, _manufacturer=null, _model=8B9C0353C6F2D5A6CDE34E5A4FFB33011BB6A5E5, _appName=MobileOS, _appVersion=, _resolution=null, _network=null, _location=null, _description=null, _deviceType=null, _operabilityScore=null]'. Message: Failed to execute command handset obtain: No device was found
Build info: version: '2.48.2', revision: '41bccdd10cf2c0560f637404c2d96164b67d9d67', time: '2015-10-09 13:08:06'
System info: host: 'be32ff49ce4f', ip: '172.18.0.4', os.name: 'Linux', os.arch: 'amd64', os.version: '4.4.0-47-generic', java.version: '1.8.0_102'
Driver info: driver.version: PerfectoMobileDriver
Command duration or timeout: 708 milliseconds
Build info: version: '2.53.1', revision: 'a36b8b1cd5757287168e54b817830adce9b0158d', time: '2016-06-30 19:26:09'
System info: host: 'ICPL11541', ip: '10.11.31.182', os.name: 'Windows 8', os.arch: 'amd64', os.version: '6.2', java.version: '1.8.0_111'
Driver info: com.qmetry.qaf.automation.ui.webdriver.QAFExtendedWebDriver]]>
            </message>
            <full-stacktrace>
              <![CDATA[com.qmetry.qaf.automation.core.AutomationError: Timed out after 60 seconds: Unable to create driver instance in 7th attempt with retry timeout of 60 seconds. You can check/set value of 'driver.init.retry.timeout' appropriately to set retry timeout on driver initialization failure.
Failed to obtain device with options ' MobileDeviceFindOptions [_os=null, _osVersion=null, _manufacturer=null, _model=8B9C0353C6F2D5A6CDE34E5A4FFB33011BB6A5E5, _appName=MobileOS, _appVersion=, _resolution=null, _network=null, _location=null, _description=null, _deviceType=null, _operabilityScore=null]'. Message: Failed to execute command handset obtain: No device was found
Build info: version: '2.48.2', revision: '41bccdd10cf2c0560f637404c2d96164b67d9d67', time: '2015-10-09 13:08:06'
System info: host: 'be32ff49ce4f', ip: '172.18.0.4', os.name: 'Linux', os.arch: 'amd64', os.version: '4.4.0-47-generic', java.version: '1.8.0_102'
Driver info: driver.version: PerfectoMobileDriver
Command duration or timeout: 708 milliseconds
Build info: version: '2.53.1', revision: 'a36b8b1cd5757287168e54b817830adce9b0158d', time: '2016-06-30 19:26:09'
System info: host: 'ICPL11541', ip: '10.11.31.182', os.name: 'Windows 8', os.arch: 'amd64', os.version: '6.2', java.version: '1.8.0_111'
Driver info: com.qmetry.qaf.automation.ui.webdriver.QAFExtendedWebDriver
	at sun.reflect.NativeConstructorAccessorImpl.newInstance0(Native Method)
	at sun.reflect.NativeConstructorAccessorImpl.newInstance(Unknown Source)
	at sun.reflect.DelegatingConstructorAccessorImpl.newInstance(Unknown Source)
	at java.lang.reflect.Constructor.newInstance(Unknown Source)
	at org.openqa.selenium.remote.ErrorHandler.createThrowable(ErrorHandler.java:206)
	at org.openqa.selenium.remote.ErrorHandler.throwIfResponseFailed(ErrorHandler.java:158)
	at org.openqa.selenium.remote.RemoteWebDriver.execute(RemoteWebDriver.java:678)
	at com.qmetry.qaf.automation.ui.webdriver.QAFExtendedWebDriver.execute(QAFExtendedWebDriver.java:234)
	at org.openqa.selenium.remote.RemoteWebDriver.startSession(RemoteWebDriver.java:249)
	at org.openqa.selenium.remote.RemoteWebDriver.<init>(RemoteWebDriver.java:131)
	at org.openqa.selenium.remote.RemoteWebDriver.<init>(RemoteWebDriver.java:158)
	at com.qmetry.qaf.automation.ui.webdriver.QAFExtendedWebDriver.<init>(QAFExtendedWebDriver.java:93)
	at com.qmetry.qaf.automation.ui.UiDriverFactory$Browsers.getDriver(UiDriverFactory.java:441)
	at com.qmetry.qaf.automation.ui.UiDriverFactory$Browsers.access$3(UiDriverFactory.java:420)
	at com.qmetry.qaf.automation.ui.UiDriverFactory.getDriver(UiDriverFactory.java:233)
	at com.qmetry.qaf.automation.ui.UiDriverFactory.get(UiDriverFactory.java:94)
	at com.qmetry.qaf.automation.core.QAFTestBase$DriverInitExpectedCondition.apply(QAFTestBase.java:487)
	at com.qmetry.qaf.automation.core.QAFTestBase$DriverInitExpectedCondition.apply(QAFTestBase.java:1)
	at org.openqa.selenium.support.ui.FluentWait.until(FluentWait.java:238)
	at com.qmetry.qaf.automation.core.QAFTestBase.init(QAFTestBase.java:389)
	at com.qmetry.qaf.automation.core.QAFTestBase.getUiDriver(QAFTestBase.java:177)
	at com.qmetry.qaf.automation.ui.WebDriverTestBase.getDriver(WebDriverTestBase.java:47)
	at com.qmetry.qaf.automation.ui.WebDriverTestBase.getDriver(WebDriverTestBase.java:1)
	at com.qmetry.qaf.automation.ui.AbstractTestCase.getDriver(AbstractTestCase.java:78)
	at com.quantum.listerners.QuantumReportiumListener.createReportiumClient(QuantumReportiumListener.java:198)
	at com.quantum.listerners.QuantumReportiumListener.onTestStart(QuantumReportiumListener.java:76)
	at org.testng.internal.Invoker.runTestListeners(Invoker.java:1700)
	at org.testng.internal.Invoker.runTestListeners(Invoker.java:1675)
	at org.testng.internal.Invoker.invokeMethod(Invoker.java:619)
	at org.testng.internal.Invoker.invokeTestMethod(Invoker.java:820)
	at org.testng.internal.Invoker.invokeTestMethods(Invoker.java:1128)
	at org.testng.internal.TestMethodWorker.invokeTestMethods(TestMethodWorker.java:129)
	at org.testng.internal.TestMethodWorker.run(TestMethodWorker.java:112)
	at org.testng.TestRunner.privateRun(TestRunner.java:806)
	at org.testng.TestRunner.run(TestRunner.java:656)
	at org.testng.SuiteRunner.runTest(SuiteRunner.java:366)
	at org.testng.SuiteRunner.access$000(SuiteRunner.java:39)
	at org.testng.SuiteRunner$SuiteWorker.run(SuiteRunner.java:400)
	at org.testng.internal.thread.ThreadUtil$2.call(ThreadUtil.java:64)
	at java.util.concurrent.FutureTask.run(Unknown Source)
	at java.util.concurrent.ThreadPoolExecutor.runWorker(Unknown Source)
	at java.util.concurrent.ThreadPoolExecutor$Worker.run(Unknown Source)
	at java.lang.Thread.run(Unknown Source)
]]>
            </full-stacktrace>
          </exception> <!-- com.qmetry.qaf.automation.core.AutomationError -->
          <reporter-output>
            <line>
              <![CDATA[<div style="display:block;margin-left:10px;"></div>]]>
            </line>
            <line>
              <![CDATA[<div style="display:block;margin-left:10px;"></div>]]>
            </line>
          </reporter-output>
        </test-method> <!-- Search Quantum -->
        <test-method status="PASS" signature="setupMethod(java.lang.reflect.Method, org.testng.ITestContext)[pri:0, instance:com.qmetry.qaf.automation.step.client.Scenario@3e9]" test-instance-name="Search Quantum" name="setupMethod" is-config="true" duration-ms="0" started-at="2017-03-31T15:48:40Z" finished-at="2017-03-31T15:48:40Z">
          <params>
            <param index="0">
              <value>
                <![CDATA[public void com.qmetry.qaf.automation.step.client.Scenario.scenario()]]>
              </value>
            </param>
            <param index="1">
              <value>
                <![CDATA[org.testng.TestRunner@1f50edab]]>
              </value>
            </param>
          </params>
          <reporter-output>
          </reporter-output>
        </test-method> <!-- setupMethod -->
        <test-method status="PASS" signature="setup(org.testng.ITestContext)[pri:0, instance:com.qmetry.qaf.automation.step.client.Scenario@3e9]" test-instance-name="Search Quantum" name="setup" is-config="true" duration-ms="0" started-at="2017-03-31T15:48:40Z" finished-at="2017-03-31T15:48:40Z">
          <params>
            <param index="0">
              <value>
                <![CDATA[org.testng.TestRunner@1f50edab]]>
              </value>
            </param>
          </params>
          <reporter-output>
          </reporter-output>
        </test-method> <!-- setup -->
        <test-method status="PASS" signature="afterMethod(org.testng.ITestContext, org.testng.ITestResult)[pri:0, instance:com.qmetry.qaf.automation.step.client.Scenario@3e9]" test-instance-name="Search Quantum" name="afterMethod" is-config="true" duration-ms="16" started-at="2017-03-31T15:49:47Z" finished-at="2017-03-31T15:49:47Z">
          <params>
            <param index="0">
              <value>
                <![CDATA[org.testng.TestRunner@1f50edab]]>
              </value>
            </param>
            <param index="1">
              <value>
                <![CDATA[[TestResult name=Search Quantum status=SKIP method=src.main.resources.scenarios.webSearch.feature.Search Quantum()[pri:1000, instance:com.qmetry.qaf.automation.step.client.Scenario@3e8] output=<div style="display:block;margin-left:10px;"></div>]]]>
              </value>
            </param>
          </params>
          <reporter-output>
          </reporter-output>
        </test-method> <!-- afterMethod -->
        <test-method status="PASS" signature="setup(org.testng.ITestContext)[pri:0, instance:com.qmetry.qaf.automation.step.client.Scenario@3e9]" test-instance-name="Search Quantum with results" name="setup" is-config="true" duration-ms="0" started-at="2017-03-31T15:49:47Z" finished-at="2017-03-31T15:49:47Z">
          <params>
            <param index="0">
              <value>
                <![CDATA[org.testng.TestRunner@1f50edab]]>
              </value>
            </param>
          </params>
          <reporter-output>
          </reporter-output>
        </test-method> <!-- setup -->
        <test-method status="SKIP" signature="Search Quantum with results()[pri:1001, instance:com.qmetry.qaf.automation.step.client.Scenario@3e9]" test-instance-name="Search Quantum with results" name="Search Quantum with results" duration-ms="64894" started-at="2017-03-31T15:49:47Z" finished-at="2017-03-31T15:50:52Z">
          <exception class="com.qmetry.qaf.automation.core.AutomationError">
            <message>
              <![CDATA[Timed out after 60 seconds: Unable to create driver instance in 7th attempt with retry timeout of 60 seconds. You can check/set value of 'driver.init.retry.timeout' appropriately to set retry timeout on driver initialization failure.
Failed to obtain device with options ' MobileDeviceFindOptions [_os=null, _osVersion=null, _manufacturer=null, _model=8B9C0353C6F2D5A6CDE34E5A4FFB33011BB6A5E5, _appName=MobileOS, _appVersion=, _resolution=null, _network=null, _location=null, _description=null, _deviceType=null, _operabilityScore=null]'. Message: Failed to execute command handset obtain: No device was found
Build info: version: '2.48.2', revision: '41bccdd10cf2c0560f637404c2d96164b67d9d67', time: '2015-10-09 13:08:06'
System info: host: 'be32ff49ce4f', ip: '172.18.0.4', os.name: 'Linux', os.arch: 'amd64', os.version: '4.4.0-47-generic', java.version: '1.8.0_102'
Driver info: driver.version: PerfectoMobileDriver
Command duration or timeout: 688 milliseconds
Build info: version: '2.53.1', revision: 'a36b8b1cd5757287168e54b817830adce9b0158d', time: '2016-06-30 19:26:09'
System info: host: 'ICPL11541', ip: '10.11.31.182', os.name: 'Windows 8', os.arch: 'amd64', os.version: '6.2', java.version: '1.8.0_111'
Driver info: com.qmetry.qaf.automation.ui.webdriver.QAFExtendedWebDriver]]>
            </message>
            <full-stacktrace>
              <![CDATA[com.qmetry.qaf.automation.core.AutomationError: Timed out after 60 seconds: Unable to create driver instance in 7th attempt with retry timeout of 60 seconds. You can check/set value of 'driver.init.retry.timeout' appropriately to set retry timeout on driver initialization failure.
Failed to obtain device with options ' MobileDeviceFindOptions [_os=null, _osVersion=null, _manufacturer=null, _model=8B9C0353C6F2D5A6CDE34E5A4FFB33011BB6A5E5, _appName=MobileOS, _appVersion=, _resolution=null, _network=null, _location=null, _description=null, _deviceType=null, _operabilityScore=null]'. Message: Failed to execute command handset obtain: No device was found
Build info: version: '2.48.2', revision: '41bccdd10cf2c0560f637404c2d96164b67d9d67', time: '2015-10-09 13:08:06'
System info: host: 'be32ff49ce4f', ip: '172.18.0.4', os.name: 'Linux', os.arch: 'amd64', os.version: '4.4.0-47-generic', java.version: '1.8.0_102'
Driver info: driver.version: PerfectoMobileDriver
Command duration or timeout: 688 milliseconds
Build info: version: '2.53.1', revision: 'a36b8b1cd5757287168e54b817830adce9b0158d', time: '2016-06-30 19:26:09'
System info: host: 'ICPL11541', ip: '10.11.31.182', os.name: 'Windows 8', os.arch: 'amd64', os.version: '6.2', java.version: '1.8.0_111'
Driver info: com.qmetry.qaf.automation.ui.webdriver.QAFExtendedWebDriver
	at sun.reflect.GeneratedConstructorAccessor16.newInstance(Unknown Source)
	at sun.reflect.DelegatingConstructorAccessorImpl.newInstance(Unknown Source)
	at java.lang.reflect.Constructor.newInstance(Unknown Source)
	at org.openqa.selenium.remote.ErrorHandler.createThrowable(ErrorHandler.java:206)
	at org.openqa.selenium.remote.ErrorHandler.throwIfResponseFailed(ErrorHandler.java:158)
	at org.openqa.selenium.remote.RemoteWebDriver.execute(RemoteWebDriver.java:678)
	at com.qmetry.qaf.automation.ui.webdriver.QAFExtendedWebDriver.execute(QAFExtendedWebDriver.java:234)
	at org.openqa.selenium.remote.RemoteWebDriver.startSession(RemoteWebDriver.java:249)
	at org.openqa.selenium.remote.RemoteWebDriver.<init>(RemoteWebDriver.java:131)
	at org.openqa.selenium.remote.RemoteWebDriver.<init>(RemoteWebDriver.java:158)
	at com.qmetry.qaf.automation.ui.webdriver.QAFExtendedWebDriver.<init>(QAFExtendedWebDriver.java:93)
	at com.qmetry.qaf.automation.ui.UiDriverFactory$Browsers.getDriver(UiDriverFactory.java:441)
	at com.qmetry.qaf.automation.ui.UiDriverFactory$Browsers.access$3(UiDriverFactory.java:420)
	at com.qmetry.qaf.automation.ui.UiDriverFactory.getDriver(UiDriverFactory.java:233)
	at com.qmetry.qaf.automation.ui.UiDriverFactory.get(UiDriverFactory.java:94)
	at com.qmetry.qaf.automation.core.QAFTestBase$DriverInitExpectedCondition.apply(QAFTestBase.java:487)
	at com.qmetry.qaf.automation.core.QAFTestBase$DriverInitExpectedCondition.apply(QAFTestBase.java:1)
	at org.openqa.selenium.support.ui.FluentWait.until(FluentWait.java:238)
	at com.qmetry.qaf.automation.core.QAFTestBase.init(QAFTestBase.java:389)
	at com.qmetry.qaf.automation.core.QAFTestBase.getUiDriver(QAFTestBase.java:177)
	at com.qmetry.qaf.automation.ui.WebDriverTestBase.getDriver(WebDriverTestBase.java:47)
	at com.qmetry.qaf.automation.ui.WebDriverTestBase.getDriver(WebDriverTestBase.java:1)
	at com.qmetry.qaf.automation.ui.AbstractTestCase.getDriver(AbstractTestCase.java:78)
	at com.quantum.listerners.QuantumReportiumListener.createReportiumClient(QuantumReportiumListener.java:198)
	at com.quantum.listerners.QuantumReportiumListener.onTestStart(QuantumReportiumListener.java:76)
	at org.testng.internal.Invoker.runTestListeners(Invoker.java:1700)
	at org.testng.internal.Invoker.runTestListeners(Invoker.java:1675)
	at org.testng.internal.Invoker.invokeMethod(Invoker.java:619)
	at org.testng.internal.Invoker.invokeTestMethod(Invoker.java:820)
	at org.testng.internal.Invoker.invokeTestMethods(Invoker.java:1128)
	at org.testng.internal.TestMethodWorker.invokeTestMethods(TestMethodWorker.java:129)
	at org.testng.internal.TestMethodWorker.run(TestMethodWorker.java:112)
	at org.testng.TestRunner.privateRun(TestRunner.java:806)
	at org.testng.TestRunner.run(TestRunner.java:656)
	at org.testng.SuiteRunner.runTest(SuiteRunner.java:366)
	at org.testng.SuiteRunner.access$000(SuiteRunner.java:39)
	at org.testng.SuiteRunner$SuiteWorker.run(SuiteRunner.java:400)
	at org.testng.internal.thread.ThreadUtil$2.call(ThreadUtil.java:64)
	at java.util.concurrent.FutureTask.run(Unknown Source)
	at java.util.concurrent.ThreadPoolExecutor.runWorker(Unknown Source)
	at java.util.concurrent.ThreadPoolExecutor$Worker.run(Unknown Source)
	at java.lang.Thread.run(Unknown Source)
]]>
            </full-stacktrace>
          </exception> <!-- com.qmetry.qaf.automation.core.AutomationError -->
          <reporter-output>
            <line>
              <![CDATA[<div style="display:block;margin-left:10px;"></div>]]>
            </line>
            <line>
              <![CDATA[<div style="display:block;margin-left:10px;"></div>]]>
            </line>
          </reporter-output>
        </test-method> <!-- Search Quantum with results -->
        <test-method status="PASS" signature="setupMethod(java.lang.reflect.Method, org.testng.ITestContext)[pri:0, instance:com.qmetry.qaf.automation.step.client.Scenario@3e9]" test-instance-name="Search Quantum with results" name="setupMethod" is-config="true" duration-ms="0" started-at="2017-03-31T15:49:47Z" finished-at="2017-03-31T15:49:47Z">
          <params>
            <param index="0">
              <value>
                <![CDATA[public void com.qmetry.qaf.automation.step.client.Scenario.scenario()]]>
              </value>
            </param>
            <param index="1">
              <value>
                <![CDATA[org.testng.TestRunner@1f50edab]]>
              </value>
            </param>
          </params>
          <reporter-output>
          </reporter-output>
        </test-method> <!-- setupMethod -->
        <test-method status="PASS" signature="afterClass(org.testng.ITestContext)[pri:0, instance:com.qmetry.qaf.automation.step.client.Scenario@3e9]" test-instance-name="Search Quantum" name="afterClass" is-config="true" duration-ms="0" started-at="2017-03-31T15:49:47Z" finished-at="2017-03-31T15:49:47Z">
          <params>
            <param index="0">
              <value>
                <![CDATA[org.testng.TestRunner@1f50edab]]>
              </value>
            </param>
          </params>
          <reporter-output>
          </reporter-output>
        </test-method> <!-- afterClass -->
        <test-method status="PASS" signature="afterClass(org.testng.ITestContext)[pri:0, instance:com.qmetry.qaf.automation.step.client.Scenario@3e9]" test-instance-name="Search Quantum with results" name="afterClass" is-config="true" duration-ms="0" started-at="2017-03-31T15:50:52Z" finished-at="2017-03-31T15:50:52Z">
          <params>
            <param index="0">
              <value>
                <![CDATA[org.testng.TestRunner@1f50edab]]>
              </value>
            </param>
          </params>
          <reporter-output>
          </reporter-output>
        </test-method> <!-- afterClass -->
        <test-method status="PASS" signature="afterMethod(org.testng.ITestContext, org.testng.ITestResult)[pri:0, instance:com.qmetry.qaf.automation.step.client.Scenario@3e9]" test-instance-name="Search Quantum with results" name="afterMethod" is-config="true" duration-ms="0" started-at="2017-03-31T15:50:52Z" finished-at="2017-03-31T15:50:52Z">
          <params>
            <param index="0">
              <value>
                <![CDATA[org.testng.TestRunner@1f50edab]]>
              </value>
            </param>
            <param index="1">
              <value>
                <![CDATA[[TestResult name=Search Quantum with results status=SKIP method=src.main.resources.scenarios.webSearch.feature.Search Quantum with results()[pri:1001, instance:com.qmetry.qaf.automation.step.client.Scenario@3e9] output=<div style="display:block;margin-left:10px;"></div>]]]>
              </value>
            </param>
          </params>
          <reporter-output>
          </reporter-output>
        </test-method> <!-- afterMethod -->
        <test-method status="PASS" signature="afterTest(org.testng.ITestContext)[pri:0, instance:com.qmetry.qaf.automation.step.client.Scenario@3e9]" test-instance-name="Search Quantum" name="afterTest" is-config="true" duration-ms="0" started-at="2017-03-31T15:57:21Z" finished-at="2017-03-31T15:57:21Z">
          <params>
            <param index="0">
              <value>
                <![CDATA[org.testng.TestRunner@1f50edab]]>
              </value>
            </param>
          </params>
          <reporter-output>
          </reporter-output>
        </test-method> <!-- afterTest -->
      </class> <!-- com.qmetry.qaf.automation.step.client.Scenario -->
      <class name="com.qmetry.qaf.automation.step.client.DataDrivenScenario">
        <test-method status="PASS" signature="setup(org.testng.ITestContext)[pri:0, instance:com.qmetry.qaf.automation.step.client.DataDrivenScenario@3ec]" test-instance-name="Search Keyword Inline Data" name="setup" is-config="true" duration-ms="0" started-at="2017-03-31T15:50:52Z" finished-at="2017-03-31T15:50:52Z">
          <params>
            <param index="0">
              <value>
                <![CDATA[org.testng.TestRunner@1f50edab]]>
              </value>
            </param>
          </params>
          <reporter-output>
          </reporter-output>
        </test-method> <!-- setup -->
        <test-method status="PASS" signature="setupMethod(java.lang.reflect.Method, org.testng.ITestContext)[pri:0, instance:com.qmetry.qaf.automation.step.client.DataDrivenScenario@3ec]" test-instance-name="Search Keyword Inline Data" name="setupMethod" is-config="true" duration-ms="16" started-at="2017-03-31T15:50:52Z" finished-at="2017-03-31T15:50:52Z">
          <params>
            <param index="0">
              <value>
                <![CDATA[public void com.qmetry.qaf.automation.step.client.DataDrivenScenario.scenario(java.util.Map)]]>
              </value>
            </param>
            <param index="1">
              <value>
                <![CDATA[org.testng.TestRunner@1f50edab]]>
              </value>
            </param>
          </params>
          <reporter-output>
          </reporter-output>
        </test-method> <!-- setupMethod -->
        <test-method status="SKIP" signature="Search Keyword Inline Data( java.util.Map)[pri:1002, instance:com.qmetry.qaf.automation.step.client.DataDrivenScenario@3ea]" test-instance-name="Search Keyword Inline Data" name="Search Keyword Inline Data" duration-ms="65639" started-at="2017-03-31T15:50:52Z" data-provider="scenariodp" finished-at="2017-03-31T15:51:57Z">
          <params>
            <param index="0">
              <value>
                <![CDATA[{searchResult=Introducing Quantum Framework, searchKey=quantum perfecto, recId=1}]]>
              </value>
            </param>
          </params>
          <exception class="com.qmetry.qaf.automation.core.AutomationError">
            <message>
              <![CDATA[Timed out after 60 seconds: Unable to create driver instance in 7th attempt with retry timeout of 60 seconds. You can check/set value of 'driver.init.retry.timeout' appropriately to set retry timeout on driver initialization failure.
Failed to obtain device with options ' MobileDeviceFindOptions [_os=null, _osVersion=null, _manufacturer=null, _model=8B9C0353C6F2D5A6CDE34E5A4FFB33011BB6A5E5, _appName=MobileOS, _appVersion=, _resolution=null, _network=null, _location=null, _description=null, _deviceType=null, _operabilityScore=null]'. Message: Failed to execute command handset obtain: No device was found
Build info: version: '2.48.2', revision: '41bccdd10cf2c0560f637404c2d96164b67d9d67', time: '2015-10-09 13:08:06'
System info: host: 'be32ff49ce4f', ip: '172.18.0.4', os.name: 'Linux', os.arch: 'amd64', os.version: '4.4.0-47-generic', java.version: '1.8.0_102'
Driver info: driver.version: PerfectoMobileDriver
Command duration or timeout: 642 milliseconds
Build info: version: '2.53.1', revision: 'a36b8b1cd5757287168e54b817830adce9b0158d', time: '2016-06-30 19:26:09'
System info: host: 'ICPL11541', ip: '10.11.31.182', os.name: 'Windows 8', os.arch: 'amd64', os.version: '6.2', java.version: '1.8.0_111'
Driver info: com.qmetry.qaf.automation.ui.webdriver.QAFExtendedWebDriver]]>
            </message>
            <full-stacktrace>
              <![CDATA[com.qmetry.qaf.automation.core.AutomationError: Timed out after 60 seconds: Unable to create driver instance in 7th attempt with retry timeout of 60 seconds. You can check/set value of 'driver.init.retry.timeout' appropriately to set retry timeout on driver initialization failure.
Failed to obtain device with options ' MobileDeviceFindOptions [_os=null, _osVersion=null, _manufacturer=null, _model=8B9C0353C6F2D5A6CDE34E5A4FFB33011BB6A5E5, _appName=MobileOS, _appVersion=, _resolution=null, _network=null, _location=null, _description=null, _deviceType=null, _operabilityScore=null]'. Message: Failed to execute command handset obtain: No device was found
Build info: version: '2.48.2', revision: '41bccdd10cf2c0560f637404c2d96164b67d9d67', time: '2015-10-09 13:08:06'
System info: host: 'be32ff49ce4f', ip: '172.18.0.4', os.name: 'Linux', os.arch: 'amd64', os.version: '4.4.0-47-generic', java.version: '1.8.0_102'
Driver info: driver.version: PerfectoMobileDriver
Command duration or timeout: 642 milliseconds
Build info: version: '2.53.1', revision: 'a36b8b1cd5757287168e54b817830adce9b0158d', time: '2016-06-30 19:26:09'
System info: host: 'ICPL11541', ip: '10.11.31.182', os.name: 'Windows 8', os.arch: 'amd64', os.version: '6.2', java.version: '1.8.0_111'
Driver info: com.qmetry.qaf.automation.ui.webdriver.QAFExtendedWebDriver
	at sun.reflect.GeneratedConstructorAccessor16.newInstance(Unknown Source)
	at sun.reflect.DelegatingConstructorAccessorImpl.newInstance(Unknown Source)
	at java.lang.reflect.Constructor.newInstance(Unknown Source)
	at org.openqa.selenium.remote.ErrorHandler.createThrowable(ErrorHandler.java:206)
	at org.openqa.selenium.remote.ErrorHandler.throwIfResponseFailed(ErrorHandler.java:158)
	at org.openqa.selenium.remote.RemoteWebDriver.execute(RemoteWebDriver.java:678)
	at com.qmetry.qaf.automation.ui.webdriver.QAFExtendedWebDriver.execute(QAFExtendedWebDriver.java:234)
	at org.openqa.selenium.remote.RemoteWebDriver.startSession(RemoteWebDriver.java:249)
	at org.openqa.selenium.remote.RemoteWebDriver.<init>(RemoteWebDriver.java:131)
	at org.openqa.selenium.remote.RemoteWebDriver.<init>(RemoteWebDriver.java:158)
	at com.qmetry.qaf.automation.ui.webdriver.QAFExtendedWebDriver.<init>(QAFExtendedWebDriver.java:93)
	at com.qmetry.qaf.automation.ui.UiDriverFactory$Browsers.getDriver(UiDriverFactory.java:441)
	at com.qmetry.qaf.automation.ui.UiDriverFactory$Browsers.access$3(UiDriverFactory.java:420)
	at com.qmetry.qaf.automation.ui.UiDriverFactory.getDriver(UiDriverFactory.java:233)
	at com.qmetry.qaf.automation.ui.UiDriverFactory.get(UiDriverFactory.java:94)
	at com.qmetry.qaf.automation.core.QAFTestBase$DriverInitExpectedCondition.apply(QAFTestBase.java:487)
	at com.qmetry.qaf.automation.core.QAFTestBase$DriverInitExpectedCondition.apply(QAFTestBase.java:1)
	at org.openqa.selenium.support.ui.FluentWait.until(FluentWait.java:238)
	at com.qmetry.qaf.automation.core.QAFTestBase.init(QAFTestBase.java:389)
	at com.qmetry.qaf.automation.core.QAFTestBase.getUiDriver(QAFTestBase.java:177)
	at com.qmetry.qaf.automation.ui.WebDriverTestBase.getDriver(WebDriverTestBase.java:47)
	at com.qmetry.qaf.automation.ui.WebDriverTestBase.getDriver(WebDriverTestBase.java:1)
	at com.qmetry.qaf.automation.ui.AbstractTestCase.getDriver(AbstractTestCase.java:78)
	at com.quantum.listerners.QuantumReportiumListener.createReportiumClient(QuantumReportiumListener.java:198)
	at com.quantum.listerners.QuantumReportiumListener.onTestStart(QuantumReportiumListener.java:76)
	at org.testng.internal.Invoker.runTestListeners(Invoker.java:1700)
	at org.testng.internal.Invoker.runTestListeners(Invoker.java:1675)
	at org.testng.internal.Invoker.invokeMethod(Invoker.java:619)
	at org.testng.internal.Invoker.invokeTestMethod(Invoker.java:820)
	at org.testng.internal.Invoker.invokeTestMethods(Invoker.java:1128)
	at org.testng.internal.TestMethodWorker.invokeTestMethods(TestMethodWorker.java:129)
	at org.testng.internal.TestMethodWorker.run(TestMethodWorker.java:112)
	at org.testng.TestRunner.privateRun(TestRunner.java:806)
	at org.testng.TestRunner.run(TestRunner.java:656)
	at org.testng.SuiteRunner.runTest(SuiteRunner.java:366)
	at org.testng.SuiteRunner.access$000(SuiteRunner.java:39)
	at org.testng.SuiteRunner$SuiteWorker.run(SuiteRunner.java:400)
	at org.testng.internal.thread.ThreadUtil$2.call(ThreadUtil.java:64)
	at java.util.concurrent.FutureTask.run(Unknown Source)
	at java.util.concurrent.ThreadPoolExecutor.runWorker(Unknown Source)
	at java.util.concurrent.ThreadPoolExecutor$Worker.run(Unknown Source)
	at java.lang.Thread.run(Unknown Source)
]]>
            </full-stacktrace>
          </exception> <!-- com.qmetry.qaf.automation.core.AutomationError -->
          <reporter-output>
            <line>
              <![CDATA[<div style="display:block;margin-left:10px;"></div>]]>
            </line>
            <line>
              <![CDATA[<div style="display:block;margin-left:10px;"></div>]]>
            </line>
          </reporter-output>
        </test-method> <!-- Search Keyword Inline Data -->
        <test-method status="SKIP" signature="Search Keyword Inline Data( java.util.Map)[pri:1002, instance:com.qmetry.qaf.automation.step.client.DataDrivenScenario@3ea]" test-instance-name="Search Keyword Inline Data" name="Search Keyword Inline Data" duration-ms="64800" started-at="2017-03-31T15:51:57Z" data-provider="scenariodp" finished-at="2017-03-31T15:53:02Z">
          <params>
            <param index="0">
              <value>
                <![CDATA[{searchResult=GitHub, searchKey=Project-Quantum Quantum-Starter-Kit, recId=2}]]>
              </value>
            </param>
          </params>
          <exception class="com.qmetry.qaf.automation.core.AutomationError">
            <message>
              <![CDATA[Timed out after 60 seconds: Unable to create driver instance in 7th attempt with retry timeout of 60 seconds. You can check/set value of 'driver.init.retry.timeout' appropriately to set retry timeout on driver initialization failure.
Failed to obtain device with options ' MobileDeviceFindOptions [_os=null, _osVersion=null, _manufacturer=null, _model=8B9C0353C6F2D5A6CDE34E5A4FFB33011BB6A5E5, _appName=MobileOS, _appVersion=, _resolution=null, _network=null, _location=null, _description=null, _deviceType=null, _operabilityScore=null]'. Message: Failed to execute command handset obtain: No device was found
Build info: version: '2.48.2', revision: '41bccdd10cf2c0560f637404c2d96164b67d9d67', time: '2015-10-09 13:08:06'
System info: host: 'be32ff49ce4f', ip: '172.18.0.4', os.name: 'Linux', os.arch: 'amd64', os.version: '4.4.0-47-generic', java.version: '1.8.0_102'
Driver info: driver.version: PerfectoMobileDriver
Command duration or timeout: 689 milliseconds
Build info: version: '2.53.1', revision: 'a36b8b1cd5757287168e54b817830adce9b0158d', time: '2016-06-30 19:26:09'
System info: host: 'ICPL11541', ip: '10.11.31.182', os.name: 'Windows 8', os.arch: 'amd64', os.version: '6.2', java.version: '1.8.0_111'
Driver info: com.qmetry.qaf.automation.ui.webdriver.QAFExtendedWebDriver]]>
            </message>
            <full-stacktrace>
              <![CDATA[com.qmetry.qaf.automation.core.AutomationError: Timed out after 60 seconds: Unable to create driver instance in 7th attempt with retry timeout of 60 seconds. You can check/set value of 'driver.init.retry.timeout' appropriately to set retry timeout on driver initialization failure.
Failed to obtain device with options ' MobileDeviceFindOptions [_os=null, _osVersion=null, _manufacturer=null, _model=8B9C0353C6F2D5A6CDE34E5A4FFB33011BB6A5E5, _appName=MobileOS, _appVersion=, _resolution=null, _network=null, _location=null, _description=null, _deviceType=null, _operabilityScore=null]'. Message: Failed to execute command handset obtain: No device was found
Build info: version: '2.48.2', revision: '41bccdd10cf2c0560f637404c2d96164b67d9d67', time: '2015-10-09 13:08:06'
System info: host: 'be32ff49ce4f', ip: '172.18.0.4', os.name: 'Linux', os.arch: 'amd64', os.version: '4.4.0-47-generic', java.version: '1.8.0_102'
Driver info: driver.version: PerfectoMobileDriver
Command duration or timeout: 689 milliseconds
Build info: version: '2.53.1', revision: 'a36b8b1cd5757287168e54b817830adce9b0158d', time: '2016-06-30 19:26:09'
System info: host: 'ICPL11541', ip: '10.11.31.182', os.name: 'Windows 8', os.arch: 'amd64', os.version: '6.2', java.version: '1.8.0_111'
Driver info: com.qmetry.qaf.automation.ui.webdriver.QAFExtendedWebDriver
	at sun.reflect.GeneratedConstructorAccessor16.newInstance(Unknown Source)
	at sun.reflect.DelegatingConstructorAccessorImpl.newInstance(Unknown Source)
	at java.lang.reflect.Constructor.newInstance(Unknown Source)
	at org.openqa.selenium.remote.ErrorHandler.createThrowable(ErrorHandler.java:206)
	at org.openqa.selenium.remote.ErrorHandler.throwIfResponseFailed(ErrorHandler.java:158)
	at org.openqa.selenium.remote.RemoteWebDriver.execute(RemoteWebDriver.java:678)
	at com.qmetry.qaf.automation.ui.webdriver.QAFExtendedWebDriver.execute(QAFExtendedWebDriver.java:234)
	at org.openqa.selenium.remote.RemoteWebDriver.startSession(RemoteWebDriver.java:249)
	at org.openqa.selenium.remote.RemoteWebDriver.<init>(RemoteWebDriver.java:131)
	at org.openqa.selenium.remote.RemoteWebDriver.<init>(RemoteWebDriver.java:158)
	at com.qmetry.qaf.automation.ui.webdriver.QAFExtendedWebDriver.<init>(QAFExtendedWebDriver.java:93)
	at com.qmetry.qaf.automation.ui.UiDriverFactory$Browsers.getDriver(UiDriverFactory.java:441)
	at com.qmetry.qaf.automation.ui.UiDriverFactory$Browsers.access$3(UiDriverFactory.java:420)
	at com.qmetry.qaf.automation.ui.UiDriverFactory.getDriver(UiDriverFactory.java:233)
	at com.qmetry.qaf.automation.ui.UiDriverFactory.get(UiDriverFactory.java:94)
	at com.qmetry.qaf.automation.core.QAFTestBase$DriverInitExpectedCondition.apply(QAFTestBase.java:487)
	at com.qmetry.qaf.automation.core.QAFTestBase$DriverInitExpectedCondition.apply(QAFTestBase.java:1)
	at org.openqa.selenium.support.ui.FluentWait.until(FluentWait.java:238)
	at com.qmetry.qaf.automation.core.QAFTestBase.init(QAFTestBase.java:389)
	at com.qmetry.qaf.automation.core.QAFTestBase.getUiDriver(QAFTestBase.java:177)
	at com.qmetry.qaf.automation.ui.WebDriverTestBase.getDriver(WebDriverTestBase.java:47)
	at com.qmetry.qaf.automation.ui.WebDriverTestBase.getDriver(WebDriverTestBase.java:1)
	at com.qmetry.qaf.automation.ui.AbstractTestCase.getDriver(AbstractTestCase.java:78)
	at com.quantum.listerners.QuantumReportiumListener.createReportiumClient(QuantumReportiumListener.java:198)
	at com.quantum.listerners.QuantumReportiumListener.onTestStart(QuantumReportiumListener.java:76)
	at org.testng.internal.Invoker.runTestListeners(Invoker.java:1700)
	at org.testng.internal.Invoker.runTestListeners(Invoker.java:1675)
	at org.testng.internal.Invoker.invokeMethod(Invoker.java:619)
	at org.testng.internal.Invoker.invokeTestMethod(Invoker.java:820)
	at org.testng.internal.Invoker.invokeTestMethods(Invoker.java:1128)
	at org.testng.internal.TestMethodWorker.invokeTestMethods(TestMethodWorker.java:129)
	at org.testng.internal.TestMethodWorker.run(TestMethodWorker.java:112)
	at org.testng.TestRunner.privateRun(TestRunner.java:806)
	at org.testng.TestRunner.run(TestRunner.java:656)
	at org.testng.SuiteRunner.runTest(SuiteRunner.java:366)
	at org.testng.SuiteRunner.access$000(SuiteRunner.java:39)
	at org.testng.SuiteRunner$SuiteWorker.run(SuiteRunner.java:400)
	at org.testng.internal.thread.ThreadUtil$2.call(ThreadUtil.java:64)
	at java.util.concurrent.FutureTask.run(Unknown Source)
	at java.util.concurrent.ThreadPoolExecutor.runWorker(Unknown Source)
	at java.util.concurrent.ThreadPoolExecutor$Worker.run(Unknown Source)
	at java.lang.Thread.run(Unknown Source)
]]>
            </full-stacktrace>
          </exception> <!-- com.qmetry.qaf.automation.core.AutomationError -->
          <reporter-output>
            <line>
              <![CDATA[<div style="display:block;margin-left:10px;"></div>]]>
            </line>
            <line>
              <![CDATA[<div style="display:block;margin-left:10px;"></div>]]>
            </line>
          </reporter-output>
        </test-method> <!-- Search Keyword Inline Data -->
        <test-method status="PASS" signature="afterMethod(org.testng.ITestContext, org.testng.ITestResult)[pri:0, instance:com.qmetry.qaf.automation.step.client.DataDrivenScenario@3ec]" test-instance-name="Search Keyword Inline Data" name="afterMethod" is-config="true" duration-ms="0" started-at="2017-03-31T15:51:57Z" finished-at="2017-03-31T15:51:57Z">
          <params>
            <param index="0">
              <value>
                <![CDATA[org.testng.TestRunner@1f50edab]]>
              </value>
            </param>
            <param index="1">
              <value>
                <![CDATA[[TestResult name=Search Keyword Inline Data status=SKIP method=src.main.resources.scenarios.webSearch.feature.Search Keyword Inline Data( java.util.Map)[pri:1002, instance:com.qmetry.qaf.automation.step.client.DataDrivenScenario@3ea] output=<div style="display:block;margin-left:10px;"></div>]]]>
              </value>
            </param>
          </params>
          <reporter-output>
          </reporter-output>
        </test-method> <!-- afterMethod -->
        <test-method status="PASS" signature="setupMethod(java.lang.reflect.Method, org.testng.ITestContext)[pri:0, instance:com.qmetry.qaf.automation.step.client.DataDrivenScenario@3ec]" test-instance-name="Search Keyword Inline Data" name="setupMethod" is-config="true" duration-ms="0" started-at="2017-03-31T15:51:57Z" finished-at="2017-03-31T15:51:57Z">
          <params>
            <param index="0">
              <value>
                <![CDATA[public void com.qmetry.qaf.automation.step.client.DataDrivenScenario.scenario(java.util.Map)]]>
              </value>
            </param>
            <param index="1">
              <value>
                <![CDATA[org.testng.TestRunner@1f50edab]]>
              </value>
            </param>
          </params>
          <reporter-output>
          </reporter-output>
        </test-method> <!-- setupMethod -->
        <test-method status="SKIP" signature="Search Keyword XML Data( java.util.Map)[pri:1003, instance:com.qmetry.qaf.automation.step.client.DataDrivenScenario@3eb]" test-instance-name="Search Keyword XML Data" name="Search Keyword XML Data" duration-ms="64857" started-at="2017-03-31T15:53:02Z" data-provider="scenariodp" finished-at="2017-03-31T15:54:07Z">
          <params>
            <param index="0">
              <value>
                <![CDATA[{recId=1, searchKey=quantum perfecto, searchResult=Introducing Quantum Framework}]]>
              </value>
            </param>
          </params>
          <exception class="com.qmetry.qaf.automation.core.AutomationError">
            <message>
              <![CDATA[Timed out after 60 seconds: Unable to create driver instance in 7th attempt with retry timeout of 60 seconds. You can check/set value of 'driver.init.retry.timeout' appropriately to set retry timeout on driver initialization failure.
Failed to obtain device with options ' MobileDeviceFindOptions [_os=null, _osVersion=null, _manufacturer=null, _model=8B9C0353C6F2D5A6CDE34E5A4FFB33011BB6A5E5, _appName=MobileOS, _appVersion=, _resolution=null, _network=null, _location=null, _description=null, _deviceType=null, _operabilityScore=null]'. Message: Failed to execute command handset obtain: No device was found
Build info: version: '2.48.2', revision: '41bccdd10cf2c0560f637404c2d96164b67d9d67', time: '2015-10-09 13:08:06'
System info: host: 'be32ff49ce4f', ip: '172.18.0.4', os.name: 'Linux', os.arch: 'amd64', os.version: '4.4.0-47-generic', java.version: '1.8.0_102'
Driver info: driver.version: PerfectoMobileDriver
Command duration or timeout: 660 milliseconds
Build info: version: '2.53.1', revision: 'a36b8b1cd5757287168e54b817830adce9b0158d', time: '2016-06-30 19:26:09'
System info: host: 'ICPL11541', ip: '10.11.31.182', os.name: 'Windows 8', os.arch: 'amd64', os.version: '6.2', java.version: '1.8.0_111'
Driver info: com.qmetry.qaf.automation.ui.webdriver.QAFExtendedWebDriver]]>
            </message>
            <full-stacktrace>
              <![CDATA[com.qmetry.qaf.automation.core.AutomationError: Timed out after 60 seconds: Unable to create driver instance in 7th attempt with retry timeout of 60 seconds. You can check/set value of 'driver.init.retry.timeout' appropriately to set retry timeout on driver initialization failure.
Failed to obtain device with options ' MobileDeviceFindOptions [_os=null, _osVersion=null, _manufacturer=null, _model=8B9C0353C6F2D5A6CDE34E5A4FFB33011BB6A5E5, _appName=MobileOS, _appVersion=, _resolution=null, _network=null, _location=null, _description=null, _deviceType=null, _operabilityScore=null]'. Message: Failed to execute command handset obtain: No device was found
Build info: version: '2.48.2', revision: '41bccdd10cf2c0560f637404c2d96164b67d9d67', time: '2015-10-09 13:08:06'
System info: host: 'be32ff49ce4f', ip: '172.18.0.4', os.name: 'Linux', os.arch: 'amd64', os.version: '4.4.0-47-generic', java.version: '1.8.0_102'
Driver info: driver.version: PerfectoMobileDriver
Command duration or timeout: 660 milliseconds
Build info: version: '2.53.1', revision: 'a36b8b1cd5757287168e54b817830adce9b0158d', time: '2016-06-30 19:26:09'
System info: host: 'ICPL11541', ip: '10.11.31.182', os.name: 'Windows 8', os.arch: 'amd64', os.version: '6.2', java.version: '1.8.0_111'
Driver info: com.qmetry.qaf.automation.ui.webdriver.QAFExtendedWebDriver
	at sun.reflect.GeneratedConstructorAccessor16.newInstance(Unknown Source)
	at sun.reflect.DelegatingConstructorAccessorImpl.newInstance(Unknown Source)
	at java.lang.reflect.Constructor.newInstance(Unknown Source)
	at org.openqa.selenium.remote.ErrorHandler.createThrowable(ErrorHandler.java:206)
	at org.openqa.selenium.remote.ErrorHandler.throwIfResponseFailed(ErrorHandler.java:158)
	at org.openqa.selenium.remote.RemoteWebDriver.execute(RemoteWebDriver.java:678)
	at com.qmetry.qaf.automation.ui.webdriver.QAFExtendedWebDriver.execute(QAFExtendedWebDriver.java:234)
	at org.openqa.selenium.remote.RemoteWebDriver.startSession(RemoteWebDriver.java:249)
	at org.openqa.selenium.remote.RemoteWebDriver.<init>(RemoteWebDriver.java:131)
	at org.openqa.selenium.remote.RemoteWebDriver.<init>(RemoteWebDriver.java:158)
	at com.qmetry.qaf.automation.ui.webdriver.QAFExtendedWebDriver.<init>(QAFExtendedWebDriver.java:93)
	at com.qmetry.qaf.automation.ui.UiDriverFactory$Browsers.getDriver(UiDriverFactory.java:441)
	at com.qmetry.qaf.automation.ui.UiDriverFactory$Browsers.access$3(UiDriverFactory.java:420)
	at com.qmetry.qaf.automation.ui.UiDriverFactory.getDriver(UiDriverFactory.java:233)
	at com.qmetry.qaf.automation.ui.UiDriverFactory.get(UiDriverFactory.java:94)
	at com.qmetry.qaf.automation.core.QAFTestBase$DriverInitExpectedCondition.apply(QAFTestBase.java:487)
	at com.qmetry.qaf.automation.core.QAFTestBase$DriverInitExpectedCondition.apply(QAFTestBase.java:1)
	at org.openqa.selenium.support.ui.FluentWait.until(FluentWait.java:238)
	at com.qmetry.qaf.automation.core.QAFTestBase.init(QAFTestBase.java:389)
	at com.qmetry.qaf.automation.core.QAFTestBase.getUiDriver(QAFTestBase.java:177)
	at com.qmetry.qaf.automation.ui.WebDriverTestBase.getDriver(WebDriverTestBase.java:47)
	at com.qmetry.qaf.automation.ui.WebDriverTestBase.getDriver(WebDriverTestBase.java:1)
	at com.qmetry.qaf.automation.ui.AbstractTestCase.getDriver(AbstractTestCase.java:78)
	at com.quantum.listerners.QuantumReportiumListener.createReportiumClient(QuantumReportiumListener.java:198)
	at com.quantum.listerners.QuantumReportiumListener.onTestStart(QuantumReportiumListener.java:76)
	at org.testng.internal.Invoker.runTestListeners(Invoker.java:1700)
	at org.testng.internal.Invoker.runTestListeners(Invoker.java:1675)
	at org.testng.internal.Invoker.invokeMethod(Invoker.java:619)
	at org.testng.internal.Invoker.invokeTestMethod(Invoker.java:820)
	at org.testng.internal.Invoker.invokeTestMethods(Invoker.java:1128)
	at org.testng.internal.TestMethodWorker.invokeTestMethods(TestMethodWorker.java:129)
	at org.testng.internal.TestMethodWorker.run(TestMethodWorker.java:112)
	at org.testng.TestRunner.privateRun(TestRunner.java:806)
	at org.testng.TestRunner.run(TestRunner.java:656)
	at org.testng.SuiteRunner.runTest(SuiteRunner.java:366)
	at org.testng.SuiteRunner.access$000(SuiteRunner.java:39)
	at org.testng.SuiteRunner$SuiteWorker.run(SuiteRunner.java:400)
	at org.testng.internal.thread.ThreadUtil$2.call(ThreadUtil.java:64)
	at java.util.concurrent.FutureTask.run(Unknown Source)
	at java.util.concurrent.ThreadPoolExecutor.runWorker(Unknown Source)
	at java.util.concurrent.ThreadPoolExecutor$Worker.run(Unknown Source)
	at java.lang.Thread.run(Unknown Source)
]]>
            </full-stacktrace>
          </exception> <!-- com.qmetry.qaf.automation.core.AutomationError -->
          <reporter-output>
            <line>
              <![CDATA[<div style="display:block;margin-left:10px;"></div>]]>
            </line>
            <line>
              <![CDATA[<div style="display:block;margin-left:10px;"></div>]]>
            </line>
          </reporter-output>
        </test-method> <!-- Search Keyword XML Data -->
        <test-method status="PASS" signature="afterClass(org.testng.ITestContext)[pri:0, instance:com.qmetry.qaf.automation.step.client.DataDrivenScenario@3ec]" test-instance-name="Search Keyword Inline Data" name="afterClass" is-config="true" duration-ms="0" started-at="2017-03-31T15:53:02Z" finished-at="2017-03-31T15:53:02Z">
          <params>
            <param index="0">
              <value>
                <![CDATA[org.testng.TestRunner@1f50edab]]>
              </value>
            </param>
          </params>
          <reporter-output>
          </reporter-output>
        </test-method> <!-- afterClass -->
        <test-method status="PASS" signature="setupMethod(java.lang.reflect.Method, org.testng.ITestContext)[pri:0, instance:com.qmetry.qaf.automation.step.client.DataDrivenScenario@3ec]" test-instance-name="Search Keyword XML Data" name="setupMethod" is-config="true" duration-ms="0" started-at="2017-03-31T15:53:02Z" finished-at="2017-03-31T15:53:02Z">
          <params>
            <param index="0">
              <value>
                <![CDATA[public void com.qmetry.qaf.automation.step.client.DataDrivenScenario.scenario(java.util.Map)]]>
              </value>
            </param>
            <param index="1">
              <value>
                <![CDATA[org.testng.TestRunner@1f50edab]]>
              </value>
            </param>
          </params>
          <reporter-output>
          </reporter-output>
        </test-method> <!-- setupMethod -->
        <test-method status="PASS" signature="afterMethod(org.testng.ITestContext, org.testng.ITestResult)[pri:0, instance:com.qmetry.qaf.automation.step.client.DataDrivenScenario@3ec]" test-instance-name="Search Keyword Inline Data" name="afterMethod" is-config="true" duration-ms="0" started-at="2017-03-31T15:53:02Z" finished-at="2017-03-31T15:53:02Z">
          <params>
            <param index="0">
              <value>
                <![CDATA[org.testng.TestRunner@1f50edab]]>
              </value>
            </param>
            <param index="1">
              <value>
                <![CDATA[[TestResult name=Search Keyword Inline Data status=SKIP method=src.main.resources.scenarios.webSearch.feature.Search Keyword Inline Data( java.util.Map)[pri:1002, instance:com.qmetry.qaf.automation.step.client.DataDrivenScenario@3ea] output=<div style="display:block;margin-left:10px;"></div>]]]>
              </value>
            </param>
          </params>
          <reporter-output>
          </reporter-output>
        </test-method> <!-- afterMethod -->
        <test-method status="PASS" signature="setup(org.testng.ITestContext)[pri:0, instance:com.qmetry.qaf.automation.step.client.DataDrivenScenario@3ec]" test-instance-name="Search Keyword XML Data" name="setup" is-config="true" duration-ms="0" started-at="2017-03-31T15:53:02Z" finished-at="2017-03-31T15:53:02Z">
          <params>
            <param index="0">
              <value>
                <![CDATA[org.testng.TestRunner@1f50edab]]>
              </value>
            </param>
          </params>
          <reporter-output>
          </reporter-output>
        </test-method> <!-- setup -->
        <test-method status="PASS" signature="setupMethod(java.lang.reflect.Method, org.testng.ITestContext)[pri:0, instance:com.qmetry.qaf.automation.step.client.DataDrivenScenario@3ec]" test-instance-name="Search Keyword XML Data" name="setupMethod" is-config="true" duration-ms="0" started-at="2017-03-31T15:54:07Z" finished-at="2017-03-31T15:54:07Z">
          <params>
            <param index="0">
              <value>
                <![CDATA[public void com.qmetry.qaf.automation.step.client.DataDrivenScenario.scenario(java.util.Map)]]>
              </value>
            </param>
            <param index="1">
              <value>
                <![CDATA[org.testng.TestRunner@1f50edab]]>
              </value>
            </param>
          </params>
          <reporter-output>
          </reporter-output>
        </test-method> <!-- setupMethod -->
        <test-method status="PASS" signature="afterMethod(org.testng.ITestContext, org.testng.ITestResult)[pri:0, instance:com.qmetry.qaf.automation.step.client.DataDrivenScenario@3ec]" test-instance-name="Search Keyword XML Data" name="afterMethod" is-config="true" duration-ms="0" started-at="2017-03-31T15:54:07Z" finished-at="2017-03-31T15:54:07Z">
          <params>
            <param index="0">
              <value>
                <![CDATA[org.testng.TestRunner@1f50edab]]>
              </value>
            </param>
            <param index="1">
              <value>
                <![CDATA[[TestResult name=Search Keyword XML Data status=SKIP method=src.main.resources.scenarios.webSearch.feature.Search Keyword XML Data( java.util.Map)[pri:1003, instance:com.qmetry.qaf.automation.step.client.DataDrivenScenario@3eb] output=<div style="display:block;margin-left:10px;"></div>]]]>
              </value>
            </param>
          </params>
          <reporter-output>
          </reporter-output>
        </test-method> <!-- afterMethod -->
        <test-method status="SKIP" signature="Search Keyword XML Data( java.util.Map)[pri:1003, instance:com.qmetry.qaf.automation.step.client.DataDrivenScenario@3eb]" test-instance-name="Search Keyword XML Data" name="Search Keyword XML Data" duration-ms="64823" started-at="2017-03-31T15:54:07Z" data-provider="scenariodp" finished-at="2017-03-31T15:55:12Z">
          <params>
            <param index="0">
              <value>
                <![CDATA[{recId=2, searchKey=Project-Quantum Quantum-Starter-Kit, searchResult=GitHub}]]>
              </value>
            </param>
          </params>
          <exception class="com.qmetry.qaf.automation.core.AutomationError">
            <message>
              <![CDATA[Timed out after 60 seconds: Unable to create driver instance in 7th attempt with retry timeout of 60 seconds. You can check/set value of 'driver.init.retry.timeout' appropriately to set retry timeout on driver initialization failure.
Failed to obtain device with options ' MobileDeviceFindOptions [_os=null, _osVersion=null, _manufacturer=null, _model=8B9C0353C6F2D5A6CDE34E5A4FFB33011BB6A5E5, _appName=MobileOS, _appVersion=, _resolution=null, _network=null, _location=null, _description=null, _deviceType=null, _operabilityScore=null]'. Message: Failed to execute command handset obtain: No device was found
Build info: version: '2.48.2', revision: '41bccdd10cf2c0560f637404c2d96164b67d9d67', time: '2015-10-09 13:08:06'
System info: host: 'be32ff49ce4f', ip: '172.18.0.4', os.name: 'Linux', os.arch: 'amd64', os.version: '4.4.0-47-generic', java.version: '1.8.0_102'
Driver info: driver.version: PerfectoMobileDriver
Command duration or timeout: 657 milliseconds
Build info: version: '2.53.1', revision: 'a36b8b1cd5757287168e54b817830adce9b0158d', time: '2016-06-30 19:26:09'
System info: host: 'ICPL11541', ip: '10.11.31.182', os.name: 'Windows 8', os.arch: 'amd64', os.version: '6.2', java.version: '1.8.0_111'
Driver info: com.qmetry.qaf.automation.ui.webdriver.QAFExtendedWebDriver]]>
            </message>
            <full-stacktrace>
              <![CDATA[com.qmetry.qaf.automation.core.AutomationError: Timed out after 60 seconds: Unable to create driver instance in 7th attempt with retry timeout of 60 seconds. You can check/set value of 'driver.init.retry.timeout' appropriately to set retry timeout on driver initialization failure.
Failed to obtain device with options ' MobileDeviceFindOptions [_os=null, _osVersion=null, _manufacturer=null, _model=8B9C0353C6F2D5A6CDE34E5A4FFB33011BB6A5E5, _appName=MobileOS, _appVersion=, _resolution=null, _network=null, _location=null, _description=null, _deviceType=null, _operabilityScore=null]'. Message: Failed to execute command handset obtain: No device was found
Build info: version: '2.48.2', revision: '41bccdd10cf2c0560f637404c2d96164b67d9d67', time: '2015-10-09 13:08:06'
System info: host: 'be32ff49ce4f', ip: '172.18.0.4', os.name: 'Linux', os.arch: 'amd64', os.version: '4.4.0-47-generic', java.version: '1.8.0_102'
Driver info: driver.version: PerfectoMobileDriver
Command duration or timeout: 657 milliseconds
Build info: version: '2.53.1', revision: 'a36b8b1cd5757287168e54b817830adce9b0158d', time: '2016-06-30 19:26:09'
System info: host: 'ICPL11541', ip: '10.11.31.182', os.name: 'Windows 8', os.arch: 'amd64', os.version: '6.2', java.version: '1.8.0_111'
Driver info: com.qmetry.qaf.automation.ui.webdriver.QAFExtendedWebDriver
	at sun.reflect.GeneratedConstructorAccessor16.newInstance(Unknown Source)
	at sun.reflect.DelegatingConstructorAccessorImpl.newInstance(Unknown Source)
	at java.lang.reflect.Constructor.newInstance(Unknown Source)
	at org.openqa.selenium.remote.ErrorHandler.createThrowable(ErrorHandler.java:206)
	at org.openqa.selenium.remote.ErrorHandler.throwIfResponseFailed(ErrorHandler.java:158)
	at org.openqa.selenium.remote.RemoteWebDriver.execute(RemoteWebDriver.java:678)
	at com.qmetry.qaf.automation.ui.webdriver.QAFExtendedWebDriver.execute(QAFExtendedWebDriver.java:234)
	at org.openqa.selenium.remote.RemoteWebDriver.startSession(RemoteWebDriver.java:249)
	at org.openqa.selenium.remote.RemoteWebDriver.<init>(RemoteWebDriver.java:131)
	at org.openqa.selenium.remote.RemoteWebDriver.<init>(RemoteWebDriver.java:158)
	at com.qmetry.qaf.automation.ui.webdriver.QAFExtendedWebDriver.<init>(QAFExtendedWebDriver.java:93)
	at com.qmetry.qaf.automation.ui.UiDriverFactory$Browsers.getDriver(UiDriverFactory.java:441)
	at com.qmetry.qaf.automation.ui.UiDriverFactory$Browsers.access$3(UiDriverFactory.java:420)
	at com.qmetry.qaf.automation.ui.UiDriverFactory.getDriver(UiDriverFactory.java:233)
	at com.qmetry.qaf.automation.ui.UiDriverFactory.get(UiDriverFactory.java:94)
	at com.qmetry.qaf.automation.core.QAFTestBase$DriverInitExpectedCondition.apply(QAFTestBase.java:487)
	at com.qmetry.qaf.automation.core.QAFTestBase$DriverInitExpectedCondition.apply(QAFTestBase.java:1)
	at org.openqa.selenium.support.ui.FluentWait.until(FluentWait.java:238)
	at com.qmetry.qaf.automation.core.QAFTestBase.init(QAFTestBase.java:389)
	at com.qmetry.qaf.automation.core.QAFTestBase.getUiDriver(QAFTestBase.java:177)
	at com.qmetry.qaf.automation.ui.WebDriverTestBase.getDriver(WebDriverTestBase.java:47)
	at com.qmetry.qaf.automation.ui.WebDriverTestBase.getDriver(WebDriverTestBase.java:1)
	at com.qmetry.qaf.automation.ui.AbstractTestCase.getDriver(AbstractTestCase.java:78)
	at com.quantum.listerners.QuantumReportiumListener.createReportiumClient(QuantumReportiumListener.java:198)
	at com.quantum.listerners.QuantumReportiumListener.onTestStart(QuantumReportiumListener.java:76)
	at org.testng.internal.Invoker.runTestListeners(Invoker.java:1700)
	at org.testng.internal.Invoker.runTestListeners(Invoker.java:1675)
	at org.testng.internal.Invoker.invokeMethod(Invoker.java:619)
	at org.testng.internal.Invoker.invokeTestMethod(Invoker.java:820)
	at org.testng.internal.Invoker.invokeTestMethods(Invoker.java:1128)
	at org.testng.internal.TestMethodWorker.invokeTestMethods(TestMethodWorker.java:129)
	at org.testng.internal.TestMethodWorker.run(TestMethodWorker.java:112)
	at org.testng.TestRunner.privateRun(TestRunner.java:806)
	at org.testng.TestRunner.run(TestRunner.java:656)
	at org.testng.SuiteRunner.runTest(SuiteRunner.java:366)
	at org.testng.SuiteRunner.access$000(SuiteRunner.java:39)
	at org.testng.SuiteRunner$SuiteWorker.run(SuiteRunner.java:400)
	at org.testng.internal.thread.ThreadUtil$2.call(ThreadUtil.java:64)
	at java.util.concurrent.FutureTask.run(Unknown Source)
	at java.util.concurrent.ThreadPoolExecutor.runWorker(Unknown Source)
	at java.util.concurrent.ThreadPoolExecutor$Worker.run(Unknown Source)
	at java.lang.Thread.run(Unknown Source)
]]>
            </full-stacktrace>
          </exception> <!-- com.qmetry.qaf.automation.core.AutomationError -->
          <reporter-output>
            <line>
              <![CDATA[<div style="display:block;margin-left:10px;"></div>]]>
            </line>
            <line>
              <![CDATA[<div style="display:block;margin-left:10px;"></div>]]>
            </line>
          </reporter-output>
        </test-method> <!-- Search Keyword XML Data -->
        <test-method status="PASS" signature="afterMethod(org.testng.ITestContext, org.testng.ITestResult)[pri:0, instance:com.qmetry.qaf.automation.step.client.DataDrivenScenario@3ec]" test-instance-name="Search Keyword XML Data" name="afterMethod" is-config="true" duration-ms="0" started-at="2017-03-31T15:55:12Z" finished-at="2017-03-31T15:55:12Z">
          <params>
            <param index="0">
              <value>
                <![CDATA[org.testng.TestRunner@1f50edab]]>
              </value>
            </param>
            <param index="1">
              <value>
                <![CDATA[[TestResult name=Search Keyword XML Data status=SKIP method=src.main.resources.scenarios.webSearch.feature.Search Keyword XML Data( java.util.Map)[pri:1003, instance:com.qmetry.qaf.automation.step.client.DataDrivenScenario@3eb] output=<div style="display:block;margin-left:10px;"></div>]]]>
              </value>
            </param>
          </params>
          <reporter-output>
          </reporter-output>
        </test-method> <!-- afterMethod -->
        <test-method status="SKIP" signature="Search Keyword CSV Data( java.util.Map)[pri:1004, instance:com.qmetry.qaf.automation.step.client.DataDrivenScenario@3ec]" test-instance-name="Search Keyword CSV Data" name="Search Keyword CSV Data" duration-ms="64746" started-at="2017-03-31T15:55:12Z" data-provider="scenariodp" finished-at="2017-03-31T15:56:17Z">
          <params>
            <param index="0">
              <value>
                <![CDATA[{searchResult=Introducing Quantum Framework, searchKey=quantum perfecto}]]>
              </value>
            </param>
          </params>
          <exception class="com.qmetry.qaf.automation.core.AutomationError">
            <message>
              <![CDATA[Timed out after 60 seconds: Unable to create driver instance in 7th attempt with retry timeout of 60 seconds. You can check/set value of 'driver.init.retry.timeout' appropriately to set retry timeout on driver initialization failure.
Failed to obtain device with options ' MobileDeviceFindOptions [_os=null, _osVersion=null, _manufacturer=null, _model=8B9C0353C6F2D5A6CDE34E5A4FFB33011BB6A5E5, _appName=MobileOS, _appVersion=, _resolution=null, _network=null, _location=null, _description=null, _deviceType=null, _operabilityScore=null]'. Message: Failed to execute command handset obtain: No device was found
Build info: version: '2.48.2', revision: '41bccdd10cf2c0560f637404c2d96164b67d9d67', time: '2015-10-09 13:08:06'
System info: host: 'be32ff49ce4f', ip: '172.18.0.4', os.name: 'Linux', os.arch: 'amd64', os.version: '4.4.0-47-generic', java.version: '1.8.0_102'
Driver info: driver.version: PerfectoMobileDriver
Command duration or timeout: 672 milliseconds
Build info: version: '2.53.1', revision: 'a36b8b1cd5757287168e54b817830adce9b0158d', time: '2016-06-30 19:26:09'
System info: host: 'ICPL11541', ip: '10.11.31.182', os.name: 'Windows 8', os.arch: 'amd64', os.version: '6.2', java.version: '1.8.0_111'
Driver info: com.qmetry.qaf.automation.ui.webdriver.QAFExtendedWebDriver]]>
            </message>
            <full-stacktrace>
              <![CDATA[com.qmetry.qaf.automation.core.AutomationError: Timed out after 60 seconds: Unable to create driver instance in 7th attempt with retry timeout of 60 seconds. You can check/set value of 'driver.init.retry.timeout' appropriately to set retry timeout on driver initialization failure.
Failed to obtain device with options ' MobileDeviceFindOptions [_os=null, _osVersion=null, _manufacturer=null, _model=8B9C0353C6F2D5A6CDE34E5A4FFB33011BB6A5E5, _appName=MobileOS, _appVersion=, _resolution=null, _network=null, _location=null, _description=null, _deviceType=null, _operabilityScore=null]'. Message: Failed to execute command handset obtain: No device was found
Build info: version: '2.48.2', revision: '41bccdd10cf2c0560f637404c2d96164b67d9d67', time: '2015-10-09 13:08:06'
System info: host: 'be32ff49ce4f', ip: '172.18.0.4', os.name: 'Linux', os.arch: 'amd64', os.version: '4.4.0-47-generic', java.version: '1.8.0_102'
Driver info: driver.version: PerfectoMobileDriver
Command duration or timeout: 672 milliseconds
Build info: version: '2.53.1', revision: 'a36b8b1cd5757287168e54b817830adce9b0158d', time: '2016-06-30 19:26:09'
System info: host: 'ICPL11541', ip: '10.11.31.182', os.name: 'Windows 8', os.arch: 'amd64', os.version: '6.2', java.version: '1.8.0_111'
Driver info: com.qmetry.qaf.automation.ui.webdriver.QAFExtendedWebDriver
	at sun.reflect.GeneratedConstructorAccessor16.newInstance(Unknown Source)
	at sun.reflect.DelegatingConstructorAccessorImpl.newInstance(Unknown Source)
	at java.lang.reflect.Constructor.newInstance(Unknown Source)
	at org.openqa.selenium.remote.ErrorHandler.createThrowable(ErrorHandler.java:206)
	at org.openqa.selenium.remote.ErrorHandler.throwIfResponseFailed(ErrorHandler.java:158)
	at org.openqa.selenium.remote.RemoteWebDriver.execute(RemoteWebDriver.java:678)
	at com.qmetry.qaf.automation.ui.webdriver.QAFExtendedWebDriver.execute(QAFExtendedWebDriver.java:234)
	at org.openqa.selenium.remote.RemoteWebDriver.startSession(RemoteWebDriver.java:249)
	at org.openqa.selenium.remote.RemoteWebDriver.<init>(RemoteWebDriver.java:131)
	at org.openqa.selenium.remote.RemoteWebDriver.<init>(RemoteWebDriver.java:158)
	at com.qmetry.qaf.automation.ui.webdriver.QAFExtendedWebDriver.<init>(QAFExtendedWebDriver.java:93)
	at com.qmetry.qaf.automation.ui.UiDriverFactory$Browsers.getDriver(UiDriverFactory.java:441)
	at com.qmetry.qaf.automation.ui.UiDriverFactory$Browsers.access$3(UiDriverFactory.java:420)
	at com.qmetry.qaf.automation.ui.UiDriverFactory.getDriver(UiDriverFactory.java:233)
	at com.qmetry.qaf.automation.ui.UiDriverFactory.get(UiDriverFactory.java:94)
	at com.qmetry.qaf.automation.core.QAFTestBase$DriverInitExpectedCondition.apply(QAFTestBase.java:487)
	at com.qmetry.qaf.automation.core.QAFTestBase$DriverInitExpectedCondition.apply(QAFTestBase.java:1)
	at org.openqa.selenium.support.ui.FluentWait.until(FluentWait.java:238)
	at com.qmetry.qaf.automation.core.QAFTestBase.init(QAFTestBase.java:389)
	at com.qmetry.qaf.automation.core.QAFTestBase.getUiDriver(QAFTestBase.java:177)
	at com.qmetry.qaf.automation.ui.WebDriverTestBase.getDriver(WebDriverTestBase.java:47)
	at com.qmetry.qaf.automation.ui.WebDriverTestBase.getDriver(WebDriverTestBase.java:1)
	at com.qmetry.qaf.automation.ui.AbstractTestCase.getDriver(AbstractTestCase.java:78)
	at com.quantum.listerners.QuantumReportiumListener.createReportiumClient(QuantumReportiumListener.java:198)
	at com.quantum.listerners.QuantumReportiumListener.onTestStart(QuantumReportiumListener.java:76)
	at org.testng.internal.Invoker.runTestListeners(Invoker.java:1700)
	at org.testng.internal.Invoker.runTestListeners(Invoker.java:1675)
	at org.testng.internal.Invoker.invokeMethod(Invoker.java:619)
	at org.testng.internal.Invoker.invokeTestMethod(Invoker.java:820)
	at org.testng.internal.Invoker.invokeTestMethods(Invoker.java:1128)
	at org.testng.internal.TestMethodWorker.invokeTestMethods(TestMethodWorker.java:129)
	at org.testng.internal.TestMethodWorker.run(TestMethodWorker.java:112)
	at org.testng.TestRunner.privateRun(TestRunner.java:806)
	at org.testng.TestRunner.run(TestRunner.java:656)
	at org.testng.SuiteRunner.runTest(SuiteRunner.java:366)
	at org.testng.SuiteRunner.access$000(SuiteRunner.java:39)
	at org.testng.SuiteRunner$SuiteWorker.run(SuiteRunner.java:400)
	at org.testng.internal.thread.ThreadUtil$2.call(ThreadUtil.java:64)
	at java.util.concurrent.FutureTask.run(Unknown Source)
	at java.util.concurrent.ThreadPoolExecutor.runWorker(Unknown Source)
	at java.util.concurrent.ThreadPoolExecutor$Worker.run(Unknown Source)
	at java.lang.Thread.run(Unknown Source)
]]>
            </full-stacktrace>
          </exception> <!-- com.qmetry.qaf.automation.core.AutomationError -->
          <reporter-output>
            <line>
              <![CDATA[<div style="display:block;margin-left:10px;"></div>]]>
            </line>
            <line>
              <![CDATA[<div style="display:block;margin-left:10px;"></div>]]>
            </line>
          </reporter-output>
        </test-method> <!-- Search Keyword CSV Data -->
        <test-method status="PASS" signature="afterClass(org.testng.ITestContext)[pri:0, instance:com.qmetry.qaf.automation.step.client.DataDrivenScenario@3ec]" test-instance-name="Search Keyword XML Data" name="afterClass" is-config="true" duration-ms="0" started-at="2017-03-31T15:55:12Z" finished-at="2017-03-31T15:55:12Z">
          <params>
            <param index="0">
              <value>
                <![CDATA[org.testng.TestRunner@1f50edab]]>
              </value>
            </param>
          </params>
          <reporter-output>
          </reporter-output>
        </test-method> <!-- afterClass -->
        <test-method status="PASS" signature="setup(org.testng.ITestContext)[pri:0, instance:com.qmetry.qaf.automation.step.client.DataDrivenScenario@3ec]" test-instance-name="Search Keyword CSV Data" name="setup" is-config="true" duration-ms="0" started-at="2017-03-31T15:55:12Z" finished-at="2017-03-31T15:55:12Z">
          <params>
            <param index="0">
              <value>
                <![CDATA[org.testng.TestRunner@1f50edab]]>
              </value>
            </param>
          </params>
          <reporter-output>
          </reporter-output>
        </test-method> <!-- setup -->
        <test-method status="PASS" signature="setupMethod(java.lang.reflect.Method, org.testng.ITestContext)[pri:0, instance:com.qmetry.qaf.automation.step.client.DataDrivenScenario@3ec]" test-instance-name="Search Keyword CSV Data" name="setupMethod" is-config="true" duration-ms="0" started-at="2017-03-31T15:55:12Z" finished-at="2017-03-31T15:55:12Z">
          <params>
            <param index="0">
              <value>
                <![CDATA[public void com.qmetry.qaf.automation.step.client.DataDrivenScenario.scenario(java.util.Map)]]>
              </value>
            </param>
            <param index="1">
              <value>
                <![CDATA[org.testng.TestRunner@1f50edab]]>
              </value>
            </param>
          </params>
          <reporter-output>
          </reporter-output>
        </test-method> <!-- setupMethod -->
        <test-method status="PASS" signature="setupMethod(java.lang.reflect.Method, org.testng.ITestContext)[pri:0, instance:com.qmetry.qaf.automation.step.client.DataDrivenScenario@3ec]" test-instance-name="Search Keyword CSV Data" name="setupMethod" is-config="true" duration-ms="0" started-at="2017-03-31T15:56:17Z" finished-at="2017-03-31T15:56:17Z">
          <params>
            <param index="0">
              <value>
                <![CDATA[public void com.qmetry.qaf.automation.step.client.DataDrivenScenario.scenario(java.util.Map)]]>
              </value>
            </param>
            <param index="1">
              <value>
                <![CDATA[org.testng.TestRunner@1f50edab]]>
              </value>
            </param>
          </params>
          <reporter-output>
          </reporter-output>
        </test-method> <!-- setupMethod -->
        <test-method status="PASS" signature="afterMethod(org.testng.ITestContext, org.testng.ITestResult)[pri:0, instance:com.qmetry.qaf.automation.step.client.DataDrivenScenario@3ec]" test-instance-name="Search Keyword CSV Data" name="afterMethod" is-config="true" duration-ms="0" started-at="2017-03-31T15:56:17Z" finished-at="2017-03-31T15:56:17Z">
          <params>
            <param index="0">
              <value>
                <![CDATA[org.testng.TestRunner@1f50edab]]>
              </value>
            </param>
            <param index="1">
              <value>
                <![CDATA[[TestResult name=Search Keyword CSV Data status=SKIP method=src.main.resources.scenarios.webSearch.feature.Search Keyword CSV Data( java.util.Map)[pri:1004, instance:com.qmetry.qaf.automation.step.client.DataDrivenScenario@3ec] output=<div style="display:block;margin-left:10px;"></div>]]]>
              </value>
            </param>
          </params>
          <reporter-output>
          </reporter-output>
[...]
        <test-method status="PASS" signature="afterMethod(org.testng.ITestContext, org.testng.ITestResult)[pri:0, instance:com.qmetry.qaf.automation.step.client.DataDrivenScenario@3f1]" test-instance-name="Search Keyword XML Data" name="afterMethod" is-config="true" duration-ms="0" started-at="2017-03-31T15:55:12Z" finished-at="2017-03-31T15:55:12Z">
          <params>
            <param index="0">
              <value>
                <![CDATA[org.testng.TestRunner@58a9760d]]>
              </value>
            </param>
            <param index="1">
              <value>
                <![CDATA[[TestResult name=Search Keyword XML Data status=SKIP method=src.main.resources.scenarios.webSearch.feature.Search Keyword XML Data( java.util.Map)[pri:1008, instance:com.qmetry.qaf.automation.step.client.DataDrivenScenario@3f0] output=<div style="display:block;margin-left:10px;"></div>]]]>
              </value>
            </param>
          </params>
          <reporter-output>
          </reporter-output>
        </test-method> <!-- afterMethod -->
        <test-method status="SKIP" signature="Search Keyword CSV Data( java.util.Map)[pri:1009, instance:com.qmetry.qaf.automation.step.client.DataDrivenScenario@3f1]" test-instance-name="Search Keyword CSV Data" name="Search Keyword CSV Data" duration-ms="65706" started-at="2017-03-31T15:55:12Z" data-provider="scenariodp" finished-at="2017-03-31T15:56:17Z">
          <params>
            <param index="0">
              <value>
                <![CDATA[{searchResult=Introducing Quantum Framework, searchKey=quantum perfecto}]]>
              </value>
            </param>
          </params>
          <exception class="com.qmetry.qaf.automation.core.AutomationError">
            <message>
              <![CDATA[Timed out after 60 seconds: Unable to create driver instance in 7th attempt with retry timeout of 60 seconds. You can check/set value of 'driver.init.retry.timeout' appropriately to set retry timeout on driver initialization failure.
Failed to obtain device with options ' MobileDeviceFindOptions [_os=null, _osVersion=null, _manufacturer=null, _model=8B9C0353C6F2D5A6CDE34E5A4FFB33011BB6A5E5, _appName=MobileOS, _appVersion=, _resolution=null, _network=null, _location=null, _description=null, _deviceType=null, _operabilityScore=null]'. Message: Failed to execute command handset obtain: No device was found
Build info: version: '2.48.2', revision: '41bccdd10cf2c0560f637404c2d96164b67d9d67', time: '2015-10-09 13:08:06'
System info: host: 'be32ff49ce4f', ip: '172.18.0.4', os.name: 'Linux', os.arch: 'amd64', os.version: '4.4.0-47-generic', java.version: '1.8.0_102'
Driver info: driver.version: PerfectoMobileDriver
Command duration or timeout: 1.68 seconds
Build info: version: '2.53.1', revision: 'a36b8b1cd5757287168e54b817830adce9b0158d', time: '2016-06-30 19:26:09'
System info: host: 'ICPL11541', ip: '10.11.31.182', os.name: 'Windows 8', os.arch: 'amd64', os.version: '6.2', java.version: '1.8.0_111'
Driver info: com.qmetry.qaf.automation.ui.webdriver.QAFExtendedWebDriver]]>
            </message>
            <full-stacktrace>
              <![CDATA[com.qmetry.qaf.automation.core.AutomationError: Timed out after 60 seconds: Unable to create driver instance in 7th attempt with retry timeout of 60 seconds. You can check/set value of 'driver.init.retry.timeout' appropriately to set retry timeout on driver initialization failure.
Failed to obtain device with options ' MobileDeviceFindOptions [_os=null, _osVersion=null, _manufacturer=null, _model=8B9C0353C6F2D5A6CDE34E5A4FFB33011BB6A5E5, _appName=MobileOS, _appVersion=, _resolution=null, _network=null, _location=null, _description=null, _deviceType=null, _operabilityScore=null]'. Message: Failed to execute command handset obtain: No device was found
Build info: version: '2.48.2', revision: '41bccdd10cf2c0560f637404c2d96164b67d9d67', time: '2015-10-09 13:08:06'
System info: host: 'be32ff49ce4f', ip: '172.18.0.4', os.name: 'Linux', os.arch: 'amd64', os.version: '4.4.0-47-generic', java.version: '1.8.0_102'
Driver info: driver.version: PerfectoMobileDriver
Command duration or timeout: 1.68 seconds
Build info: version: '2.53.1', revision: 'a36b8b1cd5757287168e54b817830adce9b0158d', time: '2016-06-30 19:26:09'
System info: host: 'ICPL11541', ip: '10.11.31.182', os.name: 'Windows 8', os.arch: 'amd64', os.version: '6.2', java.version: '1.8.0_111'
Driver info: com.qmetry.qaf.automation.ui.webdriver.QAFExtendedWebDriver
	at sun.reflect.GeneratedConstructorAccessor16.newInstance(Unknown Source)
	at sun.reflect.DelegatingConstructorAccessorImpl.newInstance(Unknown Source)
	at java.lang.reflect.Constructor.newInstance(Unknown Source)
	at org.openqa.selenium.remote.ErrorHandler.createThrowable(ErrorHandler.java:206)
	at org.openqa.selenium.remote.ErrorHandler.throwIfResponseFailed(ErrorHandler.java:158)
	at org.openqa.selenium.remote.RemoteWebDriver.execute(RemoteWebDriver.java:678)
	at com.qmetry.qaf.automation.ui.webdriver.QAFExtendedWebDriver.execute(QAFExtendedWebDriver.java:234)
	at org.openqa.selenium.remote.RemoteWebDriver.startSession(RemoteWebDriver.java:249)
	at org.openqa.selenium.remote.RemoteWebDriver.<init>(RemoteWebDriver.java:131)
	at org.openqa.selenium.remote.RemoteWebDriver.<init>(RemoteWebDriver.java:158)
	at com.qmetry.qaf.automation.ui.webdriver.QAFExtendedWebDriver.<init>(QAFExtendedWebDriver.java:93)
	at com.qmetry.qaf.automation.ui.UiDriverFactory$Browsers.getDriver(UiDriverFactory.java:441)
	at com.qmetry.qaf.automation.ui.UiDriverFactory$Browsers.access$3(UiDriverFactory.java:420)
	at com.qmetry.qaf.automation.ui.UiDriverFactory.getDriver(UiDriverFactory.java:233)
	at com.qmetry.qaf.automation.ui.UiDriverFactory.get(UiDriverFactory.java:94)
	at com.qmetry.qaf.automation.core.QAFTestBase$DriverInitExpectedCondition.apply(QAFTestBase.java:487)
	at com.qmetry.qaf.automation.core.QAFTestBase$DriverInitExpectedCondition.apply(QAFTestBase.java:1)
	at org.openqa.selenium.support.ui.FluentWait.until(FluentWait.java:238)
	at com.qmetry.qaf.automation.core.QAFTestBase.init(QAFTestBase.java:389)
	at com.qmetry.qaf.automation.core.QAFTestBase.getUiDriver(QAFTestBase.java:177)
	at com.qmetry.qaf.automation.ui.WebDriverTestBase.getDriver(WebDriverTestBase.java:47)
	at com.qmetry.qaf.automation.ui.WebDriverTestBase.getDriver(WebDriverTestBase.java:1)
	at com.qmetry.qaf.automation.ui.AbstractTestCase.getDriver(AbstractTestCase.java:78)
	at com.quantum.listerners.QuantumReportiumListener.createReportiumClient(QuantumReportiumListener.java:198)
	at com.quantum.listerners.QuantumReportiumListener.onTestStart(QuantumReportiumListener.java:76)
	at org.testng.internal.Invoker.runTestListeners(Invoker.java:1700)
	at org.testng.internal.Invoker.runTestListeners(Invoker.java:1675)
	at org.testng.internal.Invoker.invokeMethod(Invoker.java:619)
	at org.testng.internal.Invoker.invokeTestMethod(Invoker.java:820)
	at org.testng.internal.Invoker.invokeTestMethods(Invoker.java:1128)
	at org.testng.internal.TestMethodWorker.invokeTestMethods(TestMethodWorker.java:129)
	at org.testng.internal.TestMethodWorker.run(TestMethodWorker.java:112)
	at org.testng.TestRunner.privateRun(TestRunner.java:806)
	at org.testng.TestRunner.run(TestRunner.java:656)
	at org.testng.SuiteRunner.runTest(SuiteRunner.java:366)
	at org.testng.SuiteRunner.access$000(SuiteRunner.java:39)
	at org.testng.SuiteRunner$SuiteWorker.run(SuiteRunner.java:400)
	at org.testng.internal.thread.ThreadUtil$2.call(ThreadUtil.java:64)
	at java.util.concurrent.FutureTask.run(Unknown Source)
	at java.util.concurrent.ThreadPoolExecutor.runWorker(Unknown Source)
	at java.util.concurrent.ThreadPoolExecutor$Worker.run(Unknown Source)
	at java.lang.Thread.run(Unknown Source)
]]>
            </full-stacktrace>
          </exception> <!-- com.qmetry.qaf.automation.core.AutomationError -->
          <reporter-output>
            <line>
              <![CDATA[<div style="display:block;margin-left:10px;"></div>]]>
            </line>
            <line>
              <![CDATA[<div style="display:block;margin-left:10px;"></div>]]>
            </line>
          </reporter-output>
        </test-method> <!-- Search Keyword CSV Data -->
        <test-method status="PASS" signature="setupMethod(java.lang.reflect.Method, org.testng.ITestContext)[pri:0, instance:com.qmetry.qaf.automation.step.client.DataDrivenScenario@3f1]" test-instance-name="Search Keyword CSV Data" name="setupMethod" is-config="true" duration-ms="0" started-at="2017-03-31T15:55:12Z" finished-at="2017-03-31T15:55:12Z">
          <params>
            <param index="0">
              <value>
                <![CDATA[public void com.qmetry.qaf.automation.step.client.DataDrivenScenario.scenario(java.util.Map)]]>
              </value>
            </param>
            <param index="1">
              <value>
                <![CDATA[org.testng.TestRunner@58a9760d]]>
              </value>
            </param>
          </params>
          <reporter-output>
          </reporter-output>
        </test-method> <!-- setupMethod -->
        <test-method status="PASS" signature="setupMethod(java.lang.reflect.Method, org.testng.ITestContext)[pri:0, instance:com.qmetry.qaf.automation.step.client.DataDrivenScenario@3f1]" test-instance-name="Search Keyword CSV Data" name="setupMethod" is-config="true" duration-ms="0" started-at="2017-03-31T15:56:17Z" finished-at="2017-03-31T15:56:17Z">
          <params>
            <param index="0">
              <value>
                <![CDATA[public void com.qmetry.qaf.automation.step.client.DataDrivenScenario.scenario(java.util.Map)]]>
              </value>
            </param>
            <param index="1">
              <value>
                <![CDATA[org.testng.TestRunner@58a9760d]]>
              </value>
            </param>
          </params>
          <reporter-output>
          </reporter-output>
        </test-method> <!-- setupMethod -->
        <test-method status="PASS" signature="afterMethod(org.testng.ITestContext, org.testng.ITestResult)[pri:0, instance:com.qmetry.qaf.automation.step.client.DataDrivenScenario@3f1]" test-instance-name="Search Keyword CSV Data" name="afterMethod" is-config="true" duration-ms="0" started-at="2017-03-31T15:56:17Z" finished-at="2017-03-31T15:56:17Z">
          <params>
            <param index="0">
              <value>
                <![CDATA[org.testng.TestRunner@58a9760d]]>
              </value>
            </param>
            <param index="1">
              <value>
                <![CDATA[[TestResult name=Search Keyword CSV Data status=SKIP method=src.main.resources.scenarios.webSearch.feature.Search Keyword CSV Data( java.util.Map)[pri:1009, instance:com.qmetry.qaf.automation.step.client.DataDrivenScenario@3f1] output=<div style="display:block;margin-left:10px;"></div>]]]>
              </value>
            </param>
          </params>
          <reporter-output>
          </reporter-output>
        </test-method> <!-- afterMethod -->
        <test-method status="SKIP" signature="Search Keyword CSV Data( java.util.Map)[pri:1009, instance:com.qmetry.qaf.automation.step.client.DataDrivenScenario@3f1]" test-instance-name="Search Keyword CSV Data" name="Search Keyword CSV Data" duration-ms="65798" started-at="2017-03-31T15:56:17Z" data-provider="scenariodp" finished-at="2017-03-31T15:57:23Z">
          <params>
            <param index="0">
              <value>
                <![CDATA[{searchResult=GitHub, searchKey=Project-Quantum Quantum-Starter-Kit }]]>
              </value>
            </param>
          </params>
          <exception class="com.qmetry.qaf.automation.core.AutomationError">
            <message>
              <![CDATA[Timed out after 60 seconds: Unable to create driver instance in 7th attempt with retry timeout of 60 seconds. You can check/set value of 'driver.init.retry.timeout' appropriately to set retry timeout on driver initialization failure.
Failed to obtain device with options ' MobileDeviceFindOptions [_os=null, _osVersion=null, _manufacturer=null, _model=8B9C0353C6F2D5A6CDE34E5A4FFB33011BB6A5E5, _appName=MobileOS, _appVersion=, _resolution=null, _network=null, _location=null, _description=null, _deviceType=null, _operabilityScore=null]'. Message: Failed to execute command handset obtain: No device was found
Build info: version: '2.48.2', revision: '41bccdd10cf2c0560f637404c2d96164b67d9d67', time: '2015-10-09 13:08:06'
System info: host: 'be32ff49ce4f', ip: '172.18.0.4', os.name: 'Linux', os.arch: 'amd64', os.version: '4.4.0-47-generic', java.version: '1.8.0_102'
Driver info: driver.version: PerfectoMobileDriver
Command duration or timeout: 688 milliseconds
Build info: version: '2.53.1', revision: 'a36b8b1cd5757287168e54b817830adce9b0158d', time: '2016-06-30 19:26:09'
System info: host: 'ICPL11541', ip: '10.11.31.182', os.name: 'Windows 8', os.arch: 'amd64', os.version: '6.2', java.version: '1.8.0_111'
Driver info: com.qmetry.qaf.automation.ui.webdriver.QAFExtendedWebDriver]]>
            </message>
            <full-stacktrace>
              <![CDATA[com.qmetry.qaf.automation.core.AutomationError: Timed out after 60 seconds: Unable to create driver instance in 7th attempt with retry timeout of 60 seconds. You can check/set value of 'driver.init.retry.timeout' appropriately to set retry timeout on driver initialization failure.
Failed to obtain device with options ' MobileDeviceFindOptions [_os=null, _osVersion=null, _manufacturer=null, _model=8B9C0353C6F2D5A6CDE34E5A4FFB33011BB6A5E5, _appName=MobileOS, _appVersion=, _resolution=null, _network=null, _location=null, _description=null, _deviceType=null, _operabilityScore=null]'. Message: Failed to execute command handset obtain: No device was found
Build info: version: '2.48.2', revision: '41bccdd10cf2c0560f637404c2d96164b67d9d67', time: '2015-10-09 13:08:06'
System info: host: 'be32ff49ce4f', ip: '172.18.0.4', os.name: 'Linux', os.arch: 'amd64', os.version: '4.4.0-47-generic', java.version: '1.8.0_102'
Driver info: driver.version: PerfectoMobileDriver
Command duration or timeout: 688 milliseconds
Build info: version: '2.53.1', revision: 'a36b8b1cd5757287168e54b817830adce9b0158d', time: '2016-06-30 19:26:09'
System info: host: 'ICPL11541', ip: '10.11.31.182', os.name: 'Windows 8', os.arch: 'amd64', os.version: '6.2', java.version: '1.8.0_111'
Driver info: com.qmetry.qaf.automation.ui.webdriver.QAFExtendedWebDriver
	at sun.reflect.GeneratedConstructorAccessor16.newInstance(Unknown Source)
	at sun.reflect.DelegatingConstructorAccessorImpl.newInstance(Unknown Source)
	at java.lang.reflect.Constructor.newInstance(Unknown Source)
	at org.openqa.selenium.remote.ErrorHandler.createThrowable(ErrorHandler.java:206)
	at org.openqa.selenium.remote.ErrorHandler.throwIfResponseFailed(ErrorHandler.java:158)
	at org.openqa.selenium.remote.RemoteWebDriver.execute(RemoteWebDriver.java:678)
	at com.qmetry.qaf.automation.ui.webdriver.QAFExtendedWebDriver.execute(QAFExtendedWebDriver.java:234)
	at org.openqa.selenium.remote.RemoteWebDriver.startSession(RemoteWebDriver.java:249)
	at org.openqa.selenium.remote.RemoteWebDriver.<init>(RemoteWebDriver.java:131)
	at org.openqa.selenium.remote.RemoteWebDriver.<init>(RemoteWebDriver.java:158)
	at com.qmetry.qaf.automation.ui.webdriver.QAFExtendedWebDriver.<init>(QAFExtendedWebDriver.java:93)
	at com.qmetry.qaf.automation.ui.UiDriverFactory$Browsers.getDriver(UiDriverFactory.java:441)
	at com.qmetry.qaf.automation.ui.UiDriverFactory$Browsers.access$3(UiDriverFactory.java:420)
	at com.qmetry.qaf.automation.ui.UiDriverFactory.getDriver(UiDriverFactory.java:233)
	at com.qmetry.qaf.automation.ui.UiDriverFactory.get(UiDriverFactory.java:94)
	at com.qmetry.qaf.automation.core.QAFTestBase$DriverInitExpectedCondition.apply(QAFTestBase.java:487)
	at com.qmetry.qaf.automation.core.QAFTestBase$DriverInitExpectedCondition.apply(QAFTestBase.java:1)
	at org.openqa.selenium.support.ui.FluentWait.until(FluentWait.java:238)
	at com.qmetry.qaf.automation.core.QAFTestBase.init(QAFTestBase.java:389)
	at com.qmetry.qaf.automation.core.QAFTestBase.getUiDriver(QAFTestBase.java:177)
	at com.qmetry.qaf.automation.ui.WebDriverTestBase.getDriver(WebDriverTestBase.java:47)
	at com.qmetry.qaf.automation.ui.WebDriverTestBase.getDriver(WebDriverTestBase.java:1)
	at com.qmetry.qaf.automation.ui.AbstractTestCase.getDriver(AbstractTestCase.java:78)
	at com.quantum.listerners.QuantumReportiumListener.createReportiumClient(QuantumReportiumListener.java:198)
	at com.quantum.listerners.QuantumReportiumListener.onTestStart(QuantumReportiumListener.java:76)
	at org.testng.internal.Invoker.runTestListeners(Invoker.java:1700)
	at org.testng.internal.Invoker.runTestListeners(Invoker.java:1675)
	at org.testng.internal.Invoker.invokeMethod(Invoker.java:619)
	at org.testng.internal.Invoker.invokeTestMethod(Invoker.java:820)
	at org.testng.internal.Invoker.invokeTestMethods(Invoker.java:1128)
	at org.testng.internal.TestMethodWorker.invokeTestMethods(TestMethodWorker.java:129)
	at org.testng.internal.TestMethodWorker.run(TestMethodWorker.java:112)
	at org.testng.TestRunner.privateRun(TestRunner.java:806)
	at org.testng.TestRunner.run(TestRunner.java:656)
	at org.testng.SuiteRunner.runTest(SuiteRunner.java:366)
	at org.testng.SuiteRunner.access$000(SuiteRunner.java:39)
	at org.testng.SuiteRunner$SuiteWorker.run(SuiteRunner.java:400)
	at org.testng.internal.thread.ThreadUtil$2.call(ThreadUtil.java:64)
	at java.util.concurrent.FutureTask.run(Unknown Source)
	at java.util.concurrent.ThreadPoolExecutor.runWorker(Unknown Source)
	at java.util.concurrent.ThreadPoolExecutor$Worker.run(Unknown Source)
	at java.lang.Thread.run(Unknown Source)
]]>
            </full-stacktrace>
          </exception> <!-- com.qmetry.qaf.automation.core.AutomationError -->
          <reporter-output>
            <line>
              <![CDATA[<div style="display:block;margin-left:10px;"></div>]]>
            </line>
            <line>
              <![CDATA[<div style="display:block;margin-left:10px;"></div>]]>
            </line>
          </reporter-output>
        </test-method> <!-- Search Keyword CSV Data -->
        <test-method status="PASS" signature="afterClass(org.testng.ITestContext)[pri:0, instance:com.qmetry.qaf.automation.step.client.DataDrivenScenario@3f1]" test-instance-name="Search Keyword CSV Data" name="afterClass" is-config="true" duration-ms="0" started-at="2017-03-31T15:57:23Z" finished-at="2017-03-31T15:57:23Z">
          <params>
            <param index="0">
              <value>
                <![CDATA[org.testng.TestRunner@58a9760d]]>
              </value>
            </param>
          </params>
          <reporter-output>
          </reporter-output>
        </test-method> <!-- afterClass -->
        <test-method status="PASS" signature="afterMethod(org.testng.ITestContext, org.testng.ITestResult)[pri:0, instance:com.qmetry.qaf.automation.step.client.DataDrivenScenario@3f1]" test-instance-name="Search Keyword CSV Data" name="afterMethod" is-config="true" duration-ms="0" started-at="2017-03-31T15:57:23Z" finished-at="2017-03-31T15:57:23Z">
          <params>
            <param index="0">
              <value>
                <![CDATA[org.testng.TestRunner@58a9760d]]>
              </value>
            </param>
            <param index="1">
              <value>
                <![CDATA[[TestResult name=Search Keyword CSV Data status=SKIP method=src.main.resources.scenarios.webSearch.feature.Search Keyword CSV Data( java.util.Map)[pri:1009, instance:com.qmetry.qaf.automation.step.client.DataDrivenScenario@3f1] output=<div style="display:block;margin-left:10px;"></div>]]]>
              </value>
            </param>
          </params>
          <reporter-output>
          </reporter-output>
        </test-method> <!-- afterMethod -->
      </class> <!-- com.qmetry.qaf.automation.step.client.DataDrivenScenario -->
    </test> <!-- Web Scenarios iOS Test -->
  </suite> <!-- Web Demo Suite -->
</testng-results>
