<?xml version="1.0" encoding="UTF-8"?>
<!-- Generated by org.testng.reporters.JUnitXMLReporter -->
<testsuite hostname="ICPL11541" name="Web Scenarios Android Test" tests="8" failures="0" timestamp="31 Mar 2017 10:27:22 GMT" time="521.717" errors="0">
  <testcase name="Search Quantum" time="66.956" classname="com.qmetry.qaf.automation.step.client.Scenario">
    <skipped/>
  </testcase> <!-- Search Quantum -->
  <testcase name="Search Quantum with results" time="64.894" classname="com.qmetry.qaf.automation.step.client.Scenario">
    <skipped/>
  </testcase> <!-- Search Quantum with results -->
  <testcase name="Search Keyword Inline Data" time="65.639" classname="com.qmetry.qaf.automation.step.client.DataDrivenScenario">
    <skipped/>
  </testcase> <!-- Search Keyword Inline Data -->
  <testcase name="Search Keyword Inline Data" time="64.8" classname="com.qmetry.qaf.automation.step.client.DataDrivenScenario">
    <skipped/>
  </testcase> <!-- Search Keyword Inline Data -->
  <testcase name="Search Keyword XML Data" time="64.857" classname="com.qmetry.qaf.automation.step.client.DataDrivenScenario">
    <skipped/>
  </testcase> <!-- Search Keyword XML Data -->
  <testcase name="Search Keyword XML Data" time="64.823" classname="com.qmetry.qaf.automation.step.client.DataDrivenScenario">
    <skipped/>
  </testcase> <!-- Search Keyword XML Data -->
  <testcase name="Search Keyword CSV Data" time="64.746" classname="com.qmetry.qaf.automation.step.client.DataDrivenScenario">
    <skipped/>
  </testcase> <!-- Search Keyword CSV Data -->
  <testcase name="Search Keyword CSV Data" time="64.772" classname="com.qmetry.qaf.automation.step.client.DataDrivenScenario">
    <skipped/>
  </testcase> <!-- Search Keyword CSV Data -->
</testsuite> <!-- Web Scenarios Android Test -->
