<?xml version="1.0" encoding="UTF-8"?>
<!-- Generated by org.testng.reporters.JUnitXMLReporter -->
<testsuite hostname="ICPL11541" name="Web Scenarios iOS Test" tests="8" failures="0" timestamp="31 Mar 2017 10:27:23 GMT" time="523.369" errors="0">
  <testcase name="Search Quantum" time="66.732" classname="com.qmetry.qaf.automation.step.client.Scenario">
    <skipped/>
  </testcase> <!-- Search Quantum -->
  <testcase name="Search Quantum with results" time="64.692" classname="com.qmetry.qaf.automation.step.client.Scenario">
    <skipped/>
  </testcase> <!-- Search Quantum with results -->
  <testcase name="Search Keyword Inline Data" time="64.81" classname="com.qmetry.qaf.automation.step.client.DataDrivenScenario">
    <skipped/>
  </testcase> <!-- Search Keyword Inline Data -->
  <testcase name="Search Keyword Inline Data" time="65.771" classname="com.qmetry.qaf.automation.step.client.DataDrivenScenario">
    <skipped/>
  </testcase> <!-- Search Keyword Inline Data -->
  <testcase name="Search Keyword XML Data" time="64.761" classname="com.qmetry.qaf.automation.step.client.DataDrivenScenario">
    <skipped/>
  </testcase> <!-- Search Keyword XML Data -->
  <testcase name="Search Keyword XML Data" time="64.713" classname="com.qmetry.qaf.automation.step.client.DataDrivenScenario">
    <skipped/>
  </testcase> <!-- Search Keyword XML Data -->
  <testcase name="Search Keyword CSV Data" time="65.706" classname="com.qmetry.qaf.automation.step.client.DataDrivenScenario">
    <skipped/>
  </testcase> <!-- Search Keyword CSV Data -->
  <testcase name="Search Keyword CSV Data" time="65.798" classname="com.qmetry.qaf.automation.step.client.DataDrivenScenario">
    <skipped/>
  </testcase> <!-- Search Keyword CSV Data -->
</testsuite> <!-- Web Scenarios iOS Test -->
